Log file open, 08/28/19 14:33:19
LogWindows: Failed to load 'aqProf.dll' (GetLastError=126)
LogWindows: File 'aqProf.dll' does not exist
LogWindows: Failed to load 'VtuneApi.dll' (GetLastError=126)
LogWindows: File 'VtuneApi.dll' does not exist
LogWindows: Failed to load 'VtuneApi32e.dll' (GetLastError=126)
LogWindows: File 'VtuneApi32e.dll' does not exist
LogConsoleResponse: Display: Failed to find resolution value strings in scalability ini. Falling back to default.
LogInit: Display: Running engine for game: FinalProject
LogPakFile: Registered encryption key '00000000000000000000000000000000': 0 pak files mounted, 0 remain pending
LogPlatformFile: Not using cached read wrapper
LogTaskGraph: Started task graph with 5 named threads and 23 total threads with 3 sets of task threads.
LogStats: Stats thread started at 0.259755
LogD3D11RHI: Loaded GFSDK_Aftermath_Lib.x64.dll
LogICUInternationalization: ICU TimeZone Detection - Raw Offset: -3:00, Platform Override: ''
LogPluginManager: Mounting plugin Paper2D
LogPluginManager: Mounting plugin AISupport
LogPluginManager: Mounting plugin LightPropagationVolume
LogPluginManager: Mounting plugin ActorLayerUtilities
LogPluginManager: Mounting plugin AnimationSharing
LogPluginManager: Mounting plugin CLionSourceCodeAccess
LogPluginManager: Mounting plugin CodeLiteSourceCodeAccess
LogPluginManager: Mounting plugin KDevelopSourceCodeAccess
LogPluginManager: Mounting plugin NullSourceCodeAccess
LogPluginManager: Mounting plugin PerforceSourceControl
LogPluginManager: Mounting plugin SubversionSourceControl
LogPluginManager: Mounting plugin UObjectPlugin
LogPluginManager: Mounting plugin VisualStudioCodeSourceCodeAccess
LogPluginManager: Mounting plugin VisualStudioSourceCodeAccess
LogPluginManager: Mounting plugin XCodeSourceCodeAccess
LogPluginManager: Mounting plugin AssetManagerEditor
LogPluginManager: Mounting plugin CryptoKeys
LogPluginManager: Mounting plugin DataValidation
LogPluginManager: Mounting plugin FacialAnimation
LogPluginManager: Mounting plugin GameplayTagsEditor
LogPluginManager: Mounting plugin MacGraphicsSwitching
LogPluginManager: Mounting plugin MaterialAnalyzer
LogPluginManager: Mounting plugin MobileLauncherProfileWizard
LogPluginManager: Mounting plugin PluginBrowser
LogPluginManager: Mounting plugin SpeedTreeImporter
LogPluginManager: Mounting plugin DatasmithContent
LogPluginManager: Mounting plugin VariantManagerContent
LogPluginManager: Mounting plugin AlembicImporter
LogPluginManager: Mounting plugin AppleImageUtils
LogPluginManager: Mounting plugin AppleVision
LogPluginManager: Mounting plugin BackChannel
LogPluginManager: Mounting plugin CharacterAI
LogPluginManager: Mounting plugin GeometryCache
LogPluginManager: Mounting plugin HTML5Networking
LogPluginManager: Mounting plugin ProxyLODPlugin
LogPluginManager: Mounting plugin SkeletalReduction
LogPluginManager: Mounting plugin MagicLeap
LogPluginManager: Mounting plugin MagicLeapMedia
LogPluginManager: Mounting plugin AndroidMedia
LogPluginManager: Mounting plugin AvfMedia
LogPluginManager: Mounting plugin ImgMedia
LogPluginManager: Mounting plugin LinearTimecode
LogPluginManager: Mounting plugin MediaCompositing
LogPluginManager: Mounting plugin MediaPlayerEditor
LogPluginManager: Mounting plugin WebMMedia
LogPluginManager: Mounting plugin WmfMedia
LogPluginManager: Mounting plugin TcpMessaging
LogPluginManager: Mounting plugin UdpMessaging
LogPluginManager: Mounting plugin ActorSequence
LogPluginManager: Mounting plugin LevelSequenceEditor
LogPluginManager: Mounting plugin MatineeToLevelSequence
LogPluginManager: Mounting plugin NetcodeUnitTest
LogPluginManager: Mounting plugin NUTUnrealEngine4
LogPluginManager: Mounting plugin OnlineSubsystemGooglePlay
LogPluginManager: Mounting plugin OnlineSubsystemIOS
LogPluginManager: Mounting plugin OnlineSubsystem
LogPluginManager: Mounting plugin OnlineSubsystemNull
LogPluginManager: Mounting plugin OnlineSubsystemUtils
LogPluginManager: Mounting plugin LauncherChunkInstaller
LogPluginManager: Mounting plugin AndroidDeviceProfileSelector
LogPluginManager: Mounting plugin AndroidMoviePlayer
LogPluginManager: Mounting plugin AndroidPermission
LogPluginManager: Mounting plugin AppleMoviePlayer
LogPluginManager: Mounting plugin ArchVisCharacter
LogPluginManager: Mounting plugin AudioCapture
LogPluginManager: Mounting plugin CableComponent
LogPluginManager: Mounting plugin CustomMeshComponent
LogPluginManager: Mounting plugin EditableMesh
LogPluginManager: Mounting plugin ExampleDeviceProfileSelector
LogPluginManager: Mounting plugin Firebase
LogPluginManager: Mounting plugin GoogleCloudMessaging
LogPluginManager: Mounting plugin IOSDeviceProfileSelector
LogPluginManager: Mounting plugin LinuxDeviceProfileSelector
LogPluginManager: Mounting plugin LocationServicesBPLibrary
LogPluginManager: Mounting plugin MobilePatchingUtils
LogPluginManager: Mounting plugin OculusVR
LogPluginManager: Mounting plugin PhysXVehicles
LogPluginManager: Mounting plugin ProceduralMeshComponent
LogPluginManager: Mounting plugin RuntimePhysXCooking
LogPluginManager: Mounting plugin SignificanceManager
LogPluginManager: Mounting plugin SteamVR
LogPluginManager: Mounting plugin WebMMoviePlayer
LogPluginManager: Mounting plugin WindowsMoviePlayer
LogInit: Using libcurl 7.55.1-DEV
LogInit:  - built for x86_64-pc-win32
LogInit:  - supports SSL with OpenSSL/1.1.1
LogInit:  - supports HTTP deflate (compression) using libz 1.2.8
LogInit:  - other features:
LogInit:      CURL_VERSION_SSL
LogInit:      CURL_VERSION_LIBZ
LogInit:      CURL_VERSION_IPV6
LogInit:      CURL_VERSION_ASYNCHDNS
LogInit:      CURL_VERSION_LARGEFILE
LogInit:      CURL_VERSION_IDN
LogInit:  CurlRequestOptions (configurable via config and command line):
LogInit:  - bVerifyPeer = true  - Libcurl will verify peer certificate
LogInit:  - bUseHttpProxy = false  - Libcurl will NOT use HTTP proxy
LogInit:  - bDontReuseConnections = false  - Libcurl will reuse connections
LogInit:  - MaxHostConnections = 16  - Libcurl will limit the number of connections to a host
LogInit:  - LocalHostAddr = Default
LogInit:  - BufferSize = 65536
LogInit: WinSock: version 1.1 (2.2), MaxSocks=32767, MaxUdp=65467
LogInit: Build: ++UE4+Release-4.22-CL-7053642
LogInit: Engine Version: 4.22.3-7053642+++UE4+Release-4.22
LogInit: Compatible Engine Version: 4.22.0-5660361+++UE4+Release-4.22
LogInit: Net CL: 5660361
LogInit: OS: Windows 10 (Release 1903) (), CPU: Intel(R) Core(TM) i7-7700K CPU @ 4.20GHz, GPU: NVIDIA GeForce RTX 2060
LogInit: Compiled (64-bit): Jun 18 2019 03:09:11
LogInit: Compiled with Visual C++: 19.16.27025.01
LogInit: Build Configuration: Development
LogInit: Branch Name: ++UE4+Release-4.22
LogInit: Command Line:  /Game/ThirdPersonBP/Maps/Default -game -PIEVIACONSOLE -ResX=1280 -ResY=720 -Multiprocess -messaging -SessionName="Play in Standalone Game" -nosound -windowed
LogInit: Base Directory: C:/Program Files/Epic Games/UE_4.22/Engine/Binaries/Win64/
LogInit: Installed Engine Build: 1
LogDevObjectVersion: Number of dev versions registered: 23
LogDevObjectVersion:   Dev-Blueprints (B0D832E4-1F89-4F0D-ACCF-7EB736FD4AA2): 10
LogDevObjectVersion:   Dev-Build (E1C64328-A22C-4D53-A36C-8E866417BD8C): 0
LogDevObjectVersion:   Dev-Core (375EC13C-06E4-48FB-B500-84F0262A717E): 3
LogDevObjectVersion:   Dev-Editor (E4B068ED-F494-42E9-A231-DA0B2E46BB41): 30
LogDevObjectVersion:   Dev-Framework (CFFC743F-43B0-4480-9391-14DF171D2073): 35
LogDevObjectVersion:   Dev-Mobile (B02B49B5-BB20-44E9-A304-32B752E40360): 2
LogDevObjectVersion:   Dev-Networking (A4E4105C-59A1-49B5-A7C5-40C4547EDFEE): 0
LogDevObjectVersion:   Dev-Online (39C831C9-5AE6-47DC-9A44-9C173E1C8E7C): 0
LogDevObjectVersion:   Dev-Physics (78F01B33-EBEA-4F98-B9B4-84EACCB95AA2): 0
LogDevObjectVersion:   Dev-Platform (6631380F-2D4D-43E0-8009-CF276956A95A): 0
LogDevObjectVersion:   Dev-Rendering (12F88B9F-8875-4AFC-A67C-D90C383ABD29): 28
LogDevObjectVersion:   Dev-Sequencer (7B5AE74C-D270-4C10-A958-57980B212A5A): 11
LogDevObjectVersion:   Dev-VR (D7296918-1DD6-4BDD-9DE2-64A83CC13884): 2
LogDevObjectVersion:   Dev-LoadTimes (C2A15278-BFE7-4AFE-6C17-90FF531DF755): 1
LogDevObjectVersion:   Private-Geometry (6EACA3D4-40EC-4CC1-B786-8BED09428FC5): 3
LogDevObjectVersion:   Dev-AnimPhys (29E575DD-E0A3-4627-9D10-D276232CDCEA): 17
LogDevObjectVersion:   Dev-Anim (AF43A65D-7FD3-4947-9873-3E8ED9C1BB05): 2
LogDevObjectVersion:   Dev-ReflectionCapture (6B266CEC-1EC7-4B8F-A30B-E4D90942FC07): 1
LogDevObjectVersion:   Dev-Automation (0DF73D61-A23F-47EA-B727-89E90C41499A): 1
LogDevObjectVersion:   FortniteMain (601D1886-AC64-4F84-AA16-D3DE0DEAC7D6): 25
LogDevObjectVersion:   Dev-Enterprise (9DFFBCD6-494F-0158-E221-12823C92A888): 6
LogDevObjectVersion:   Dev-Niagara (F2AED0AC-9AFE-416F-8664-AA7FFA26D6FC): 1
LogDevObjectVersion:   Dev-Destruction (174F1F0B-B4C6-45A5-B13F-2EE8D0FB917D): 2
LogInit: Presizing for max 16777216 objects, including 0 objects not considered by GC, pre-allocating 0 bytes for permanent pool.
LogInit: Object subsystem initialized
LogConfig: Setting CVar [[con.DebugEarlyDefault:1]]
LogConfig: Setting CVar [[r.setres:1280x720]]
[2019.08.28-17.33.19:413][  0]LogConfig: Setting CVar [[con.DebugEarlyDefault:1]]
[2019.08.28-17.33.19:413][  0]LogConfig: Setting CVar [[r.setres:1280x720]]
[2019.08.28-17.33.19:413][  0]LogConfig: Applying CVar settings from Section [/Script/Engine.RendererSettings] File [C:/Users/Olymp/Desktop/7003E-Saga/FinalProject/Saved/Config/Windows/Engine.ini]
[2019.08.28-17.33.19:413][  0]LogConfig: Setting CVar [[r.GPUCrashDebugging:0]]
[2019.08.28-17.33.19:413][  0]LogConfig: Applying CVar settings from Section [/Script/Engine.RendererOverrideSettings] File [C:/Users/Olymp/Desktop/7003E-Saga/FinalProject/Saved/Config/Windows/Engine.ini]
[2019.08.28-17.33.19:413][  0]LogConfig: Applying CVar settings from Section [/Script/Engine.StreamingSettings] File [C:/Users/Olymp/Desktop/7003E-Saga/FinalProject/Saved/Config/Windows/Engine.ini]
[2019.08.28-17.33.19:413][  0]LogConfig: Setting CVar [[s.MinBulkDataSizeForAsyncLoading:131072]]
[2019.08.28-17.33.19:413][  0]LogConfig: Setting CVar [[s.AsyncLoadingThreadEnabled:0]]
[2019.08.28-17.33.19:413][  0]LogConfig: Setting CVar [[s.EventDrivenLoaderEnabled:1]]
[2019.08.28-17.33.19:413][  0]LogConfig: Setting CVar [[s.WarnIfTimeLimitExceeded:0]]
[2019.08.28-17.33.19:413][  0]LogConfig: Setting CVar [[s.TimeLimitExceededMultiplier:1.5]]
[2019.08.28-17.33.19:413][  0]LogConfig: Setting CVar [[s.TimeLimitExceededMinTime:0.005]]
[2019.08.28-17.33.19:413][  0]LogConfig: Setting CVar [[s.UseBackgroundLevelStreaming:1]]
[2019.08.28-17.33.19:413][  0]LogConfig: Setting CVar [[s.PriorityAsyncLoadingExtraTime:15.0]]
[2019.08.28-17.33.19:413][  0]LogConfig: Setting CVar [[s.LevelStreamingActorsUpdateTimeLimit:5.0]]
[2019.08.28-17.33.19:413][  0]LogConfig: Setting CVar [[s.PriorityLevelStreamingActorsUpdateExtraTime:5.0]]
[2019.08.28-17.33.19:413][  0]LogConfig: Setting CVar [[s.LevelStreamingComponentsRegistrationGranularity:10]]
[2019.08.28-17.33.19:413][  0]LogConfig: Setting CVar [[s.UnregisterComponentsTimeLimit:1.0]]
[2019.08.28-17.33.19:413][  0]LogConfig: Setting CVar [[s.LevelStreamingComponentsUnregistrationGranularity:5]]
[2019.08.28-17.33.19:413][  0]LogConfig: Applying CVar settings from Section [/Script/Engine.GarbageCollectionSettings] File [C:/Users/Olymp/Desktop/7003E-Saga/FinalProject/Saved/Config/Windows/Engine.ini]
[2019.08.28-17.33.19:413][  0]LogConfig: Setting CVar [[gc.MaxObjectsNotConsideredByGC:1]]
[2019.08.28-17.33.19:413][  0]LogConfig: Setting CVar [[gc.SizeOfPermanentObjectPool:0]]
[2019.08.28-17.33.19:413][  0]LogConfig: Setting CVar [[gc.FlushStreamingOnGC:0]]
[2019.08.28-17.33.19:413][  0]LogConfig: Setting CVar [[gc.NumRetriesBeforeForcingGC:10]]
[2019.08.28-17.33.19:413][  0]LogConfig: Setting CVar [[gc.AllowParallelGC:1]]
[2019.08.28-17.33.19:413][  0]LogConfig: Setting CVar [[gc.TimeBetweenPurgingPendingKillObjects:61.1]]
[2019.08.28-17.33.19:413][  0]LogConfig: Setting CVar [[gc.MaxObjectsInEditor:16777216]]
[2019.08.28-17.33.19:413][  0]LogConfig: Setting CVar [[gc.IncrementalBeginDestroyEnabled:1]]
[2019.08.28-17.33.19:414][  0]LogConfig: Setting CVar [[gc.CreateGCClusters:1]]
[2019.08.28-17.33.19:414][  0]LogConfig: Setting CVar [[gc.MinGCClusterSize:5]]
[2019.08.28-17.33.19:414][  0]LogConfig: Setting CVar [[gc.ActorClusteringEnabled:0]]
[2019.08.28-17.33.19:414][  0]LogConfig: Setting CVar [[gc.BlueprintClusteringEnabled:0]]
[2019.08.28-17.33.19:414][  0]LogConfig: Setting CVar [[gc.UseDisregardForGCOnDedicatedServers:0]]
[2019.08.28-17.33.19:414][  0]LogConfig: Applying CVar settings from Section [/Script/Engine.NetworkSettings] File [C:/Users/Olymp/Desktop/7003E-Saga/FinalProject/Saved/Config/Windows/Engine.ini]
[2019.08.28-17.33.19:414][  0]LogConfig: Applying CVar settings from Section [/Script/UnrealEd.CookerSettings] File [C:/Users/Olymp/Desktop/7003E-Saga/FinalProject/Saved/Config/Windows/Engine.ini]
[2019.08.28-17.33.19:416][  0]LogConfig: Applying CVar settings from Section [ViewDistanceQuality@3] File [C:/Users/Olymp/Desktop/7003E-Saga/FinalProject/Saved/Config/Windows/Scalability.ini]
[2019.08.28-17.33.19:416][  0]LogConfig: Setting CVar [[r.SkeletalMeshLODBias:0]]
[2019.08.28-17.33.19:416][  0]LogConfig: Setting CVar [[r.ViewDistanceScale:1.0]]
[2019.08.28-17.33.19:416][  0]LogConfig: Applying CVar settings from Section [AntiAliasingQuality@3] File [C:/Users/Olymp/Desktop/7003E-Saga/FinalProject/Saved/Config/Windows/Scalability.ini]
[2019.08.28-17.33.19:416][  0]LogConfig: Setting CVar [[r.PostProcessAAQuality:4]]
[2019.08.28-17.33.19:416][  0]LogConfig: Applying CVar settings from Section [ShadowQuality@3] File [C:/Users/Olymp/Desktop/7003E-Saga/FinalProject/Saved/Config/Windows/Scalability.ini]
[2019.08.28-17.33.19:416][  0]LogConfig: Setting CVar [[r.LightFunctionQuality:1]]
[2019.08.28-17.33.19:416][  0]LogConfig: Setting CVar [[r.ShadowQuality:5]]
[2019.08.28-17.33.19:416][  0]LogConfig: Setting CVar [[r.Shadow.CSM.MaxCascades:10]]
[2019.08.28-17.33.19:416][  0]LogConfig: Setting CVar [[r.Shadow.MaxResolution:2048]]
[2019.08.28-17.33.19:416][  0]LogConfig: Setting CVar [[r.Shadow.MaxCSMResolution:2048]]
[2019.08.28-17.33.19:416][  0]LogConfig: Setting CVar [[r.Shadow.RadiusThreshold:0.01]]
[2019.08.28-17.33.19:416][  0]LogConfig: Setting CVar [[r.Shadow.DistanceScale:1.0]]
[2019.08.28-17.33.19:416][  0]LogConfig: Setting CVar [[r.Shadow.CSM.TransitionScale:1.0]]
[2019.08.28-17.33.19:416][  0]LogConfig: Setting CVar [[r.Shadow.PreShadowResolutionFactor:1.0]]
[2019.08.28-17.33.19:416][  0]LogConfig: Setting CVar [[r.DistanceFieldShadowing:1]]
[2019.08.28-17.33.19:416][  0]LogConfig: Setting CVar [[r.DistanceFieldAO:1]]
[2019.08.28-17.33.19:416][  0]LogConfig: Setting CVar [[r.AOQuality:2]]
[2019.08.28-17.33.19:416][  0]LogConfig: Setting CVar [[r.VolumetricFog:1]]
[2019.08.28-17.33.19:416][  0]LogConfig: Setting CVar [[r.VolumetricFog.GridPixelSize:8]]
[2019.08.28-17.33.19:416][  0]LogConfig: Setting CVar [[r.VolumetricFog.GridSizeZ:128]]
[2019.08.28-17.33.19:416][  0]LogConfig: Setting CVar [[r.VolumetricFog.HistoryMissSupersampleCount:4]]
[2019.08.28-17.33.19:416][  0]LogConfig: Setting CVar [[r.LightMaxDrawDistanceScale:1]]
[2019.08.28-17.33.19:416][  0]LogConfig: Setting CVar [[r.CapsuleShadows:1]]
[2019.08.28-17.33.19:416][  0]LogConfig: Applying CVar settings from Section [PostProcessQuality@3] File [C:/Users/Olymp/Desktop/7003E-Saga/FinalProject/Saved/Config/Windows/Scalability.ini]
[2019.08.28-17.33.19:416][  0]LogConfig: Setting CVar [[r.MotionBlurQuality:4]]
[2019.08.28-17.33.19:416][  0]LogConfig: Setting CVar [[r.AmbientOcclusionMipLevelFactor:0.4]]
[2019.08.28-17.33.19:416][  0]LogConfig: Setting CVar [[r.AmbientOcclusionMaxQuality:100]]
[2019.08.28-17.33.19:416][  0]LogConfig: Setting CVar [[r.AmbientOcclusionLevels:-1]]
[2019.08.28-17.33.19:416][  0]LogConfig: Setting CVar [[r.AmbientOcclusionRadiusScale:1.0]]
[2019.08.28-17.33.19:416][  0]LogConfig: Setting CVar [[r.DepthOfFieldQuality:2]]
[2019.08.28-17.33.19:416][  0]LogConfig: Setting CVar [[r.RenderTargetPoolMin:400]]
[2019.08.28-17.33.19:416][  0]LogConfig: Setting CVar [[r.LensFlareQuality:2]]
[2019.08.28-17.33.19:416][  0]LogConfig: Setting CVar [[r.SceneColorFringeQuality:1]]
[2019.08.28-17.33.19:416][  0]LogConfig: Setting CVar [[r.EyeAdaptationQuality:2]]
[2019.08.28-17.33.19:416][  0]LogConfig: Setting CVar [[r.BloomQuality:5]]
[2019.08.28-17.33.19:416][  0]LogConfig: Setting CVar [[r.FastBlurThreshold:100]]
[2019.08.28-17.33.19:416][  0]LogConfig: Setting CVar [[r.Upscale.Quality:3]]
[2019.08.28-17.33.19:416][  0]LogConfig: Setting CVar [[r.Tonemapper.GrainQuantization:1]]
[2019.08.28-17.33.19:416][  0]LogConfig: Setting CVar [[r.LightShaftQuality:1]]
[2019.08.28-17.33.19:416][  0]LogConfig: Setting CVar [[r.Filter.SizeScale:1]]
[2019.08.28-17.33.19:416][  0]LogConfig: Setting CVar [[r.Tonemapper.Quality:5]]
[2019.08.28-17.33.19:416][  0]LogConfig: Setting CVar [[r.DOF.Gather.AccumulatorQuality:1        ; higher gathering accumulator quality]]
[2019.08.28-17.33.19:416][  0]LogConfig: Setting CVar [[r.DOF.Gather.PostfilterMethod:1          ; Median3x3 postfilering method]]
[2019.08.28-17.33.19:416][  0]LogConfig: Setting CVar [[r.DOF.Gather.EnableBokehSettings:0       ; no bokeh simulation when gathering]]
[2019.08.28-17.33.19:416][  0]LogConfig: Setting CVar [[r.DOF.Gather.RingCount:4                 ; medium number of samples when gathering]]
[2019.08.28-17.33.19:416][  0]LogConfig: Setting CVar [[r.DOF.Scatter.ForegroundCompositing:1    ; additive foreground scattering]]
[2019.08.28-17.33.19:416][  0]LogConfig: Setting CVar [[r.DOF.Scatter.BackgroundCompositing:2    ; additive background scattering]]
[2019.08.28-17.33.19:417][  0]LogConfig: Setting CVar [[r.DOF.Scatter.EnableBokehSettings:1      ; bokeh simulation when scattering]]
[2019.08.28-17.33.19:417][  0]LogConfig: Setting CVar [[r.DOF.Scatter.MaxSpriteRatio:0.1         ; only a maximum of 10% of scattered bokeh]]
[2019.08.28-17.33.19:417][  0]LogConfig: Setting CVar [[r.DOF.Recombine.Quality:1                ; cheap slight out of focus]]
[2019.08.28-17.33.19:417][  0]LogConfig: Setting CVar [[r.DOF.Recombine.EnableBokehSettings:0    ; no bokeh simulation on slight out of focus]]
[2019.08.28-17.33.19:417][  0]LogConfig: Setting CVar [[r.DOF.TemporalAAQuality:1                ; more stable temporal accumulation]]
[2019.08.28-17.33.19:417][  0]LogConfig: Setting CVar [[r.DOF.Kernel.MaxForegroundRadius:0.025]]
[2019.08.28-17.33.19:417][  0]LogConfig: Setting CVar [[r.DOF.Kernel.MaxBackgroundRadius:0.025]]
[2019.08.28-17.33.19:417][  0]LogConfig: Applying CVar settings from Section [TextureQuality@3] File [C:/Users/Olymp/Desktop/7003E-Saga/FinalProject/Saved/Config/Windows/Scalability.ini]
[2019.08.28-17.33.19:417][  0]LogConfig: Setting CVar [[r.Streaming.MipBias:0]]
[2019.08.28-17.33.19:417][  0]LogConfig: Setting CVar [[r.Streaming.AmortizeCPUToGPUCopy:0]]
[2019.08.28-17.33.19:417][  0]LogConfig: Setting CVar [[r.Streaming.MaxNumTexturesToStreamPerFrame:0]]
[2019.08.28-17.33.19:417][  0]LogConfig: Setting CVar [[r.Streaming.Boost:1]]
[2019.08.28-17.33.19:417][  0]LogConfig: Setting CVar [[r.MaxAnisotropy:8]]
[2019.08.28-17.33.19:417][  0]LogConfig: Setting CVar [[r.Streaming.LimitPoolSizeToVRAM:0]]
[2019.08.28-17.33.19:417][  0]LogConfig: Setting CVar [[r.Streaming.PoolSize:1000]]
[2019.08.28-17.33.19:417][  0]LogConfig: Setting CVar [[r.Streaming.MaxEffectiveScreenSize:0]]
[2019.08.28-17.33.19:417][  0]LogConfig: Applying CVar settings from Section [EffectsQuality@3] File [C:/Users/Olymp/Desktop/7003E-Saga/FinalProject/Saved/Config/Windows/Scalability.ini]
[2019.08.28-17.33.19:417][  0]LogConfig: Setting CVar [[r.TranslucencyLightingVolumeDim:64]]
[2019.08.28-17.33.19:417][  0]LogConfig: Setting CVar [[r.RefractionQuality:2]]
[2019.08.28-17.33.19:417][  0]LogConfig: Setting CVar [[r.SSR.Quality:3]]
[2019.08.28-17.33.19:417][  0]LogConfig: Setting CVar [[r.SceneColorFormat:4]]
[2019.08.28-17.33.19:417][  0]LogConfig: Setting CVar [[r.DetailMode:2]]
[2019.08.28-17.33.19:417][  0]LogConfig: Setting CVar [[r.TranslucencyVolumeBlur:1]]
[2019.08.28-17.33.19:417][  0]LogConfig: Setting CVar [[r.MaterialQualityLevel:1 ; High quality]]
[2019.08.28-17.33.19:417][  0]LogConfig: Setting CVar [[r.SSS.Scale:1]]
[2019.08.28-17.33.19:417][  0]LogConfig: Setting CVar [[r.SSS.SampleSet:2]]
[2019.08.28-17.33.19:417][  0]LogConfig: Setting CVar [[r.SSS.Quality:1]]
[2019.08.28-17.33.19:417][  0]LogConfig: Setting CVar [[r.SSS.HalfRes:1]]
[2019.08.28-17.33.19:417][  0]LogConfig: Setting CVar [[r.EmitterSpawnRateScale:1.0]]
[2019.08.28-17.33.19:417][  0]LogConfig: Setting CVar [[r.ParticleLightQuality:2]]
[2019.08.28-17.33.19:417][  0]LogConfig: Applying CVar settings from Section [FoliageQuality@3] File [C:/Users/Olymp/Desktop/7003E-Saga/FinalProject/Saved/Config/Windows/Scalability.ini]
[2019.08.28-17.33.19:417][  0]LogConfig: Setting CVar [[foliage.DensityScale:1.0]]
[2019.08.28-17.33.19:417][  0]LogConfig: Setting CVar [[grass.DensityScale:1.0]]
[2019.08.28-17.33.19:417][  0]LogInit: Selected Device Profile: [Windows]
[2019.08.28-17.33.19:417][  0]LogInit: Applying CVar settings loaded from the selected device profile: [Windows]
[2019.08.28-17.33.19:420][  0]LogHAL: Display: Platform has ~ 16 GB [17133768704 / 17179869184 / 16], which maps to Larger [LargestMinGB=32, LargerMinGB=12, DefaultMinGB=8, SmallerMinGB=6, SmallestMinGB=0)
[2019.08.28-17.33.19:420][  0]LogConfig: Setting CVar [[r.Vulkan.UseRealUBs:0		; Required until we fix HLR fall-out]]
[2019.08.28-17.33.19:420][  0]LogInit: Going up to parent DeviceProfile []
[2019.08.28-17.33.19:420][  0]LogConfig: Applying CVar settings from Section [ViewDistanceQuality@3] File [C:/Users/Olymp/Desktop/7003E-Saga/FinalProject/Saved/Config/Windows/Scalability.ini]
[2019.08.28-17.33.19:420][  0]LogConfig: Setting CVar [[r.SkeletalMeshLODBias:0]]
[2019.08.28-17.33.19:420][  0]LogConfig: Setting CVar [[r.ViewDistanceScale:1.0]]
[2019.08.28-17.33.19:420][  0]LogConfig: Applying CVar settings from Section [AntiAliasingQuality@3] File [C:/Users/Olymp/Desktop/7003E-Saga/FinalProject/Saved/Config/Windows/Scalability.ini]
[2019.08.28-17.33.19:420][  0]LogConfig: Setting CVar [[r.PostProcessAAQuality:4]]
[2019.08.28-17.33.19:420][  0]LogConfig: Applying CVar settings from Section [ShadowQuality@3] File [C:/Users/Olymp/Desktop/7003E-Saga/FinalProject/Saved/Config/Windows/Scalability.ini]
[2019.08.28-17.33.19:420][  0]LogConfig: Setting CVar [[r.LightFunctionQuality:1]]
[2019.08.28-17.33.19:420][  0]LogConfig: Setting CVar [[r.ShadowQuality:5]]
[2019.08.28-17.33.19:420][  0]LogConfig: Setting CVar [[r.Shadow.CSM.MaxCascades:10]]
[2019.08.28-17.33.19:420][  0]LogConfig: Setting CVar [[r.Shadow.MaxResolution:2048]]
[2019.08.28-17.33.19:420][  0]LogConfig: Setting CVar [[r.Shadow.MaxCSMResolution:2048]]
[2019.08.28-17.33.19:420][  0]LogConfig: Setting CVar [[r.Shadow.RadiusThreshold:0.01]]
[2019.08.28-17.33.19:420][  0]LogConfig: Setting CVar [[r.Shadow.DistanceScale:1.0]]
[2019.08.28-17.33.19:420][  0]LogConfig: Setting CVar [[r.Shadow.CSM.TransitionScale:1.0]]
[2019.08.28-17.33.19:420][  0]LogConfig: Setting CVar [[r.Shadow.PreShadowResolutionFactor:1.0]]
[2019.08.28-17.33.19:420][  0]LogConfig: Setting CVar [[r.DistanceFieldShadowing:1]]
[2019.08.28-17.33.19:420][  0]LogConfig: Setting CVar [[r.DistanceFieldAO:1]]
[2019.08.28-17.33.19:420][  0]LogConfig: Setting CVar [[r.AOQuality:2]]
[2019.08.28-17.33.19:420][  0]LogConfig: Setting CVar [[r.VolumetricFog:1]]
[2019.08.28-17.33.19:420][  0]LogConfig: Setting CVar [[r.VolumetricFog.GridPixelSize:8]]
[2019.08.28-17.33.19:420][  0]LogConfig: Setting CVar [[r.VolumetricFog.GridSizeZ:128]]
[2019.08.28-17.33.19:420][  0]LogConfig: Setting CVar [[r.VolumetricFog.HistoryMissSupersampleCount:4]]
[2019.08.28-17.33.19:420][  0]LogConfig: Setting CVar [[r.LightMaxDrawDistanceScale:1]]
[2019.08.28-17.33.19:420][  0]LogConfig: Setting CVar [[r.CapsuleShadows:1]]
[2019.08.28-17.33.19:420][  0]LogConfig: Applying CVar settings from Section [PostProcessQuality@3] File [C:/Users/Olymp/Desktop/7003E-Saga/FinalProject/Saved/Config/Windows/Scalability.ini]
[2019.08.28-17.33.19:420][  0]LogConfig: Setting CVar [[r.MotionBlurQuality:4]]
[2019.08.28-17.33.19:420][  0]LogConfig: Setting CVar [[r.AmbientOcclusionMipLevelFactor:0.4]]
[2019.08.28-17.33.19:420][  0]LogConfig: Setting CVar [[r.AmbientOcclusionMaxQuality:100]]
[2019.08.28-17.33.19:420][  0]LogConfig: Setting CVar [[r.AmbientOcclusionLevels:-1]]
[2019.08.28-17.33.19:420][  0]LogConfig: Setting CVar [[r.AmbientOcclusionRadiusScale:1.0]]
[2019.08.28-17.33.19:420][  0]LogConfig: Setting CVar [[r.DepthOfFieldQuality:2]]
[2019.08.28-17.33.19:420][  0]LogConfig: Setting CVar [[r.RenderTargetPoolMin:400]]
[2019.08.28-17.33.19:420][  0]LogConfig: Setting CVar [[r.LensFlareQuality:2]]
[2019.08.28-17.33.19:420][  0]LogConfig: Setting CVar [[r.SceneColorFringeQuality:1]]
[2019.08.28-17.33.19:421][  0]LogConfig: Setting CVar [[r.EyeAdaptationQuality:2]]
[2019.08.28-17.33.19:421][  0]LogConfig: Setting CVar [[r.BloomQuality:5]]
[2019.08.28-17.33.19:421][  0]LogConfig: Setting CVar [[r.FastBlurThreshold:100]]
[2019.08.28-17.33.19:421][  0]LogConfig: Setting CVar [[r.Upscale.Quality:3]]
[2019.08.28-17.33.19:421][  0]LogConfig: Setting CVar [[r.Tonemapper.GrainQuantization:1]]
[2019.08.28-17.33.19:421][  0]LogConfig: Setting CVar [[r.LightShaftQuality:1]]
[2019.08.28-17.33.19:421][  0]LogConfig: Setting CVar [[r.Filter.SizeScale:1]]
[2019.08.28-17.33.19:421][  0]LogConfig: Setting CVar [[r.Tonemapper.Quality:5]]
[2019.08.28-17.33.19:421][  0]LogConfig: Setting CVar [[r.DOF.Gather.AccumulatorQuality:1        ; higher gathering accumulator quality]]
[2019.08.28-17.33.19:421][  0]LogConfig: Setting CVar [[r.DOF.Gather.PostfilterMethod:1          ; Median3x3 postfilering method]]
[2019.08.28-17.33.19:421][  0]LogConfig: Setting CVar [[r.DOF.Gather.EnableBokehSettings:0       ; no bokeh simulation when gathering]]
[2019.08.28-17.33.19:421][  0]LogConfig: Setting CVar [[r.DOF.Gather.RingCount:4                 ; medium number of samples when gathering]]
[2019.08.28-17.33.19:421][  0]LogConfig: Setting CVar [[r.DOF.Scatter.ForegroundCompositing:1    ; additive foreground scattering]]
[2019.08.28-17.33.19:421][  0]LogConfig: Setting CVar [[r.DOF.Scatter.BackgroundCompositing:2    ; additive background scattering]]
[2019.08.28-17.33.19:421][  0]LogConfig: Setting CVar [[r.DOF.Scatter.EnableBokehSettings:1      ; bokeh simulation when scattering]]
[2019.08.28-17.33.19:421][  0]LogConfig: Setting CVar [[r.DOF.Scatter.MaxSpriteRatio:0.1         ; only a maximum of 10% of scattered bokeh]]
[2019.08.28-17.33.19:421][  0]LogConfig: Setting CVar [[r.DOF.Recombine.Quality:1                ; cheap slight out of focus]]
[2019.08.28-17.33.19:421][  0]LogConfig: Setting CVar [[r.DOF.Recombine.EnableBokehSettings:0    ; no bokeh simulation on slight out of focus]]
[2019.08.28-17.33.19:421][  0]LogConfig: Setting CVar [[r.DOF.TemporalAAQuality:1                ; more stable temporal accumulation]]
[2019.08.28-17.33.19:421][  0]LogConfig: Setting CVar [[r.DOF.Kernel.MaxForegroundRadius:0.025]]
[2019.08.28-17.33.19:421][  0]LogConfig: Setting CVar [[r.DOF.Kernel.MaxBackgroundRadius:0.025]]
[2019.08.28-17.33.19:421][  0]LogConfig: Applying CVar settings from Section [TextureQuality@3] File [C:/Users/Olymp/Desktop/7003E-Saga/FinalProject/Saved/Config/Windows/Scalability.ini]
[2019.08.28-17.33.19:421][  0]LogConfig: Setting CVar [[r.Streaming.MipBias:0]]
[2019.08.28-17.33.19:421][  0]LogConfig: Setting CVar [[r.Streaming.AmortizeCPUToGPUCopy:0]]
[2019.08.28-17.33.19:421][  0]LogConfig: Setting CVar [[r.Streaming.MaxNumTexturesToStreamPerFrame:0]]
[2019.08.28-17.33.19:421][  0]LogConfig: Setting CVar [[r.Streaming.Boost:1]]
[2019.08.28-17.33.19:421][  0]LogConfig: Setting CVar [[r.MaxAnisotropy:8]]
[2019.08.28-17.33.19:421][  0]LogConfig: Setting CVar [[r.Streaming.LimitPoolSizeToVRAM:0]]
[2019.08.28-17.33.19:421][  0]LogConfig: Setting CVar [[r.Streaming.PoolSize:1000]]
[2019.08.28-17.33.19:421][  0]LogConfig: Setting CVar [[r.Streaming.MaxEffectiveScreenSize:0]]
[2019.08.28-17.33.19:421][  0]LogConfig: Applying CVar settings from Section [EffectsQuality@3] File [C:/Users/Olymp/Desktop/7003E-Saga/FinalProject/Saved/Config/Windows/Scalability.ini]
[2019.08.28-17.33.19:421][  0]LogConfig: Setting CVar [[r.TranslucencyLightingVolumeDim:64]]
[2019.08.28-17.33.19:421][  0]LogConfig: Setting CVar [[r.RefractionQuality:2]]
[2019.08.28-17.33.19:421][  0]LogConfig: Setting CVar [[r.SSR.Quality:3]]
[2019.08.28-17.33.19:421][  0]LogConfig: Setting CVar [[r.SceneColorFormat:4]]
[2019.08.28-17.33.19:421][  0]LogConfig: Setting CVar [[r.DetailMode:2]]
[2019.08.28-17.33.19:421][  0]LogConfig: Setting CVar [[r.TranslucencyVolumeBlur:1]]
[2019.08.28-17.33.19:421][  0]LogConfig: Setting CVar [[r.MaterialQualityLevel:1 ; High quality]]
[2019.08.28-17.33.19:421][  0]LogConfig: Setting CVar [[r.SSS.Scale:1]]
[2019.08.28-17.33.19:421][  0]LogConfig: Setting CVar [[r.SSS.SampleSet:2]]
[2019.08.28-17.33.19:421][  0]LogConfig: Setting CVar [[r.SSS.Quality:1]]
[2019.08.28-17.33.19:421][  0]LogConfig: Setting CVar [[r.SSS.HalfRes:1]]
[2019.08.28-17.33.19:421][  0]LogConfig: Setting CVar [[r.EmitterSpawnRateScale:1.0]]
[2019.08.28-17.33.19:421][  0]LogConfig: Setting CVar [[r.ParticleLightQuality:2]]
[2019.08.28-17.33.19:421][  0]LogConfig: Applying CVar settings from Section [FoliageQuality@3] File [C:/Users/Olymp/Desktop/7003E-Saga/FinalProject/Saved/Config/Windows/Scalability.ini]
[2019.08.28-17.33.19:421][  0]LogConfig: Setting CVar [[foliage.DensityScale:1.0]]
[2019.08.28-17.33.19:421][  0]LogConfig: Setting CVar [[grass.DensityScale:1.0]]
[2019.08.28-17.33.19:421][  0]LogConfig: Applying CVar settings from Section [Startup] File [../../../Engine/Config/ConsoleVariables.ini]
[2019.08.28-17.33.19:421][  0]LogConfig: Setting CVar [[net.UseAdaptiveNetUpdateFrequency:0]]
[2019.08.28-17.33.19:421][  0]LogConfig: Setting CVar [[p.chaos.AllowCreatePhysxBodies:1]]
[2019.08.28-17.33.19:421][  0]LogConfig: Applying CVar settings from Section [ConsoleVariables] File [C:/Users/Olymp/Desktop/7003E-Saga/FinalProject/Saved/Config/Windows/Engine.ini]
[2019.08.28-17.33.19:421][  0]LogInit: Computer: DESKTOP-K26HDI2
[2019.08.28-17.33.19:421][  0]LogInit: User: Olymp
[2019.08.28-17.33.19:421][  0]LogInit: CPU Page size=4096, Cores=4
[2019.08.28-17.33.19:421][  0]LogInit: High frequency timer resolution =10.000000 MHz
[2019.08.28-17.33.19:421][  0]LogMemory: Memory total: Physical=16.0GB (16GB approx)
[2019.08.28-17.33.19:422][  0]LogMemory: Platform Memory Stats for Windows
[2019.08.28-17.33.19:422][  0]LogMemory: Process Physical Memory: 97.99 MB used, 97.99 MB peak
[2019.08.28-17.33.19:422][  0]LogMemory: Process Virtual Memory: 91.16 MB used, 91.16 MB peak
[2019.08.28-17.33.19:422][  0]LogMemory: Physical Memory: 6981.22 MB used,  9358.82 MB free, 16340.04 MB total
[2019.08.28-17.33.19:422][  0]LogMemory: Virtual Memory: 4644.21 MB used,  134213080.00 MB free, 134217728.00 MB total
[2019.08.28-17.33.19:435][  0]LogInit: Using OS detected language (pt-BR).
[2019.08.28-17.33.19:435][  0]LogInit: Using OS detected locale (pt-BR).
[2019.08.28-17.33.19:462][  0]LogTextLocalizationResource: LocRes '../../../Engine/Content/Localization/Editor/pt/Editor.locres' could not be opened for reading!
[2019.08.28-17.33.19:462][  0]LogTextLocalizationResource: LocRes '../../../Engine/Content/Localization/EditorTutorials/pt/EditorTutorials.locres' could not be opened for reading!
[2019.08.28-17.33.19:462][  0]LogTextLocalizationResource: LocRes '../../../Engine/Content/Localization/Keywords/pt/Keywords.locres' could not be opened for reading!
[2019.08.28-17.33.19:462][  0]LogTextLocalizationResource: LocRes '../../../Engine/Content/Localization/Category/pt/Category.locres' could not be opened for reading!
[2019.08.28-17.33.19:462][  0]LogTextLocalizationResource: LocRes '../../../Engine/Content/Localization/ToolTips/pt/ToolTips.locres' could not be opened for reading!
[2019.08.28-17.33.19:463][  0]LogTextLocalizationResource: LocRes '../../../Engine/Content/Localization/PropertyNames/pt/PropertyNames.locres' could not be opened for reading!
[2019.08.28-17.33.19:463][  0]LogTextLocalizationResource: LocRes '../../../Engine/Content/Localization/Engine/pt/Engine.locres' could not be opened for reading!
[2019.08.28-17.33.19:463][  0]LogTextLocalizationResource: LocRes '../../../Engine/Plugins/Online/Android/OnlineSubsystemGooglePlay/Content/Localization/OnlineSubsystemGooglePlay/pt/OnlineSubsystemGooglePlay.locres' could not be opened for reading!
[2019.08.28-17.33.19:463][  0]LogTextLocalizationResource: LocRes '../../../Engine/Plugins/Online/IOS/OnlineSubsystemIOS/Content/Localization/OnlineSubsystemIOS/pt/OnlineSubsystemIOS.locres' could not be opened for reading!
[2019.08.28-17.33.19:463][  0]LogTextLocalizationResource: LocRes '../../../Engine/Plugins/Online/OnlineSubsystem/Content/Localization/OnlineSubsystem/pt/OnlineSubsystem.locres' could not be opened for reading!
[2019.08.28-17.33.19:463][  0]LogTextLocalizationResource: LocRes '../../../Engine/Plugins/Online/OnlineSubsystemUtils/Content/Localization/OnlineSubsystemUtils/pt/OnlineSubsystemUtils.locres' could not be opened for reading!
[2019.08.28-17.33.19:488][  0]LogSlate: New Slate User Created.  User Index 0, Is Virtual User: 0
[2019.08.28-17.33.19:488][  0]LogSlate: Slate User Registered.  User Index 0, Is Virtual User: 0
[2019.08.28-17.33.19:502][  0]LogHMD: Failed to initialize OpenVR with code 110
[2019.08.28-17.33.19:502][  0]LogD3D11RHI: D3D11 adapters:
[2019.08.28-17.33.19:553][  0]LogD3D11RHI:    0. 'NVIDIA GeForce RTX 2060' (Feature Level 11_0)
[2019.08.28-17.33.19:553][  0]LogD3D11RHI:       5980/0/8170 MB DedicatedVideo/DedicatedSystem/SharedSystem, Outputs:1, VendorId:0x10de
[2019.08.28-17.33.19:555][  0]LogD3D11RHI:    1. 'Microsoft Basic Render Driver' (Feature Level 11_0)
[2019.08.28-17.33.19:555][  0]LogD3D11RHI:       0/0/8170 MB DedicatedVideo/DedicatedSystem/SharedSystem, Outputs:0, VendorId:0x1414
[2019.08.28-17.33.19:555][  0]LogD3D11RHI: Chosen D3D11 Adapter: 0
[2019.08.28-17.33.19:560][  0]LogD3D11RHI: Creating new Direct3DDevice
[2019.08.28-17.33.19:560][  0]LogD3D11RHI:     GPU DeviceId: 0x1f08 (for the marketing name, search the web for "GPU Device Id")
[2019.08.28-17.33.19:560][  0]LogWindows: EnumDisplayDevices:
[2019.08.28-17.33.19:561][  0]LogWindows:    0. 'NVIDIA GeForce RTX 2060' (P:1 D:1)
[2019.08.28-17.33.19:561][  0]LogWindows:    1. 'NVIDIA GeForce RTX 2060' (P:0 D:0)
[2019.08.28-17.33.19:561][  0]LogWindows:    2. 'NVIDIA GeForce RTX 2060' (P:0 D:0)
[2019.08.28-17.33.19:561][  0]LogWindows:    3. 'NVIDIA GeForce RTX 2060' (P:0 D:0)
[2019.08.28-17.33.19:561][  0]LogWindows: DebugString: FoundDriverCount:4 
[2019.08.28-17.33.19:561][  0]LogD3D11RHI:     Adapter Name: NVIDIA GeForce RTX 2060
[2019.08.28-17.33.19:561][  0]LogD3D11RHI:   Driver Version: 431.36 (internal:26.21.14.3136, unified:431.36)
[2019.08.28-17.33.19:561][  0]LogD3D11RHI:      Driver Date: 7-3-2019
[2019.08.28-17.33.19:561][  0]LogRHI: Texture pool is 4186 MB (70% of 5980 MB)
[2019.08.28-17.33.19:595][  0]LogD3D11RHI: Async texture creation enabled
[2019.08.28-17.33.19:611][  0]LogRendererCore: FGlobalReadBuffer::InitRHI
[2019.08.28-17.33.19:611][  0]LogRendererCore: FGlobalReadBuffer::InitRHI
[2019.08.28-17.33.19:611][  0]LogRendererCore: FGlobalReadBuffer::InitRHI
[2019.08.28-17.33.19:619][  0]LogD3D11RHI: GPU Timing Frequency: 1000.000000 (Debug: 2 1)
[2019.08.28-17.33.19:891][  0]LogTemp: Display: Module 'WindowsClientTargetPlatform' loaded TargetPlatform 'WindowsClient'
[2019.08.28-17.33.19:901][  0]LogTemp: Display: Module 'WindowsNoEditorTargetPlatform' loaded TargetPlatform 'WindowsNoEditor'
[2019.08.28-17.33.19:912][  0]LogTemp: Display: Module 'WindowsServerTargetPlatform' loaded TargetPlatform 'WindowsServer'
[2019.08.28-17.33.19:917][  0]LogTemp: Display: Module 'WindowsTargetPlatform' loaded TargetPlatform 'Windows'
[2019.08.28-17.33.19:917][  0]LogTargetPlatformManager: Display: Building Assets For Windows
[2019.08.28-17.33.19:922][  0]LogAudioDebug: Display: Lib vorbis DLL was dynamically loaded.
[2019.08.28-17.33.19:959][  0]LogShaderCompilers: Guid format shader working directory is -16 characters bigger than the processId version (../../../../../../Users/Olymp/Desktop/7003E-Saga/FinalProject/Intermediate/Shaders/WorkingDirectory/13000/).
[2019.08.28-17.33.19:959][  0]LogShaderCompilers: Cleaned the shader compiler working directory 'C:/Users/Olymp/AppData/Local/Temp/UnrealShaderWorkingDir/BA414174444E68DED02DAFB785CFDCD0/'.
[2019.08.28-17.33.19:961][  0]LogXGEController: Cannot use XGE Controller as Incredibuild is not installed on this machine.
[2019.08.28-17.33.19:961][  0]LogShaderCompilers: Cannot use XGE Shader Compiler as Incredibuild is not installed on this machine.
[2019.08.28-17.33.19:961][  0]LogShaderCompilers: Display: Using Local Shader Compiler.
[2019.08.28-17.33.20:365][  0]LogDerivedDataCache: Display: Max Cache Size: 512 MB
[2019.08.28-17.33.20:402][  0]LogDerivedDataCache: Loaded boot cache 0.04s 71MB C:/Users/Olymp/AppData/Local/UnrealEngine/4.22/DerivedDataCache/Boot.ddc.
[2019.08.28-17.33.20:402][  0]LogDerivedDataCache: Display: Loaded Boot cache: C:/Users/Olymp/AppData/Local/UnrealEngine/4.22/DerivedDataCache/Boot.ddc
[2019.08.28-17.33.20:402][  0]LogDerivedDataCache: FDerivedDataBackendGraph:  Pak pak cache file ../../../../../../Users/Olymp/Desktop/7003E-Saga/FinalProject/DerivedDataCache/DDC.ddp not found, will not use a pak cache.
[2019.08.28-17.33.20:402][  0]LogDerivedDataCache: Unable to find inner node Pak for hierarchical cache Hierarchy.
[2019.08.28-17.33.20:402][  0]LogDerivedDataCache: FDerivedDataBackendGraph:  CompressedPak pak cache file ../../../../../../Users/Olymp/Desktop/7003E-Saga/FinalProject/DerivedDataCache/Compressed.ddp not found, will not use a pak cache.
[2019.08.28-17.33.20:402][  0]LogDerivedDataCache: Unable to find inner node CompressedPak for hierarchical cache Hierarchy.
[2019.08.28-17.33.20:412][  0]LogDerivedDataCache: Display: Pak cache opened for reading ../../../Engine/DerivedDataCache/Compressed.ddp.
[2019.08.28-17.33.20:412][  0]LogDerivedDataCache: FDerivedDataBackendGraph:  EnterprisePak pak cache file ../../../Enterprise/DerivedDataCache/Compressed.ddp not found, will not use a pak cache.
[2019.08.28-17.33.20:412][  0]LogDerivedDataCache: Unable to find inner node EnterprisePak for hierarchical cache Hierarchy.
[2019.08.28-17.33.20:424][  0]LogDerivedDataCache: Using Local data cache path C:/Users/Olymp/AppData/Local/UnrealEngine/Common/DerivedDataCache: Writable
[2019.08.28-17.33.20:424][  0]LogDerivedDataCache: Shared data cache path not found in *engine.ini, will not use an Shared cache.
[2019.08.28-17.33.20:424][  0]LogDerivedDataCache: Unable to find inner node Shared for hierarchical cache Hierarchy.
[2019.08.28-17.33.20:440][  0]LogMaterial: Verifying Global Shaders for PCD3D_SM5
[2019.08.28-17.33.20:444][  0]LogSlate: Using FreeType 2.6.0
[2019.08.28-17.33.20:444][  0]LogSlate: SlateFontServices - WITH_FREETYPE: 1, WITH_HARFBUZZ: 1
[2019.08.28-17.33.20:523][  0]LogInit: Using OS detected language (pt-BR).
[2019.08.28-17.33.20:523][  0]LogInit: Using OS detected locale (pt-BR).
[2019.08.28-17.33.20:523][  0]LogTextLocalizationManager: No localization for 'pt-BR' exists, so 'en' will be used for the language.
[2019.08.28-17.33.20:523][  0]LogTextLocalizationManager: No localization for 'pt-BR' exists, so 'en' will be used for the locale.
[2019.08.28-17.33.20:523][  0]LogSlate: FontCache flush requested. Reason: Culture for localization was changed
[2019.08.28-17.33.20:523][  0]LogSlate: FontCache flush requested. Reason: Culture for localization was changed
[2019.08.28-17.33.20:523][  0]LogTextLocalizationManager: Compacting localization data took   0.00ms
[2019.08.28-17.33.20:528][  0]LogAssetRegistry: FAssetRegistry took 0.0030 seconds to start up
[2019.08.28-17.33.20:663][  0]LogPackageLocalizationCache: Processed 10 localized package path(s) for 1 prioritized culture(s) in 0.000363 seconds
[2019.08.28-17.33.20:756][  0]LogInit: Selected Device Profile: [Windows]
[2019.08.28-17.33.20:793][  0]LogMeshReduction: Using QuadricMeshReduction for automatic static mesh reduction
[2019.08.28-17.33.20:793][  0]LogMeshReduction: Using SimplygonMeshReduction for automatic skeletal mesh reduction
[2019.08.28-17.33.20:793][  0]LogMeshReduction: Using ProxyLODMeshReduction for automatic mesh merging
[2019.08.28-17.33.20:793][  0]LogMeshReduction: No distributed automatic mesh merging module available
[2019.08.28-17.33.20:793][  0]LogMeshMerging: No distributed automatic mesh merging module available
[2019.08.28-17.33.20:858][  0]LogNetVersion: FinalProject 1.0.0, NetCL: 5660361, EngineNetVer: 10, GameNetVer: 0 (Checksum: 1780545774)
[2019.08.28-17.33.21:232][  0]LogMoviePlayer: Initializing movie player
[2019.08.28-17.33.21:442][  0]LogTcpMessaging: Initializing TcpMessaging bridge
[2019.08.28-17.33.21:454][  0]LogUdpMessaging: Initializing bridge on interface 0.0.0.0:0 to multicast group 230.0.0.1:6666.
[2019.08.28-17.33.21:531][  0]SourceControl: Controle de origem desativado
[2019.08.28-17.33.21:531][  0]SourceControl: Controle de origem desativado
[2019.08.28-17.33.21:532][  0]SourceControl: Controle de origem desativado
[2019.08.28-17.33.21:539][  0]LogVSAccessor: Display: Unable to create Visual Studio setup instance: 80040154
[2019.08.28-17.33.21:539][  0]LogVSAccessor: Display: Unable to create Visual Studio setup instance: 80040154
[2019.08.28-17.33.21:561][  0]LogAndroidPermission: UAndroidPermissionCallbackProxy::GetInstance
[2019.08.28-17.33.21:629][  0]LogOcInput: OculusInput pre-init called
[2019.08.28-17.33.21:639][  0]LogUObjectArray: 46459 objects as part of root set at end of initial load.
[2019.08.28-17.33.21:639][  0]LogUObjectAllocator: 8159704 out of 0 bytes used by permanent object pool.
[2019.08.28-17.33.21:639][  0]LogUObjectArray: CloseDisregardForGC: 0/0 objects in disregard for GC pool
[2019.08.28-17.33.21:758][  0]LogEngine: Initializing Engine...
[2019.08.28-17.33.21:759][  0]LogHMD: Failed to initialize OpenVR with code 110
[2019.08.28-17.33.21:770][  0]LogStats: UGameplayTagsManager::InitializeManager -  0.000 s
[2019.08.28-17.33.21:889][  0]LogInit: Initializing FReadOnlyCVARCache
[2019.08.28-17.33.21:889][  0]LogNetVersion: Set ProjectVersion to 1.0.0.0. Version Checksum will be recalculated on next use.
[2019.08.28-17.33.21:890][  0]LogInit: Texture streaming: Enabled
[2019.08.28-17.33.22:039][  0]LogSlate: Updating window title bar state: overlay mode, drag disabled, window buttons hidden, title bar hidden
[2019.08.28-17.33.22:044][  0]LogInit: Display: Game Engine Initialized.
[2019.08.28-17.33.22:084][  0]LogInit: Display: Starting Game.
[2019.08.28-17.33.22:086][  0]LogNet: Browse: /Game/ThirdPersonBP/Maps/Default?Name=Player
[2019.08.28-17.33.22:087][  0]LogLoad: LoadMap: /Game/ThirdPersonBP/Maps/Default?Name=Player
[2019.08.28-17.33.22:127][  0]LogUObjectHash: Compacting FUObjectHashTables data took   1.22ms
[2019.08.28-17.33.22:169][  0]LogAIModule: Creating AISystem for world Default
[2019.08.28-17.33.22:174][  0]LogLoad: Game class is 'ThirdPersonMenuMode_C'
[2019.08.28-17.33.22:182][  0]LogWorld: Bringing World /Game/ThirdPersonBP/Maps/Default.Default up for play (max tick rate 0) at 2019.08.28-14.33.22
[2019.08.28-17.33.22:185][  0]LogWorld: Bringing up level for play took: 0.006409
[2019.08.28-17.33.22:192][  0]LogGameMode: FindPlayerStart: PATHS NOT DEFINED or NO PLAYERSTART with positive rating
[2019.08.28-17.33.22:249][  0]LogLoad: Took 0.161738 seconds to LoadMap(/Game/ThirdPersonBP/Maps/Default)
[2019.08.28-17.33.29:476][  0]LogLoad: (Engine Initialization) Total time: 11.43 seconds
[2019.08.28-17.33.29:476][  0]LogLoad: (Engine Initialization) Total Blueprint compile time: 0.00 seconds
[2019.08.28-17.33.29:499][  0]LogContentStreaming: Texture pool size now 1000 MB
[2019.08.28-17.33.29:546][  1]LogRenderer: Reallocating scene render targets to support 1280x720 Format 10 NumSamples 1 (Frame:1).
[2019.08.28-17.33.31:334][111]LogSlate: FSceneViewport::OnFocusLost() reason 0
[2019.08.28-17.33.31:492][116]LogPackageName: SearchForPackageOnDisk took   0.078s to resolve ThirdPersonExampleMap.umap.
[2019.08.28-17.33.31:576][116]LogPackageName: SearchForPackageOnDisk took   0.083s to resolve ThirdPersonExampleMap.umap.
[2019.08.28-17.33.31:576][116]LogNet: Browse: /Game/ThirdPersonBP/Maps/ThirdPersonExampleMap??Game=/Game/ThirdPersonBP/ThirdPersonGameMode.ThirdPersonGameMode_C 
[2019.08.28-17.33.31:576][116]LogLoad: LoadMap: /Game/ThirdPersonBP/Maps/ThirdPersonExampleMap??Game=/Game/ThirdPersonBP/ThirdPersonGameMode.ThirdPersonGameMode_C 
[2019.08.28-17.33.31:606][116]LogUObjectHash: Compacting FUObjectHashTables data took   1.35ms
[2019.08.28-17.33.31:863][116]LogLinker: Warning: Não é possível encontrar o arquivo “/Game/InfinityBladeEffects/Effects/FX_Materials/Gradient/M_Flare_03_INST”
[2019.08.28-17.33.31:863][116]LoadErrors: Falha ao carregar /Game/InfinityBladeEffects/Effects/FX_Materials/Gradient/M_Flare_03_INST.M_Flare_03_INST Referenciado por ParticleModuleMeshMaterial_1
[2019.08.28-17.33.31:863][116]LogUObjectGlobals: Warning: Falha ao carregar “/Game/InfinityBladeEffects/Effects/FX_Materials/Gradient/M_Flare_03_INST”: Não é possível encontrar o arquivo “/Game/InfinityBladeEffects/Effects/FX_Materials/Gradient/M_Flare_03_INST”
[2019.08.28-17.33.31:863][116]LogLinker: Warning: Não é possível encontrar o arquivo do ativo “NULL” ao carregar /Game/InfinityBladeEffects/Effects/FX_Materials/Gradient/M_Flare_03_INST.
[2019.08.28-17.33.31:863][116]LogUObjectGlobals: Warning: Falha ao carregar “/Game/InfinityBladeEffects/Effects/FX_Materials/Gradient/M_Flare_03_INST”: Não é possível encontrar o arquivo do ativo “NULL” ao carregar /Game/InfinityBladeEffects/Effects/FX_Materials/Gradient/M_Flare_03_INST.
[2019.08.28-17.33.31:865][116]LogLinker: Warning: Não é possível encontrar o arquivo “/Game/InfinityBladeEffects/Effects/FX_Meshes/Skills/SM_BlastWave”
[2019.08.28-17.33.31:865][116]LoadErrors: Falha ao carregar /Game/InfinityBladeEffects/Effects/FX_Meshes/Skills/SM_BlastWave.SM_BlastWave Referenciado por ParticleModuleTypeDataMesh_3
[2019.08.28-17.33.31:865][116]LogUObjectGlobals: Warning: Falha ao carregar “/Game/InfinityBladeEffects/Effects/FX_Meshes/Skills/SM_BlastWave”: Não é possível encontrar o arquivo “/Game/InfinityBladeEffects/Effects/FX_Meshes/Skills/SM_BlastWave”
[2019.08.28-17.33.31:865][116]LogLinker: Warning: Não é possível encontrar o arquivo do ativo “NULL” ao carregar /Game/InfinityBladeEffects/Effects/FX_Meshes/Skills/SM_BlastWave.
[2019.08.28-17.33.31:865][116]LogUObjectGlobals: Warning: Falha ao carregar “/Game/InfinityBladeEffects/Effects/FX_Meshes/Skills/SM_BlastWave”: Não é possível encontrar o arquivo do ativo “NULL” ao carregar /Game/InfinityBladeEffects/Effects/FX_Meshes/Skills/SM_BlastWave.
[2019.08.28-17.33.31:887][116]LogLinker: Warning: Não é possível encontrar o arquivo “/Game/InfinityBladeEffects/Effects/FX_Materials/Trails/M_Swipe_Mesh_Add_2Sided_01_INST”
[2019.08.28-17.33.31:887][116]LoadErrors: Falha ao carregar /Game/InfinityBladeEffects/Effects/FX_Materials/Trails/M_Swipe_Mesh_Add_2Sided_01_INST.M_Swipe_Mesh_Add_2Sided_01_INST Referenciado por ParticleModuleMeshMaterial_10
[2019.08.28-17.33.31:887][116]LogUObjectGlobals: Warning: Falha ao carregar “/Game/InfinityBladeEffects/Effects/FX_Materials/Trails/M_Swipe_Mesh_Add_2Sided_01_INST”: Não é possível encontrar o arquivo “/Game/InfinityBladeEffects/Effects/FX_Materials/Trails/M_Swipe_Mesh_Add_2Sided_01_INST”
[2019.08.28-17.33.31:887][116]LogLinker: Warning: Não é possível encontrar o arquivo do ativo “NULL” ao carregar /Game/InfinityBladeEffects/Effects/FX_Materials/Trails/M_Swipe_Mesh_Add_2Sided_01_INST.
[2019.08.28-17.33.31:887][116]LogUObjectGlobals: Warning: Falha ao carregar “/Game/InfinityBladeEffects/Effects/FX_Materials/Trails/M_Swipe_Mesh_Add_2Sided_01_INST”: Não é possível encontrar o arquivo do ativo “NULL” ao carregar /Game/InfinityBladeEffects/Effects/FX_Materials/Trails/M_Swipe_Mesh_Add_2Sided_01_INST.
[2019.08.28-17.33.31:887][116]LogLinker: Warning: Não é possível encontrar o arquivo “/Game/InfinityBladeEffects/Effects/FX_Materials/M_Shockwave_01_ADD_INST”
[2019.08.28-17.33.31:887][116]LoadErrors: Falha ao carregar /Game/InfinityBladeEffects/Effects/FX_Materials/M_Shockwave_01_ADD_INST.M_Shockwave_01_ADD_INST Referenciado por ParticleModuleMeshMaterial_9
[2019.08.28-17.33.31:887][116]LogUObjectGlobals: Warning: Falha ao carregar “/Game/InfinityBladeEffects/Effects/FX_Materials/M_Shockwave_01_ADD_INST”: Não é possível encontrar o arquivo “/Game/InfinityBladeEffects/Effects/FX_Materials/M_Shockwave_01_ADD_INST”
[2019.08.28-17.33.31:887][116]LogLinker: Warning: Não é possível encontrar o arquivo do ativo “NULL” ao carregar /Game/InfinityBladeEffects/Effects/FX_Materials/M_Shockwave_01_ADD_INST.
[2019.08.28-17.33.31:887][116]LogUObjectGlobals: Warning: Falha ao carregar “/Game/InfinityBladeEffects/Effects/FX_Materials/M_Shockwave_01_ADD_INST”: Não é possível encontrar o arquivo do ativo “NULL” ao carregar /Game/InfinityBladeEffects/Effects/FX_Materials/M_Shockwave_01_ADD_INST.
[2019.08.28-17.33.31:888][116]LogLinker: Warning: Não é possível encontrar o arquivo “/Game/InfinityBladeEffects/Effects/FX_Meshes/Skills/SM_Spiral_Swirl_01”
[2019.08.28-17.33.31:889][116]LoadErrors: Falha ao carregar /Game/InfinityBladeEffects/Effects/FX_Meshes/Skills/SM_Spiral_Swirl_01.SM_Spiral_Swirl_01 Referenciado por ParticleModuleTypeDataMesh_0
[2019.08.28-17.33.31:889][116]LogUObjectGlobals: Warning: Falha ao carregar “/Game/InfinityBladeEffects/Effects/FX_Meshes/Skills/SM_Spiral_Swirl_01”: Não é possível encontrar o arquivo “/Game/InfinityBladeEffects/Effects/FX_Meshes/Skills/SM_Spiral_Swirl_01”
[2019.08.28-17.33.31:889][116]LogLinker: Warning: Não é possível encontrar o arquivo do ativo “NULL” ao carregar /Game/InfinityBladeEffects/Effects/FX_Meshes/Skills/SM_Spiral_Swirl_01.
[2019.08.28-17.33.31:889][116]LogUObjectGlobals: Warning: Falha ao carregar “/Game/InfinityBladeEffects/Effects/FX_Meshes/Skills/SM_Spiral_Swirl_01”: Não é possível encontrar o arquivo do ativo “NULL” ao carregar /Game/InfinityBladeEffects/Effects/FX_Meshes/Skills/SM_Spiral_Swirl_01.
[2019.08.28-17.33.31:889][116]LogLinker: Warning: Não é possível encontrar o arquivo “/Game/InfinityBladeEffects/Effects/FX_Meshes/Skills/SM_BlastWave”
[2019.08.28-17.33.31:889][116]LoadErrors: Falha ao carregar /Game/InfinityBladeEffects/Effects/FX_Meshes/Skills/SM_BlastWave.SM_BlastWave Referenciado por ParticleModuleTypeDataMesh_3
[2019.08.28-17.33.31:889][116]LogUObjectGlobals: Warning: Falha ao carregar “/Game/InfinityBladeEffects/Effects/FX_Meshes/Skills/SM_BlastWave”: Não é possível encontrar o arquivo “/Game/InfinityBladeEffects/Effects/FX_Meshes/Skills/SM_BlastWave”
[2019.08.28-17.33.31:889][116]LogLinker: Warning: Não é possível encontrar o arquivo do ativo “NULL” ao carregar /Game/InfinityBladeEffects/Effects/FX_Meshes/Skills/SM_BlastWave.
[2019.08.28-17.33.31:889][116]LogUObjectGlobals: Warning: Falha ao carregar “/Game/InfinityBladeEffects/Effects/FX_Meshes/Skills/SM_BlastWave”: Não é possível encontrar o arquivo do ativo “NULL” ao carregar /Game/InfinityBladeEffects/Effects/FX_Meshes/Skills/SM_BlastWave.
[2019.08.28-17.33.32:007][116]LogLinker: Warning: Não é possível encontrar o arquivo “/Game/InfinityBladeEffects/Effects/FX_Materials/Noise/M_Shockwave_01_INST”
[2019.08.28-17.33.32:007][116]LoadErrors: Falha ao carregar /Game/InfinityBladeEffects/Effects/FX_Materials/Noise/M_Shockwave_01_INST.M_Shockwave_01_INST Referenciado por ParticleModuleMeshMaterial_43
[2019.08.28-17.33.32:007][116]LogUObjectGlobals: Warning: Falha ao carregar “/Game/InfinityBladeEffects/Effects/FX_Materials/Noise/M_Shockwave_01_INST”: Não é possível encontrar o arquivo “/Game/InfinityBladeEffects/Effects/FX_Materials/Noise/M_Shockwave_01_INST”
[2019.08.28-17.33.32:007][116]LogLinker: Warning: Não é possível encontrar o arquivo do ativo “NULL” ao carregar /Game/InfinityBladeEffects/Effects/FX_Materials/Noise/M_Shockwave_01_INST.
[2019.08.28-17.33.32:007][116]LogUObjectGlobals: Warning: Falha ao carregar “/Game/InfinityBladeEffects/Effects/FX_Materials/Noise/M_Shockwave_01_INST”: Não é possível encontrar o arquivo do ativo “NULL” ao carregar /Game/InfinityBladeEffects/Effects/FX_Materials/Noise/M_Shockwave_01_INST.
[2019.08.28-17.33.32:009][116]LogLinker: Warning: Não é possível encontrar o arquivo “/Game/InfinityBladeEffects/Effects/FX_Meshes/Skills/SM_Shockwave_01”
[2019.08.28-17.33.32:009][116]LoadErrors: Falha ao carregar /Game/InfinityBladeEffects/Effects/FX_Meshes/Skills/SM_Shockwave_01.SM_Shockwave_01 Referenciado por ParticleModuleTypeDataMesh_0
[2019.08.28-17.33.32:009][116]LogUObjectGlobals: Warning: Falha ao carregar “/Game/InfinityBladeEffects/Effects/FX_Meshes/Skills/SM_Shockwave_01”: Não é possível encontrar o arquivo “/Game/InfinityBladeEffects/Effects/FX_Meshes/Skills/SM_Shockwave_01”
[2019.08.28-17.33.32:009][116]LogLinker: Warning: Não é possível encontrar o arquivo do ativo “NULL” ao carregar /Game/InfinityBladeEffects/Effects/FX_Meshes/Skills/SM_Shockwave_01.
[2019.08.28-17.33.32:010][116]LogUObjectGlobals: Warning: Falha ao carregar “/Game/InfinityBladeEffects/Effects/FX_Meshes/Skills/SM_Shockwave_01”: Não é possível encontrar o arquivo do ativo “NULL” ao carregar /Game/InfinityBladeEffects/Effects/FX_Meshes/Skills/SM_Shockwave_01.
[2019.08.28-17.33.32:375][116]LogTexture: Display: Building textures: HQ_Lightmap0_10 (AutoDXT, 512X512)
[2019.08.28-17.33.32:449][116]LogTexture: Display: Building textures: HQ_Lightmap0_11 (AutoDXT, 128X128)
[2019.08.28-17.33.32:459][116]LogTexture: Display: Building textures: HQ_Lightmap0_12 (AutoDXT, 128X128)
[2019.08.28-17.33.32:466][116]LogTexture: Display: Building textures: HQ_Lightmap0_13 (AutoDXT, 64X64)
[2019.08.28-17.33.32:477][116]LogTexture: Display: Building textures: HQ_Lightmap0_4 (AutoDXT, 1024X1024)
[2019.08.28-17.33.32:651][116]LogTexture: Display: Building textures: HQ_Lightmap0_5 (AutoDXT, 1024X1024)
[2019.08.28-17.33.32:834][116]LogTexture: Display: Building textures: HQ_Lightmap0_6 (AutoDXT, 1024X1024)
[2019.08.28-17.33.33:122][116]LogTexture: Display: Building textures: HQ_Lightmap0_7 (AutoDXT, 1024X1024)
[2019.08.28-17.33.33:236][116]LogTexture: Display: Building textures: HQ_Lightmap0_9 (AutoDXT, 256X256)
[2019.08.28-17.33.33:266][116]LogTexture: Display: Building textures: HQ_Lightmap1_1 (AutoDXT, 1024X1024)
[2019.08.28-17.33.33:381][116]LogTexture: Display: Building textures: HQ_Lightmap1_2 (AutoDXT, 1024X1024)
[2019.08.28-17.33.33:563][116]LogTexture: Display: Building textures: HQ_Lightmap1_3 (AutoDXT, 1024X1024)
[2019.08.28-17.33.33:737][116]LogTexture: Display: Building textures: HQ_Lightmap1_8 (AutoDXT, 512X512)
[2019.08.28-17.33.33:802][116]LogTexture: Display: Building textures: LQ_Lightmap_0_10 (DXT1, 512X512)
[2019.08.28-17.33.33:857][116]LogTexture: Display: Building textures: LQ_Lightmap_0_11 (DXT1, 128X128)
[2019.08.28-17.33.33:864][116]LogTexture: Display: Building textures: LQ_Lightmap_0_12 (DXT1, 128X128)
[2019.08.28-17.33.33:866][116]LogTexture: Display: Building textures: LQ_Lightmap_0_13 (DXT1, 64X64)
[2019.08.28-17.33.33:877][116]LogTexture: Display: Building textures: LQ_Lightmap_0_4 (DXT1, 1024X1024)
[2019.08.28-17.33.33:925][116]LogTexture: Display: Building textures: LQ_Lightmap_0_5 (DXT1, 1024X1024)
[2019.08.28-17.33.33:989][116]LogTexture: Display: Building textures: LQ_Lightmap_0_6 (DXT1, 1024X1024)
[2019.08.28-17.33.34:181][116]LogTexture: Display: Building textures: LQ_Lightmap_0_7 (DXT1, 1024X1024)
[2019.08.28-17.33.34:260][116]LogTexture: Display: Building textures: LQ_Lightmap_0_9 (DXT1, 256X256)
[2019.08.28-17.33.34:281][116]LogTexture: Display: Building textures: LQ_Lightmap_1_1 (DXT1, 1024X1024)
[2019.08.28-17.33.34:349][116]LogTexture: Display: Building textures: LQ_Lightmap_1_2 (DXT1, 1024X1024)
[2019.08.28-17.33.34:400][116]LogTexture: Display: Building textures: LQ_Lightmap_1_3 (DXT1, 1024X1024)
[2019.08.28-17.33.34:450][116]LogTexture: Display: Building textures: LQ_Lightmap_1_8 (DXT1, 512X512)
[2019.08.28-17.33.34:490][116]LogTexture: Display: Building textures: SkyOcclusion0_10 (AutoDXT, 512X256)
[2019.08.28-17.33.34:519][116]LogTexture: Display: Building textures: SkyOcclusion0_11 (AutoDXT, 128X64)
[2019.08.28-17.33.34:525][116]LogTexture: Display: Building textures: SkyOcclusion0_12 (AutoDXT, 128X64)
[2019.08.28-17.33.34:530][116]LogTexture: Display: Building textures: SkyOcclusion0_13 (AutoDXT, 64X32)
[2019.08.28-17.33.34:536][116]LogTexture: Display: Building textures: SkyOcclusion0_4 (AutoDXT, 1024X512)
[2019.08.28-17.33.34:609][116]LogTexture: Display: Building textures: SkyOcclusion0_5 (AutoDXT, 1024X512)
[2019.08.28-17.33.34:690][116]LogTexture: Display: Building textures: SkyOcclusion0_6 (AutoDXT, 1024X512)
[2019.08.28-17.33.34:824][116]LogTexture: Display: Building textures: SkyOcclusion0_7 (AutoDXT, 1024X512)
[2019.08.28-17.33.34:878][116]LogTexture: Display: Building textures: SkyOcclusion0_9 (AutoDXT, 256X128)
[2019.08.28-17.33.34:900][116]LogTexture: Display: Building textures: SkyOcclusion1_1 (AutoDXT, 1024X512)
[2019.08.28-17.33.34:955][116]LogTexture: Display: Building textures: SkyOcclusion1_2 (AutoDXT, 1024X512)
[2019.08.28-17.33.35:031][116]LogTexture: Display: Building textures: SkyOcclusion1_3 (AutoDXT, 1024X512)
[2019.08.28-17.33.35:112][116]LogTexture: Display: Building textures: SkyOcclusion1_8 (AutoDXT, 512X256)
[2019.08.28-17.33.35:141][116]LogTexture: Display: Building textures: ShadowMapTexture2D_50 (BGRA8, 512X512)
[2019.08.28-17.33.35:153][116]LogTexture: Display: Building textures: ShadowMapTexture2D_51 (BGRA8, 1024X1024)
[2019.08.28-17.33.35:177][116]LogTexture: Display: Building textures: ShadowMapTexture2D_52 (BGRA8, 1024X1024)
[2019.08.28-17.33.35:197][116]LogTexture: Display: Building textures: ShadowMapTexture2D_53 (BGRA8, 1024X1024)
[2019.08.28-17.33.35:210][116]LogTexture: Display: Building textures: ShadowMapTexture2D_54 (BGRA8, 1024X256)
[2019.08.28-17.33.35:213][116]LogTexture: Display: Building textures: ShadowMapTexture2D_55 (BGRA8, 512X64)
[2019.08.28-17.33.35:216][116]LogTexture: Display: Building textures: ShadowMapTexture2D_56 (BGRA8, 1024X128)
[2019.08.28-17.33.35:217][116]LogTexture: Display: Building textures: ShadowMapTexture2D_57 (G8, 128X64)
[2019.08.28-17.33.35:218][116]LogTexture: Display: Building textures: ShadowMapTexture2D_58 (G8, 128X64)
[2019.08.28-17.33.35:218][116]LogTexture: Display: Building textures: ShadowMapTexture2D_59 (G8, 32X32)
[2019.08.28-17.33.35:262][116]LogStaticMesh: Criando malha estática car...
[2019.08.28-17.33.38:075][116]LogStaticMesh: Built static mesh [2.81s] /Game/Car/car.car
[2019.08.28-17.33.38:160][116]LogStaticMesh: Criando malha estática bil...
[2019.08.28-17.33.38:202][116]LogStaticMesh: Built static mesh [0.04s] /Game/Banner/bil.bil
[2019.08.28-17.33.38:203][116]LogStaticMesh: Criando malha estática Bench...
[2019.08.28-17.33.39:810][116]LogStaticMesh: Built static mesh [1.61s] /Game/Banco/Bench.Bench
[2019.08.28-17.33.40:578][116]LogTexture: Display: Building textures: car_pneus_OcclusionRoughnessMetallic (AutoDXT, 2048X2048)
[2019.08.28-17.33.41:029][116]LogTexture: Display: Building textures: car_pneus_Normal (BC5, 2048X2048)
[2019.08.28-17.33.41:195][116]LogTexture: Display: Building textures: car_pneus_BaseColor (AutoDXT, 2048X2048)
[2019.08.28-17.33.41:336][116]LogTexture: Display: Building textures: car_carcaca_OcclusionRoughnessMetallic (AutoDXT, 2048X2048)
[2019.08.28-17.33.41:584][116]LogTexture: Display: Building textures: car_carcaca_Normal (BC5, 2048X2048)
[2019.08.28-17.33.41:739][116]LogTexture: Display: Building textures: car_carcaca_BaseColor (AutoDXT, 2048X2048)
[2019.08.28-17.33.41:875][116]LogTexture: Display: Building textures: car_Vidros_OcclusionRoughnessMetallic (AutoDXT, 2048X2048)
[2019.08.28-17.33.42:094][116]LogTexture: Display: Building textures: car_Vidros_Normal (BC5, 2048X2048)
[2019.08.28-17.33.42:258][116]LogTexture: Display: Building textures: car_Vidros_BaseColor (AutoDXT, 2048X2048)
[2019.08.28-17.33.42:398][116]LogTexture: Display: Building textures: car_farois_OcclusionRoughnessMetallic (AutoDXT, 2048X2048)
[2019.08.28-17.33.42:618][116]LogTexture: Display: Building textures: car_farois_Normal (BC5, 2048X2048)
[2019.08.28-17.33.42:762][116]LogTexture: Display: Building textures: car_farois_BaseColor (AutoDXT, 2048X2048)
[2019.08.28-17.33.42:888][116]LogTexture: Display: Building textures: car_milha_OcclusionRoughnessMetallic (AutoDXT, 2048X2048)
[2019.08.28-17.33.43:112][116]LogTexture: Display: Building textures: car_milha_Normal (BC5, 2048X2048)
[2019.08.28-17.33.43:246][116]LogTexture: Display: Building textures: car_milha_BaseColor (AutoDXT, 2048X2048)
[2019.08.28-17.33.43:397][116]LogTexture: Display: Building textures: placa2_lambert2_OcclusionRoughnessMetallic (AutoDXT, 2048X2048)
[2019.08.28-17.33.43:616][116]LogTexture: Display: Building textures: placa2_lambert2_Normal (BC5, 2048X2048)
[2019.08.28-17.33.43:796][116]LogTexture: Display: Building textures: placa2_lambert2_BaseColor (AutoDXT, 2048X2048)
[2019.08.28-17.33.44:105][116]LogTexture: Display: Building textures: Bench_lambert2_Normal (BC5, 2048X2048)
[2019.08.28-17.33.44:343][116]LogTexture: Display: Building textures: Bench_lambert2_BaseColor (AutoDXT, 2048X2048)
[2019.08.28-17.33.45:478][116]LogTexture: Display: Building textures: Bench_lambert2_OcclusionRoughnessMetallic (AutoDXT, 2048X2048)
[2019.08.28-17.33.46:226][116]LogMaterial: Display: Missing cached shader map for material lambert2, compiling. 
[2019.08.28-17.33.46:328][116]LogMaterial: Display: Missing cached shader map for material lambert2, compiling. 
[2019.08.28-17.33.46:342][116]LogMaterial: Display: Missing cached shader map for material lambert1, compiling. 
[2019.08.28-17.33.46:356][116]LogMaterial: Display: Missing cached shader map for material blinn3, compiling. 
[2019.08.28-17.33.46:372][116]LogMaterial: Display: Missing cached shader map for material blinn1, compiling. 
[2019.08.28-17.33.46:389][116]LogMaterial: Display: Missing cached shader map for material blinn2, compiling. 
[2019.08.28-17.33.46:408][116]LogMaterial: Display: Missing cached shader map for material lambert2, compiling. 
[2019.08.28-17.33.46:435][116]LogAIModule: Creating AISystem for world ThirdPersonExampleMap
[2019.08.28-17.33.46:436][116]LogLoad: Game class is 'ThirdPersonGameMode_C'
[2019.08.28-17.33.46:587][116]LogWorld: Bringing World /Game/ThirdPersonBP/Maps/ThirdPersonExampleMap.ThirdPersonExampleMap up for play (max tick rate 0) at 2019.08.28-14.33.46
[2019.08.28-17.33.46:613][116]LogWorld: Bringing up level for play took: 0.175879
[2019.08.28-17.33.46:616][116]LogGameMode: FindPlayerStart: PATHS NOT DEFINED or NO PLAYERSTART with positive rating
[2019.08.28-17.33.46:631][116]LogLoad: Took 15.055027 seconds to LoadMap(/Game/ThirdPersonBP/Maps/ThirdPersonExampleMap)
[2019.08.28-17.33.46:684][117]LogCharacterMovement: Warning: GetSimulationTimeStep() - Max iterations 8 hit while remaining time 0.061808 > MaxSimulationTimeStep (0.050) for 'SimpleAI6', movement 'Walking'
[2019.08.28-17.33.46:685][117]LogCharacterMovement: Warning: GetSimulationTimeStep() - Max iterations 8 hit while remaining time 0.061807 > MaxSimulationTimeStep (0.050) for 'SimpleAI7', movement 'Walking'
