Log file open, 07/12/19 14:37:03
LogWindows: Failed to load 'aqProf.dll' (GetLastError=126)
LogWindows: File 'aqProf.dll' does not exist
LogWindows: Failed to load 'VSPerf140.dll' (GetLastError=126)
LogWindows: File 'VSPerf140.dll' does not exist
LogWindows: Failed to load 'VtuneApi.dll' (GetLastError=126)
LogWindows: File 'VtuneApi.dll' does not exist
LogWindows: Failed to load 'VtuneApi32e.dll' (GetLastError=126)
LogWindows: File 'VtuneApi32e.dll' does not exist
LogInit: Display: Running engine for game: FinalProject
LogPlatformFile: Not using cached read wrapper
LogTaskGraph: Started task graph with 5 named threads and 11 total threads with 3 sets of task threads.
LogStats: Stats thread started at 0.178001
LogD3D11RHI: Loaded GFSDK_Aftermath_Lib.x64.dll
LogICUInternationalization: Display: ICU TimeZone Detection - Raw Offset: -3:00, Platform Override: ''
LogPluginManager: Mounting plugin Paper2D
LogPluginManager: Mounting plugin AISupport
LogPluginManager: Mounting plugin LightPropagationVolume
LogPluginManager: Mounting plugin CLionSourceCodeAccess
LogPluginManager: Mounting plugin CodeLiteSourceCodeAccess
LogPluginManager: Mounting plugin GitSourceControl
LogPluginManager: Mounting plugin KDevelopSourceCodeAccess
LogPluginManager: Mounting plugin NullSourceCodeAccess
LogPluginManager: Mounting plugin PerforceSourceControl
LogPluginManager: Mounting plugin SubversionSourceControl
LogPluginManager: Mounting plugin UObjectPlugin
LogPluginManager: Mounting plugin VisualStudioCodeSourceCodeAccess
LogPluginManager: Mounting plugin VisualStudioSourceCodeAccess
LogPluginManager: Mounting plugin XCodeSourceCodeAccess
LogPluginManager: Mounting plugin AssetManagerEditor
LogPluginManager: Mounting plugin CryptoKeys
LogPluginManager: Mounting plugin DataValidation
LogPluginManager: Mounting plugin FacialAnimation
LogPluginManager: Mounting plugin GameplayTagsEditor
LogPluginManager: Mounting plugin MacGraphicsSwitching
LogPluginManager: Mounting plugin MeshEditor
LogPluginManager: Mounting plugin MobileLauncherProfileWizard
LogPluginManager: Mounting plugin PluginBrowser
LogPluginManager: Mounting plugin SpeedTreeImporter
LogPluginManager: Mounting plugin DatasmithContent
LogPluginManager: Mounting plugin AlembicImporter
LogPluginManager: Mounting plugin AppleImageUtils
LogPluginManager: Mounting plugin AppleVision
LogPluginManager: Mounting plugin BackChannel
LogPluginManager: Mounting plugin CharacterAI
LogPluginManager: Mounting plugin GeometryCache
LogPluginManager: Mounting plugin HTML5Networking
LogPluginManager: Mounting plugin ProxyLODPlugin
LogPluginManager: Mounting plugin MagicLeap
LogPluginManager: Mounting plugin MagicLeapEmulator
LogPluginManager: Mounting plugin MagicLeapMedia
LogPluginManager: Mounting plugin AndroidMedia
LogPluginManager: Mounting plugin AvfMedia
LogPluginManager: Mounting plugin ImgMedia
LogPluginManager: Mounting plugin LinearTimecode
LogPluginManager: Mounting plugin MediaCompositing
LogPluginManager: Mounting plugin MediaPlayerEditor
LogPluginManager: Mounting plugin WmfMedia
LogPluginManager: Mounting plugin TcpMessaging
LogPluginManager: Mounting plugin UdpMessaging
LogPluginManager: Mounting plugin ActorSequence
LogPluginManager: Mounting plugin LevelSequenceEditor
LogPluginManager: Mounting plugin MatineeToLevelSequence
LogPluginManager: Mounting plugin NetcodeUnitTest
LogPluginManager: Mounting plugin NUTUnrealEngine4
LogPluginManager: Mounting plugin OnlineSubsystemGooglePlay
LogPluginManager: Mounting plugin OnlineSubsystemIOS
LogPluginManager: Mounting plugin OnlineSubsystem
LogPluginManager: Mounting plugin OnlineSubsystemNull
LogPluginManager: Mounting plugin OnlineSubsystemUtils
LogPluginManager: Mounting plugin LauncherChunkInstaller
LogPluginManager: Mounting plugin AndroidDeviceProfileSelector
LogPluginManager: Mounting plugin AndroidMoviePlayer
LogPluginManager: Mounting plugin AndroidPermission
LogPluginManager: Mounting plugin AppleMoviePlayer
LogPluginManager: Mounting plugin ArchVisCharacter
LogPluginManager: Mounting plugin AudioCapture
LogPluginManager: Mounting plugin CableComponent
LogPluginManager: Mounting plugin CustomMeshComponent
LogPluginManager: Mounting plugin EditableMesh
LogPluginManager: Mounting plugin ExampleDeviceProfileSelector
LogPluginManager: Mounting plugin GoogleCloudMessaging
LogPluginManager: Mounting plugin ImmediatePhysics
LogPluginManager: Mounting plugin IOSDeviceProfileSelector
LogPluginManager: Mounting plugin LinuxDeviceProfileSelector
LogPluginManager: Mounting plugin LocationServicesBPLibrary
LogPluginManager: Mounting plugin MobilePatchingUtils
LogPluginManager: Mounting plugin OculusVR
LogPluginManager: Plugin shader directory ../../../Engine/Plugins/Runtime/Oculus/OculusVR/Shaders found
LogPluginManager: Mapping shader source directory ../../../Engine/Plugins/Runtime/Oculus/OculusVR/Shaders to virtual directory /Plugin/OculusVR
LogPluginManager: Mounting plugin PhysXVehicles
LogPluginManager: Mounting plugin ProceduralMeshComponent
LogPluginManager: Mounting plugin RuntimePhysXCooking
LogPluginManager: Mounting plugin SteamVR
LogPluginManager: Mounting plugin WindowsMoviePlayer
LogStreaming: Display: Took  0.518s to configure plugins.
LogInit: Using libcurl 7.55.1-DEV
LogInit:  - built for x86_64-pc-win32
LogInit:  - supports SSL with OpenSSL/1.0.2h
LogInit:  - supports HTTP deflate (compression) using libz 1.2.8
LogInit:  - other features:
LogInit:      CURL_VERSION_SSL
LogInit:      CURL_VERSION_LIBZ
LogInit:      CURL_VERSION_IPV6
LogInit:      CURL_VERSION_ASYNCHDNS
LogInit:      CURL_VERSION_LARGEFILE
LogInit:      CURL_VERSION_IDN
LogInit:  CurlRequestOptions (configurable via config and command line):
LogInit:  - bVerifyPeer = false  - Libcurl will NOT verify peer certificate
LogInit:  - bUseHttpProxy = false  - Libcurl will NOT use HTTP proxy
LogInit:  - bDontReuseConnections = false  - Libcurl will reuse connections
LogInit:  - CertBundlePath = nullptr  - Libcurl will use whatever was configured at build time.
LogInit:  - MaxHostConnections = 16  - Libcurl will limit the number of connections to a host
LogInit:  - LocalHostAddr = Default
LogInit:  - BufferSize = 65536
LogInit: WinSock: version 1.1 (2.2), MaxSocks=32767, MaxUdp=65467
LogInit: Build: ++UE4+Release-4.20-CL-4369336
LogInit: Engine Version: 4.20.3-4369336+++UE4+Release-4.20
LogInit: Compatible Engine Version: 4.20.0-4212847+++UE4+Release-4.20
LogInit: Net CL: 4212847
LogInit: OS: Windows 10 (), CPU: Intel(R) Core(TM) i7-7500U CPU @ 2.70GHz, GPU: Intel(R) HD Graphics 620
LogInit: Compiled (64-bit): Sep 17 2018 12:26:19
LogInit: Compiled with Visual C++: 19.13.26129.00
LogInit: Build Configuration: Development
LogInit: Branch Name: ++UE4+Release-4.20
LogInit: Command Line: 
LogInit: Base Directory: C:/Program Files/Epic Games/UE_4.20/Engine/Binaries/Win64/
LogInit: Installed Engine Build: 1
LogDevObjectVersion: Number of dev versions registered: 20
LogDevObjectVersion:   Dev-Blueprints (B0D832E4-1F89-4F0D-ACCF-7EB736FD4AA2): 10
LogDevObjectVersion:   Dev-Build (E1C64328-A22C-4D53-A36C-8E866417BD8C): 0
LogDevObjectVersion:   Dev-Core (375EC13C-06E4-48FB-B500-84F0262A717E): 2
LogDevObjectVersion:   Dev-Editor (E4B068ED-F494-42E9-A231-DA0B2E46BB41): 24
LogDevObjectVersion:   Dev-Framework (CFFC743F-43B0-4480-9391-14DF171D2073): 34
LogDevObjectVersion:   Dev-Mobile (B02B49B5-BB20-44E9-A304-32B752E40360): 2
LogDevObjectVersion:   Dev-Networking (A4E4105C-59A1-49B5-A7C5-40C4547EDFEE): 0
LogDevObjectVersion:   Dev-Online (39C831C9-5AE6-47DC-9A44-9C173E1C8E7C): 0
LogDevObjectVersion:   Dev-Physics (78F01B33-EBEA-4F98-B9B4-84EACCB95AA2): 0
LogDevObjectVersion:   Dev-Platform (6631380F-2D4D-43E0-8009-CF276956A95A): 0
LogDevObjectVersion:   Dev-Rendering (12F88B9F-8875-4AFC-A67C-D90C383ABD29): 26
LogDevObjectVersion:   Dev-Sequencer (7B5AE74C-D270-4C10-A958-57980B212A5A): 9
LogDevObjectVersion:   Dev-VR (D7296918-1DD6-4BDD-9DE2-64A83CC13884): 2
LogDevObjectVersion:   Dev-LoadTimes (C2A15278-BFE7-4AFE-6C17-90FF531DF755): 1
LogDevObjectVersion:   Private-Geometry (6EACA3D4-40EC-4CC1-B786-8BED09428FC5): 3
LogDevObjectVersion:   Dev-AnimPhys (29E575DD-E0A3-4627-9D10-D276232CDCEA): 17
LogDevObjectVersion:   Dev-ReflectionCapture (6B266CEC-1EC7-4B8F-A30B-E4D90942FC07): 1
LogDevObjectVersion:   Dev-Automation (0DF73D61-A23F-47EA-B727-89E90C41499A): 1
LogDevObjectVersion:   FortniteMain (601D1886-AC64-4F84-AA16-D3DE0DEAC7D6): 12
LogDevObjectVersion:   Dev-Enterprise (9DFFBCD6-494F-0158-E221-12823C92A888): 1
LogStreaming: Display: Took  0.002s to delete old logs.
LogInit: Presizing for max 8388607 objects, including 0 objects not considered by GC, pre-allocating 0 bytes for permanent pool.
LogInit: Object subsystem initialized
[2019.07.12-17.37.03:469][  0]LogInit: Selected Device Profile: [Windows]
[2019.07.12-17.37.03:469][  0]LogInit: Applying CVar settings loaded from the selected device profile: [Windows]
[2019.07.12-17.37.03:488][  0]LogHAL: Display: Platform has ~ 16 GB [17048506368 / 17179869184 / 16], which maps to Larger [LargestMinGB=32, LargerMinGB=12, DefaultMinGB=8, SmallerMinGB=6, SmallestMinGB=0)
[2019.07.12-17.37.03:488][  0]LogInit: Setting Device Profile CVar: [[r.Vulkan.UseRealUBs:1]]
[2019.07.12-17.37.03:488][  0]LogInit: Going up to parent DeviceProfile []
[2019.07.12-17.37.03:489][  0]LogInit: Computer: LAPTOP-TCC4536M
[2019.07.12-17.37.03:489][  0]LogInit: User: Luis
[2019.07.12-17.37.03:489][  0]LogInit: CPU Page size=4096, Cores=2
[2019.07.12-17.37.03:489][  0]LogInit: High frequency timer resolution =2.835936 MHz
[2019.07.12-17.37.03:489][  0]LogMemory: Memory total: Physical=15.9GB (16GB approx)
[2019.07.12-17.37.03:489][  0]LogMemory: Platform Memory Stats for Windows
[2019.07.12-17.37.03:489][  0]LogMemory: Process Physical Memory: 100.13 MB used, 100.13 MB peak
[2019.07.12-17.37.03:489][  0]LogMemory: Process Virtual Memory: 83.91 MB used, 83.91 MB peak
[2019.07.12-17.37.03:489][  0]LogMemory: Physical Memory: 10222.38 MB used,  6036.34 MB free, 16258.72 MB total
[2019.07.12-17.37.03:489][  0]LogMemory: Virtual Memory: 4621.38 MB used,  6036.34 MB free, 134217728.00 MB total
[2019.07.12-17.37.03:509][  0]LogInit: Overriding language with editor language configuration option (en).
[2019.07.12-17.37.03:509][  0]LogInit: Overriding locale with editor locale configuration option (en).
[2019.07.12-17.37.03:900][  0]LogStreaming: Display: Took  0.390s to InitEngineTextLocalization.
[2019.07.12-17.37.03:900][  0]LogInit: Setting process to per monitor DPI aware
[2019.07.12-17.37.03:930][  0]LogSlate: New Slate User Created.  User Index 0, Is Virtual User: 0
[2019.07.12-17.37.03:930][  0]LogSlate: Slate User Registered.  User Index 0, Is Virtual User: 0
[2019.07.12-17.37.04:128][  0]LogHMD: Failed to initialize OpenVR with code 110
[2019.07.12-17.37.04:128][  0]LogD3D11RHI: D3D11 adapters:
[2019.07.12-17.37.04:263][  0]LogD3D11RHI:    0. 'NVIDIA GeForce 940MX' (Feature Level 11_0)
[2019.07.12-17.37.04:263][  0]LogD3D11RHI:       4055/0/8129 MB DedicatedVideo/DedicatedSystem/SharedSystem, Outputs:1, VendorId:0x10de
[2019.07.12-17.37.04:395][  0]LogD3D11RHI:    1. 'Intel(R) HD Graphics 620' (Feature Level 11_0)
[2019.07.12-17.37.04:395][  0]LogD3D11RHI:       128/0/8129 MB DedicatedVideo/DedicatedSystem/SharedSystem, Outputs:0, VendorId:0x8086
[2019.07.12-17.37.04:398][  0]LogD3D11RHI:    2. 'Microsoft Basic Render Driver' (Feature Level 11_0)
[2019.07.12-17.37.04:398][  0]LogD3D11RHI:       0/0/8129 MB DedicatedVideo/DedicatedSystem/SharedSystem, Outputs:0, VendorId:0x1414
[2019.07.12-17.37.04:398][  0]LogD3D11RHI: Chosen D3D11 Adapter: 0
[2019.07.12-17.37.04:431][  0]LogD3D11RHI: Creating new Direct3DDevice
[2019.07.12-17.37.04:431][  0]LogD3D11RHI:     GPU DeviceId: 0x134d (for the marketing name, search the web for "GPU Device Id")
[2019.07.12-17.37.04:431][  0]LogWindows: EnumDisplayDevices:
[2019.07.12-17.37.04:431][  0]LogWindows:    0. 'Intel(R) HD Graphics 620' (P:1 D:1)
[2019.07.12-17.37.04:431][  0]LogWindows:    1. 'Intel(R) HD Graphics 620' (P:0 D:0)
[2019.07.12-17.37.04:431][  0]LogWindows:    2. 'Intel(R) HD Graphics 620' (P:0 D:0)
[2019.07.12-17.37.04:432][  0]LogWindows: DebugString: PrimaryIsNotTheChoosenAdapter PrimaryIsNotTheChoosenAdapter PrimaryIsNotTheChoosenAdapter FoundDriverCount:0 
[2019.07.12-17.37.04:432][  0]LogD3D11RHI:     Adapter Name: NVIDIA GeForce 940MX
[2019.07.12-17.37.04:432][  0]LogD3D11RHI:   Driver Version: Unknown (internal:Unknown, unified:Unknown)
[2019.07.12-17.37.04:432][  0]LogD3D11RHI:      Driver Date: Unknown
[2019.07.12-17.37.04:432][  0]LogRHI: Texture pool is 2839 MB (70% of 4055 MB)
[2019.07.12-17.37.04:475][  0]LogD3D11RHI: Async texture creation enabled
[2019.07.12-17.37.04:492][  0]LogD3D11RHI: GPU Timing Frequency: 1000.000000 (Debug: 2 2)
[2019.07.12-17.37.04:493][  0]LogShaderCompilers: Guid format shader working directory is -22 characters bigger than the processId version (../../../../../../Users/Luis/Documents/Unreal Projects/FinalProject/Intermediate/Shaders/WorkingDirectory/5496/).
[2019.07.12-17.37.04:493][  0]LogShaderCompilers: Cleaned the shader compiler working directory 'C:/Users/Luis/AppData/Local/Temp/UnrealShaderWorkingDir/EF7CFF2D49A56F7E12A356B585F723A7/'.
[2019.07.12-17.37.04:809][  0]LogTemp: Display: Loaded TP AllDesktopTargetPlatform
[2019.07.12-17.37.04:823][  0]LogTemp: Display: Loaded TP MacClientTargetPlatform
[2019.07.12-17.37.04:837][  0]LogTemp: Display: Loaded TP MacNoEditorTargetPlatform
[2019.07.12-17.37.04:851][  0]LogTemp: Display: Loaded TP MacServerTargetPlatform
[2019.07.12-17.37.04:867][  0]LogTemp: Display: Loaded TP MacTargetPlatform
[2019.07.12-17.37.04:885][  0]LogTemp: Display: Loaded TP WindowsClientTargetPlatform
[2019.07.12-17.37.04:901][  0]LogTemp: Display: Loaded TP WindowsNoEditorTargetPlatform
[2019.07.12-17.37.04:915][  0]LogTemp: Display: Loaded TP WindowsServerTargetPlatform
[2019.07.12-17.37.04:921][  0]LogTemp: Display: Loaded TP WindowsTargetPlatform
[2019.07.12-17.37.05:004][  0]LogTemp: Display: Loaded TP AndroidTargetPlatform
[2019.07.12-17.37.05:004][  0]LogTemp: Display: Loaded TP AndroidTargetPlatform
[2019.07.12-17.37.05:004][  0]LogTemp: Display: Loaded TP AndroidTargetPlatform
[2019.07.12-17.37.05:004][  0]LogTemp: Display: Loaded TP AndroidTargetPlatform
[2019.07.12-17.37.05:004][  0]LogTemp: Display: Loaded TP AndroidTargetPlatform
[2019.07.12-17.37.05:004][  0]LogTemp: Display: Loaded TP AndroidTargetPlatform
[2019.07.12-17.37.05:004][  0]LogTemp: Display: Loaded TP AndroidTargetPlatform
[2019.07.12-17.37.05:004][  0]LogTemp: Display: Loaded TP AndroidTargetPlatform
[2019.07.12-17.37.05:004][  0]LogTemp: Display: Loaded TP AndroidTargetPlatform
[2019.07.12-17.37.05:004][  0]LogTemp: Display: Loaded TP AndroidTargetPlatform
[2019.07.12-17.37.05:004][  0]LogTemp: Display: Loaded TP AndroidTargetPlatform
[2019.07.12-17.37.05:004][  0]LogTemp: Display: Loaded TP AndroidTargetPlatform
[2019.07.12-17.37.05:004][  0]LogTemp: Display: Loaded TP AndroidTargetPlatform
[2019.07.12-17.37.05:004][  0]LogTemp: Display: Loaded TP AndroidTargetPlatform
[2019.07.12-17.37.05:004][  0]LogTemp: Display: Loaded TP AndroidTargetPlatform
[2019.07.12-17.37.05:004][  0]LogTemp: Display: Loaded TP AndroidTargetPlatform
[2019.07.12-17.37.05:004][  0]LogTemp: Display: Loaded TP AndroidTargetPlatform
[2019.07.12-17.37.05:004][  0]LogTemp: Display: Loaded TP AndroidTargetPlatform
[2019.07.12-17.37.05:006][  0]LogTemp: Display: Loaded TP HTML5TargetPlatform
[2019.07.12-17.37.05:080][  0]LogTemp: Display: Loaded TP IOSTargetPlatform
[2019.07.12-17.37.05:080][  0]LogTemp: Display: Loaded TP IOSTargetPlatform
[2019.07.12-17.37.05:117][  0]LogTemp: Display: Loaded TP TVOSTargetPlatform
[2019.07.12-17.37.05:117][  0]LogTemp: Display: Loaded TP TVOSTargetPlatform
[2019.07.12-17.37.05:130][  0]LogTemp: Display: Loaded TP LinuxClientTargetPlatform
[2019.07.12-17.37.05:142][  0]LogTemp: Display: Loaded TP LinuxNoEditorTargetPlatform
[2019.07.12-17.37.05:154][  0]LogTemp: Display: Loaded TP LinuxServerTargetPlatform
[2019.07.12-17.37.05:168][  0]LogTemp: Display: Loaded TP LinuxTargetPlatform
[2019.07.12-17.37.05:178][  0]LogTemp: Display: Loaded TP LuminTargetPlatform
[2019.07.12-17.37.05:178][  0]LogTargetPlatformManager: Display: Building Assets For Windows
[2019.07.12-17.37.05:248][  0]LogXGEController: Cannot use XGE Controller as Incredibuild is not installed on this machine.
[2019.07.12-17.37.05:248][  0]LogShaderCompilers: Cannot use XGE Shader Compiler as Incredibuild is not installed on this machine.
[2019.07.12-17.37.05:248][  0]LogShaderCompilers: Display: Using Local Shader Compiler.
[2019.07.12-17.37.06:129][  0]LogDerivedDataCache: Display: Max Cache Size: 512 MB
[2019.07.12-17.37.06:197][  0]LogDerivedDataCache: Loaded boot cache 0.07s 71MB C:/Users/Luis/AppData/Local/UnrealEngine/4.20/DerivedDataCache/Boot.ddc.
[2019.07.12-17.37.06:198][  0]LogDerivedDataCache: Display: Loaded Boot cache: C:/Users/Luis/AppData/Local/UnrealEngine/4.20/DerivedDataCache/Boot.ddc
[2019.07.12-17.37.06:198][  0]LogDerivedDataCache: FDerivedDataBackendGraph:  Pak pak cache file ../../../../../../Users/Luis/Documents/Unreal Projects/FinalProject/DerivedDataCache/DDC.ddp not found, will not use a pak cache.
[2019.07.12-17.37.06:198][  0]LogDerivedDataCache: Unable to find inner node Pak for hierarchical cache Hierarchy.
[2019.07.12-17.37.06:198][  0]LogDerivedDataCache: FDerivedDataBackendGraph:  CompressedPak pak cache file ../../../../../../Users/Luis/Documents/Unreal Projects/FinalProject/DerivedDataCache/Compressed.ddp not found, will not use a pak cache.
[2019.07.12-17.37.06:198][  0]LogDerivedDataCache: Unable to find inner node CompressedPak for hierarchical cache Hierarchy.
[2019.07.12-17.37.06:214][  0]LogDerivedDataCache: Display: Pak cache opened for reading ../../../Engine/DerivedDataCache/Compressed.ddp.
[2019.07.12-17.37.06:227][  0]LogDerivedDataCache: Using Local data cache path C:/Users/Luis/AppData/Local/UnrealEngine/Common/DerivedDataCache: Writable
[2019.07.12-17.37.06:227][  0]LogDerivedDataCache: Shared data cache path not found in *engine.ini, will not use an Shared cache.
[2019.07.12-17.37.06:227][  0]LogDerivedDataCache: Unable to find inner node Shared for hierarchical cache Hierarchy.
[2019.07.12-17.37.06:261][  0]LogMaterial: Verifying Global Shaders for PCD3D_SM5
[2019.07.12-17.37.06:263][  0]LogSlate: Using FreeType 2.6.0
[2019.07.12-17.37.06:263][  0]LogSlate: SlateFontServices - WITH_FREETYPE: 1, WITH_HARFBUZZ: 1
[2019.07.12-17.37.06:336][  0]LogAssetRegistry: FAssetRegistry took 0.0266 seconds to start up
[2019.07.12-17.37.06:745][  0]LogInit: Selected Device Profile: [Windows]
[2019.07.12-17.37.06:896][  0]LogSimplygon: Simplygon DLL not present - disabling.
[2019.07.12-17.37.06:901][  0]LogMeshReduction: Using SimplygonSwarm for distributed automatic mesh merging
[2019.07.12-17.37.06:901][  0]LogMeshReduction: Using ProxyLODMeshReduction for automatic mesh merging
[2019.07.12-17.37.06:901][  0]LogMeshReduction: Using QuadricMeshReduction for automatic static mesh reduction
[2019.07.12-17.37.06:901][  0]LogMeshReduction: No automatic skeletal mesh reduction module available
[2019.07.12-17.37.06:918][  0]LogNetVersion: FinalProject 1.0.0, NetCL: 4212847, EngineNetVer: 5, GameNetVer: 0 (Checksum: 2047127125)
[2019.07.12-17.37.07:422][  0]LogPackageLocalizationCache: Processed 11 localized package path(s) for 1 prioritized culture(s) in 0.050346 seconds
[2019.07.12-17.37.07:428][  0]LogUObjectArray: 38425 objects as part of root set at end of initial load.
[2019.07.12-17.37.07:428][  0]LogUObjectAllocator: 6690864 out of 0 bytes used by permanent object pool.
[2019.07.12-17.37.07:428][  0]LogUObjectArray: CloseDisregardForGC: 0/0 objects in disregard for GC pool
[2019.07.12-17.37.08:274][  0]LogTcpMessaging: Initializing TcpMessaging bridge
[2019.07.12-17.37.08:288][  0]LogUdpMessaging: Initializing bridge on interface 0.0.0.0:0 to multicast group 230.0.0.1:6666.
[2019.07.12-17.37.08:479][  0]SourceControl: Source control is disabled
[2019.07.12-17.37.08:479][  0]SourceControl: Source control is disabled
[2019.07.12-17.37.08:480][  0]SourceControl: Source control is disabled
[2019.07.12-17.37.08:481][  0]SourceControl: Source control is disabled
[2019.07.12-17.37.08:660][  0]LogAndroidPermission: UAndroidPermissionCallbackProxy::GetInstance
[2019.07.12-17.37.08:721][  0]LogOcInput: OculusInput pre-init called
[2019.07.12-17.37.08:798][  0]LogEngine: Initializing Engine...
[2019.07.12-17.37.08:799][  0]LogHMD: Failed to initialize OpenVR with code 110
[2019.07.12-17.37.08:799][  0]LogStats: UGameplayTagsManager::ConstructGameplayTagTree: ImportINI prefixes -  0.000 s
[2019.07.12-17.37.08:799][  0]LogStats: UGameplayTagsManager::ConstructGameplayTagTree: Construct from data asset -  0.000 s
[2019.07.12-17.37.08:799][  0]LogStats: UGameplayTagsManager::ConstructGameplayTagTree: ImportINI -  0.000 s
[2019.07.12-17.37.08:799][  0]LogStats: UGameplayTagsManager::ConstructGameplayTagTree: GameplayTagTreeChangedEvent.Broadcast -  0.000 s
[2019.07.12-17.37.09:017][  0]LogInit: Initializing FReadOnlyCVARCache
[2019.07.12-17.37.09:034][  0]LogAIModule: Creating AISystem for world Untitled
[2019.07.12-17.37.09:053][  0]LogInit: XAudio2 using 'Alto-falantes (Realtek High Definition Audio)' : 2 channels at 48 kHz using 32 bits per sample (channel mask 0x3)
[2019.07.12-17.37.09:080][  0]LogInit: FAudioDevice initialized.
[2019.07.12-17.37.09:080][  0]LogNetVersion: Set ProjectVersion to 1.0.0.0. Version Checksum will be recalculated on next use.
[2019.07.12-17.37.09:234][  0]LogDerivedDataCache: Saved boot cache 0.15s 71MB C:/Users/Luis/AppData/Local/UnrealEngine/4.20/DerivedDataCache/Boot.ddc.
[2019.07.12-17.37.09:265][  0]LogInit: Texture streaming: Enabled
[2019.07.12-17.37.09:295][  0]LogEngineSessionManager: EngineSessionManager initialized
[2019.07.12-17.37.09:311][  0]LogInit: Transaction tracking system initialized
[2019.07.12-17.37.09:338][  0]BlueprintLog: New page: Editor Load
[2019.07.12-17.37.09:428][  0]LocalizationService: Localization service is disabled
[2019.07.12-17.37.09:492][  0]LogLinker: Warning: Can't find file '/Game/FirstPersonBP/FirstPersonOverview'
[2019.07.12-17.37.09:492][  0]LogLinker: Warning: Can't find file '/Game/FirstPersonBP/FirstPersonOverview'
[2019.07.12-17.37.09:492][  0]LogUObjectGlobals: Warning: Failed to find object 'Class /Game/FirstPersonBP/FirstPersonOverview.FirstPersonOverview_C'
[2019.07.12-17.37.09:735][  0]LogCook: Display: Max memory allowance for cook 16384mb min free memory 0mb
[2019.07.12-17.37.09:735][  0]LogCook: Display: Mobile HDR setting 1
[2019.07.12-17.37.09:736][  0]LogGameplayTags: Display: UGameplayTagsManager::DoneAddingNativeTags. DelegateIsBound: 0
[2019.07.12-17.37.09:736][  0]LogStats: UGameplayTagsManager::ConstructGameplayTagTree: ImportINI prefixes -  0.000 s
[2019.07.12-17.37.09:736][  0]LogStats: UGameplayTagsManager::ConstructGameplayTagTree: Construct from data asset -  0.000 s
[2019.07.12-17.37.09:736][  0]LogStats: UGameplayTagsManager::ConstructGameplayTagTree: ImportINI -  0.000 s
[2019.07.12-17.37.09:736][  0]LogStats: UGameplayTagsManager::ConstructGameplayTagTree: GameplayTagTreeChangedEvent.Broadcast -  0.000 s
[2019.07.12-17.37.09:889][  0]LogFileCache: Scanning file cache for directory 'C:/Users/Luis/Documents/Unreal Projects/FinalProject/Content/' took 0.02s
[2019.07.12-17.37.09:889][  0]SourceControl: Source control is disabled
[2019.07.12-17.37.09:890][  0]Cmd: MAP LOAD FILE="../../../../../../Users/Luis/Documents/Unreal Projects/FinalProject/Content/ThirdPersonBP/Maps/ThirdPersonExampleMap.umap" TEMPLATE=0 SHOWPROGRESS=1 FEATURELEVEL=3
[2019.07.12-17.37.09:890][  0]LightingResults: New page: Lighting Build
[2019.07.12-17.37.09:893][  0]MapCheck: New page: Map Check
[2019.07.12-17.37.09:893][  0]LightingResults: New page: Lighting Build
[2019.07.12-17.37.10:728][  0]LogAIModule: Creating AISystem for world ThirdPersonExampleMap
[2019.07.12-17.37.10:775][  0]LogEditorServer: Finished looking for orphan Actors (0.000 secs)
[2019.07.12-17.37.10:810][  0]Cmd: MAP CHECKDEP NOCLEARLOG
[2019.07.12-17.37.10:876][  0]MapCheck: Map check complete: 0 Error(s), 0 Warning(s), took 67.301ms to complete.
[2019.07.12-17.37.10:876][  0]LogFileHelpers: Loading map 'ThirdPersonExampleMap' took 0.987
[2019.07.12-17.37.11:065][  0]LogSlate: Updating window title bar state: overlay mode, drag disabled, window buttons hidden, title bar hidden
[2019.07.12-17.37.11:077][  0]LogSlate: Updating window title bar state: overlay mode, drag disabled, window buttons hidden, title bar hidden
[2019.07.12-17.37.11:089][  0]LogSlate: Updating window title bar state: overlay mode, drag disabled, window buttons hidden, title bar hidden
[2019.07.12-17.37.11:099][  0]LogSlate: Updating window title bar state: overlay mode, drag disabled, window buttons hidden, title bar hidden
[2019.07.12-17.37.11:115][  0]LogCollectionManager: Loaded 0 collections in 0.002464 seconds
[2019.07.12-17.37.11:180][  0]LogFileCache: Scanning file cache for directory 'C:/Users/Luis/Documents/Unreal Projects/FinalProject/Saved/Collections/' took 0.01s
[2019.07.12-17.37.11:180][  0]LogFileCache: Scanning file cache for directory 'C:/Users/Luis/Documents/Unreal Projects/FinalProject/Content/Developers/Luis/Collections/' took 0.01s
[2019.07.12-17.37.11:180][  0]LogFileCache: Scanning file cache for directory 'C:/Users/Luis/Documents/Unreal Projects/FinalProject/Content/Collections/' took 0.01s
[2019.07.12-17.37.11:180][  0]LogCollectionManager: Rebuilt the GUID cache for 0 collections in 0.000000 seconds
[2019.07.12-17.37.11:194][  0]LogContentBrowser: Native class hierarchy populated in 0.0123 seconds. Added 2572 classes and 603 folders.
[2019.07.12-17.37.11:214][  0]LogContentBrowser: Native class hierarchy updated for 'WidgetCarousel' in 0.0003 seconds. Added 0 classes and 0 folders.
[2019.07.12-17.37.11:474][  0]LogContentBrowser: Native class hierarchy updated for 'AddContentDialog' in 0.0002 seconds. Added 0 classes and 0 folders.
[2019.07.12-17.37.11:490][  0]LogContentBrowser: Native class hierarchy updated for 'SceneOutliner' in 0.0003 seconds. Added 1 classes and 2 folders.
[2019.07.12-17.37.11:766][  0]LogSlate: Took 0.000188 seconds to synchronously load lazily loaded font '../../../Engine/Content/Slate/Fonts/Roboto-Regular.ttf' (155K)
[2019.07.12-17.37.11:770][  0]LogSlate: Took 0.000486 seconds to synchronously load lazily loaded font '../../../Engine/Content/Slate/Fonts/Roboto-Bold.ttf' (160K)
[2019.07.12-17.37.11:785][  0]LogSlate: Took 0.001450 seconds to synchronously load lazily loaded font '../../../Engine/Content/Editor/Slate/Fonts/FontAwesome.ttf' (139K)
[2019.07.12-17.37.11:929][  0]LogRenderer: Reallocating scene render targets to support 884x508 Format 10 NumSamples 1 (Frame:1).
[2019.07.12-17.37.12:240][  0]LogContentBrowser: Native class hierarchy updated for 'HierarchicalLODOutliner' in 0.0006 seconds. Added 0 classes and 0 folders.
[2019.07.12-17.37.12:240][  0]LogLoad: (Engine Initialization) Total time: 10.91 seconds
[2019.07.12-17.37.12:240][  0]LogLoad: (Engine Initialization) Total Blueprint compile time: 0.00 seconds
[2019.07.12-17.37.12:275][  0]LogWindowsTextInputMethodSystem: Display: IME system now deactivated.
[2019.07.12-17.37.12:304][  0]LogContentStreaming: Texture pool size now 1000 MB
[2019.07.12-17.37.12:320][  0]LogSlate: Took 0.001694 seconds to synchronously load lazily loaded font '../../../Engine/Content/Slate/Fonts/Roboto-Light.ttf' (167K)
[2019.07.12-17.37.12:436][  1]LogAssetRegistry: Asset discovery search completed in 6.1230 seconds
[2019.07.12-17.37.12:440][  1]LogCollectionManager: Rebuilt the object cache for 0 collections in 0.000000 seconds (found 0 objects)
[2019.07.12-17.37.12:440][  1]LogCollectionManager: Fixed up redirectors for 0 collections in 0.000068 seconds (updated 0 objects)
[2019.07.12-17.41.04:685][526]LogEditorViewport: Clicking on Actor (LMB): StaticMeshActor (Wall7)
[2019.07.12-17.41.05:331][548]Cmd: CAMERA ALIGN ACTIVEVIEWPORTONLY
[2019.07.12-17.41.07:367][657]LogSlate: FSceneViewport::OnFocusLost() reason 0
[2019.07.12-17.41.20:137][335]LogSlate: FSceneViewport::OnFocusLost() reason 0
[2019.07.12-17.41.28:094][544]LogSlate: Took 0.000242 seconds to synchronously load lazily loaded font '../../../Engine/Content/Slate/Fonts/Roboto-Light.ttf' (167K)
[2019.07.12-17.41.28:129][544]LogFactory: FactoryCreateFile: StaticMesh with FbxFactory (0 0 D:/ProjetoFinalSaga/Building.fbx)
[2019.07.12-17.41.28:195][544]LogFbx: Loading FBX Scene from D:/ProjetoFinalSaga/Building.fbx
[2019.07.12-17.41.28:215][544]LogFbx: FBX Scene Loaded Succesfully
[2019.07.12-17.41.51:813][544]LogSlate: Window 'FBX Import Options' being destroyed
[2019.07.12-17.41.52:063][544]LogLinker: Can't find file '/Game/windowsNight'
[2019.07.12-17.41.52:063][544]LogLinker: Can't find file '/Game/windowsNight'
[2019.07.12-17.41.52:084][544]LogTexture: Display: Building textures: windowsNight (BGRA8, 550X550)
[2019.07.12-17.41.52:108][544]LogMaterial: Display: Missing cached shader map for material lambert2, compiling. 
[2019.07.12-17.41.52:186][544]LogShaderCompilers: Display: Shaders left to compile 22
[2019.07.12-17.41.52:186][544]LogShaderCompilers: Display: Shaders left to compile 12
[2019.07.12-17.41.52:186][544]LogShaderCompilers: Display: Shaders left to compile 2
[2019.07.12-17.41.52:190][544]LogMaterial: Display: Missing cached shader map for material lambert3, compiling. 
[2019.07.12-17.41.52:227][544]LogMaterial: Display: Missing cached shader map for material lambert1, compiling. 
[2019.07.12-17.41.52:258][544]LogFbx: Warning: Triangulating static mesh pCube1
[2019.07.12-17.41.52:284][544]LogStaticMesh: Building static mesh Building...
[2019.07.12-17.41.52:296][544]LogStaticMesh: Built static mesh [0.01s] /Game/Building.Building
[2019.07.12-17.41.52:322][544]FBXImport: Warning: No smoothing group information was found in this FBX scene.  Please make sure to enable the 'Export Smoothing Groups' option in the FBX Exporter plug-in before exporting the file.  Even for tools that don't support smoothing groups, the FBX Exporter will generate appropriate smoothing data at export-time so that correct vertex normals can be inferred while importing. 
[2019.07.12-17.41.58:664][837]LogSlate: Window 'Message Log' being destroyed
[2019.07.12-17.41.58:676][837]LogSlate: Window 'Message Log' being destroyed
[2019.07.12-17.42.06:158][142]LogActorFactory: Actor Factory created Building
[2019.07.12-17.42.07:901][218]LogShaderCompilers: Display: Shaders left to compile 44
[2019.07.12-17.42.09:788][313]LogActorFactory: Actor Factory created Building
[2019.07.12-17.42.15:087][425]LogShaderCompilers: Display: Shaders left to compile 34
[2019.07.12-17.42.16:042][425]LogShaderCompilers: Display: Shaders left to compile 24
[2019.07.12-17.42.17:700][426]LogEditorViewport: Clicking on Actor (LMB): StaticMeshActor (Floor)
[2019.07.12-17.42.17:828][426]LogEditorViewport: Clicking on Actor (LMB): StaticMeshActor (Wall21)
[2019.07.12-17.42.18:145][427]LogShaderCompilers: Display: Shaders left to compile 14
[2019.07.12-17.42.20:245][533]LogEditorViewport: Clicking on Actor (LMB): StaticMeshActor (Building)
[2019.07.12-17.42.21:806][536]LogShaderCompilers: Display: Shaders left to compile 4
[2019.07.12-17.42.43:537][591]LogEditorViewport: Clicking on Actor (LMB): StaticMeshActor (Wall7)
[2019.07.12-17.42.44:568][646]Cmd: DELETE
[2019.07.12-17.42.44:568][646]Cmd: ACTOR DELETE
[2019.07.12-17.42.44:588][646]LogEditorActor: Deleted Actor: StaticMeshActor
[2019.07.12-17.42.44:618][646]LogEditorActor: Deleted 1 Actors (0.039 secs)
[2019.07.12-17.42.45:763][714]LogEditorViewport: Clicking on Actor (LMB): StaticMeshActor (Building)
[2019.07.12-17.42.52:422][ 95]LogEditorViewport: Clicking on Actor (LMB): StaticMeshActor (Floor)
[2019.07.12-17.42.53:613][160]LogEditorViewport: Clicking on Actor (LMB): BP_Sky_Sphere_C (SkySphereBlueprint)
[2019.07.12-17.43.01:652][617]LogEditorViewport: Clicking on Actor (LMB): StaticMeshActor (Building)
[2019.07.12-17.43.02:203][643]Cmd: EDIT COPY
[2019.07.12-17.43.02:533][659]Cmd: EDIT PASTE
[2019.07.12-17.43.11:579][183]LogEditorViewport: Clicking on Actor (LMB): StaticMeshActor (Floor)
[2019.07.12-17.43.13:173][270]LogEditorViewport: Clicking on Actor (LMB): BP_Sky_Sphere_C (SkySphereBlueprint)
[2019.07.12-17.43.16:621][467]LogEditorViewport: Clicking on Actor (LMB): StaticMeshActor (Building)
[2019.07.12-17.43.20:566][685]LogSlate: FSceneViewport::OnFocusLost() reason 0
[2019.07.12-17.43.20:630][689]LogTemp: Repeating last play command: Selected Viewport
[2019.07.12-17.43.20:651][689]LogBlueprintUserMessages: Early PlayInEditor Detection: Level '/Game/ThirdPersonBP/Maps/ThirdPersonExampleMap.ThirdPersonExampleMap:PersistentLevel' has LevelScriptBlueprint '/Game/ThirdPersonBP/Maps/ThirdPersonExampleMap.ThirdPersonExampleMap:PersistentLevel.ThirdPersonExampleMap' with GeneratedClass '/Game/ThirdPersonBP/Maps/ThirdPersonExampleMap.ThirdPersonExampleMap_C' with ClassGeneratedBy '/Game/ThirdPersonBP/Maps/ThirdPersonExampleMap.ThirdPersonExampleMap:PersistentLevel.ThirdPersonExampleMap'
[2019.07.12-17.43.20:653][689]LogPlayLevel: PlayLevel: No blueprints needed recompiling
[2019.07.12-17.43.20:677][689]PIE: New page: PIE session: ThirdPersonExampleMap (Jul 12, 2019, 11:43:20 AM)
[2019.07.12-17.43.20:678][689]LogPlayLevel: Creating play world package: /Game/ThirdPersonBP/Maps/UEDPIE_0_ThirdPersonExampleMap
[2019.07.12-17.43.20:717][689]LogPlayLevel: PIE: StaticDuplicateObject took: (0.038862s)
[2019.07.12-17.43.20:718][689]LogAIModule: Creating AISystem for world ThirdPersonExampleMap
[2019.07.12-17.43.20:719][689]LogPlayLevel: PIE: World Init took: (0.001952s)
[2019.07.12-17.43.20:719][689]LogPlayLevel: PIE: Created PIE world by copying editor world from /Game/ThirdPersonBP/Maps/ThirdPersonExampleMap.ThirdPersonExampleMap to /Game/ThirdPersonBP/Maps/UEDPIE_0_ThirdPersonExampleMap.ThirdPersonExampleMap (0.041307s)
[2019.07.12-17.43.20:770][689]LogInit: XAudio2 using 'Alto-falantes (Realtek High Definition Audio)' : 2 channels at 48 kHz using 32 bits per sample (channel mask 0x3)
[2019.07.12-17.43.20:789][689]LogInit: FAudioDevice initialized.
[2019.07.12-17.43.20:856][689]LogLoad: Game class is 'ThirdPersonGameMode_C'
[2019.07.12-17.43.20:875][689]LogWorld: Bringing World /Game/ThirdPersonBP/Maps/UEDPIE_0_ThirdPersonExampleMap.ThirdPersonExampleMap up for play (max tick rate 60) at 2019.07.12-14.43.20
[2019.07.12-17.43.20:879][689]LogWorld: Bringing up level for play took: 0.012088
[2019.07.12-17.43.20:925][689]LogContentBrowser: Native class hierarchy updated for 'MovieSceneCapture' in 0.0005 seconds. Added 10 classes and 0 folders.
[2019.07.12-17.43.20:930][689]PIE: Play in editor start time for /Game/ThirdPersonBP/Maps/UEDPIE_0_ThirdPersonExampleMap -0.325
[2019.07.12-17.43.20:931][689]LogBlueprintUserMessages: Late PlayInEditor Detection: Level '/Game/ThirdPersonBP/Maps/ThirdPersonExampleMap.ThirdPersonExampleMap:PersistentLevel' has LevelScriptBlueprint '/Game/ThirdPersonBP/Maps/ThirdPersonExampleMap.ThirdPersonExampleMap:PersistentLevel.ThirdPersonExampleMap' with GeneratedClass '/Game/ThirdPersonBP/Maps/ThirdPersonExampleMap.ThirdPersonExampleMap_C' with ClassGeneratedBy '/Game/ThirdPersonBP/Maps/ThirdPersonExampleMap.ThirdPersonExampleMap:PersistentLevel.ThirdPersonExampleMap'
[2019.07.12-17.47.03:472][845]LogBlueprintUserMessages: Early EndPlayMap Detection: Level '/Game/ThirdPersonBP/Maps/ThirdPersonExampleMap.ThirdPersonExampleMap:PersistentLevel' has LevelScriptBlueprint '/Game/ThirdPersonBP/Maps/ThirdPersonExampleMap.ThirdPersonExampleMap:PersistentLevel.ThirdPersonExampleMap' with GeneratedClass '/Game/ThirdPersonBP/Maps/ThirdPersonExampleMap.ThirdPersonExampleMap_C' with ClassGeneratedBy '/Game/ThirdPersonBP/Maps/ThirdPersonExampleMap.ThirdPersonExampleMap:PersistentLevel.ThirdPersonExampleMap'
[2019.07.12-17.47.03:477][845]LogSlate: Updating window title bar state: overlay mode, drag disabled, window buttons hidden, title bar hidden
[2019.07.12-17.47.03:531][845]LogPlayLevel: Display: Shutting down PIE online subsystems
[2019.07.12-17.47.03:532][845]LogBlueprintUserMessages: Late EndPlayMap Detection: Level '/Game/ThirdPersonBP/Maps/ThirdPersonExampleMap.ThirdPersonExampleMap:PersistentLevel' has LevelScriptBlueprint '/Game/ThirdPersonBP/Maps/ThirdPersonExampleMap.ThirdPersonExampleMap:PersistentLevel.ThirdPersonExampleMap' with GeneratedClass '/Game/ThirdPersonBP/Maps/ThirdPersonExampleMap.ThirdPersonExampleMap_C' with ClassGeneratedBy '/Game/ThirdPersonBP/Maps/ThirdPersonExampleMap.ThirdPersonExampleMap:PersistentLevel.ThirdPersonExampleMap'
[2019.07.12-17.47.03:570][845]LogSlate: Updating window title bar state: overlay mode, drag disabled, window buttons hidden, title bar hidden
[2019.07.12-17.47.03:611][846]LogPlayLevel: Display: Destroying online subsystem :Context_3
[2019.07.12-17.47.06:645][ 18]LogSlate: FSceneViewport::OnFocusLost() reason 0
[2019.07.12-17.47.06:998][ 22]LogSavePackage: Moving '../../../../../../Users/Luis/Documents/Unreal Projects/FinalProject/Saved/ThirdPersonExampleMap8322E34746EFD637FBC040A83204D66C.tmp' to '../../../../../../Users/Luis/Documents/Unreal Projects/FinalProject/Content/ThirdPersonBP/Maps/ThirdPersonExampleMap.umap'
[2019.07.12-17.47.07:538][ 22]LogSavePackage: Moving '../../../../../../Users/Luis/Documents/Unreal Projects/FinalProject/Saved/ThirdPersonExampleMap_BuiltDataE43986834D1735B75952C7B97C34CA77.tmp' to '../../../../../../Users/Luis/Documents/Unreal Projects/FinalProject/Content/ThirdPersonBP/Maps/ThirdPersonExampleMap_BuiltData.uasset'
[2019.07.12-17.47.30:031][306]LogSlate: FSceneViewport::OnFocusLost() reason 0
[2019.07.12-17.47.36:030][646]LogSlate: FSceneViewport::OnFocusLost() reason 0
[2019.07.12-17.47.41:169][938]LogSlate: FSceneViewport::OnFocusLost() reason 2
[2019.07.12-17.48.48:492][916]LogTemp: Repeating last play command: Selected Viewport
[2019.07.12-17.48.48:508][916]LogBlueprintUserMessages: Early PlayInEditor Detection: Level '/Game/ThirdPersonBP/Maps/ThirdPersonExampleMap.ThirdPersonExampleMap:PersistentLevel' has LevelScriptBlueprint '/Game/ThirdPersonBP/Maps/ThirdPersonExampleMap.ThirdPersonExampleMap:PersistentLevel.ThirdPersonExampleMap' with GeneratedClass '/Game/ThirdPersonBP/Maps/ThirdPersonExampleMap.ThirdPersonExampleMap_C' with ClassGeneratedBy '/Game/ThirdPersonBP/Maps/ThirdPersonExampleMap.ThirdPersonExampleMap:PersistentLevel.ThirdPersonExampleMap'
[2019.07.12-17.48.48:508][916]LogPlayLevel: PlayLevel: No blueprints needed recompiling
[2019.07.12-17.48.48:508][916]PIE: New page: PIE session: ThirdPersonExampleMap (Jul 12, 2019, 11:48:48 AM)
[2019.07.12-17.48.48:508][916]LogPlayLevel: Creating play world package: /Game/ThirdPersonBP/Maps/UEDPIE_0_ThirdPersonExampleMap
[2019.07.12-17.48.48:531][916]LogPlayLevel: PIE: StaticDuplicateObject took: (0.023114s)
[2019.07.12-17.48.48:533][916]LogAIModule: Creating AISystem for world ThirdPersonExampleMap
[2019.07.12-17.48.48:534][916]LogPlayLevel: PIE: World Init took: (0.002170s)
[2019.07.12-17.48.48:534][916]LogPlayLevel: PIE: Created PIE world by copying editor world from /Game/ThirdPersonBP/Maps/ThirdPersonExampleMap.ThirdPersonExampleMap to /Game/ThirdPersonBP/Maps/UEDPIE_0_ThirdPersonExampleMap.ThirdPersonExampleMap (0.025487s)
[2019.07.12-17.48.48:576][916]LogInit: XAudio2 using 'Alto-falantes (Realtek High Definition Audio)' : 2 channels at 48 kHz using 32 bits per sample (channel mask 0x3)
[2019.07.12-17.48.48:593][916]LogInit: FAudioDevice initialized.
[2019.07.12-17.48.48:631][916]LogLoad: Game class is 'ThirdPersonGameMode_C'
[2019.07.12-17.48.48:642][916]LogWorld: Bringing World /Game/ThirdPersonBP/Maps/UEDPIE_0_ThirdPersonExampleMap.ThirdPersonExampleMap up for play (max tick rate 60) at 2019.07.12-14.48.48
[2019.07.12-17.48.48:642][916]LogWorld: Bringing up level for play took: 0.009466
[2019.07.12-17.48.48:658][916]PIE: Play in editor start time for /Game/ThirdPersonBP/Maps/UEDPIE_0_ThirdPersonExampleMap -0.598
[2019.07.12-17.48.48:658][916]LogBlueprintUserMessages: Late PlayInEditor Detection: Level '/Game/ThirdPersonBP/Maps/ThirdPersonExampleMap.ThirdPersonExampleMap:PersistentLevel' has LevelScriptBlueprint '/Game/ThirdPersonBP/Maps/ThirdPersonExampleMap.ThirdPersonExampleMap:PersistentLevel.ThirdPersonExampleMap' with GeneratedClass '/Game/ThirdPersonBP/Maps/ThirdPersonExampleMap.ThirdPersonExampleMap_C' with ClassGeneratedBy '/Game/ThirdPersonBP/Maps/ThirdPersonExampleMap.ThirdPersonExampleMap:PersistentLevel.ThirdPersonExampleMap'
[2019.07.12-17.53.27:885][388]LogBlueprintUserMessages: Early EndPlayMap Detection: Level '/Game/ThirdPersonBP/Maps/ThirdPersonExampleMap.ThirdPersonExampleMap:PersistentLevel' has LevelScriptBlueprint '/Game/ThirdPersonBP/Maps/ThirdPersonExampleMap.ThirdPersonExampleMap:PersistentLevel.ThirdPersonExampleMap' with GeneratedClass '/Game/ThirdPersonBP/Maps/ThirdPersonExampleMap.ThirdPersonExampleMap_C' with ClassGeneratedBy '/Game/ThirdPersonBP/Maps/ThirdPersonExampleMap.ThirdPersonExampleMap:PersistentLevel.ThirdPersonExampleMap'
[2019.07.12-17.53.27:886][388]LogSlate: Updating window title bar state: overlay mode, drag disabled, window buttons hidden, title bar hidden
[2019.07.12-17.53.27:927][388]LogPlayLevel: Display: Shutting down PIE online subsystems
[2019.07.12-17.53.27:928][388]LogBlueprintUserMessages: Late EndPlayMap Detection: Level '/Game/ThirdPersonBP/Maps/ThirdPersonExampleMap.ThirdPersonExampleMap:PersistentLevel' has LevelScriptBlueprint '/Game/ThirdPersonBP/Maps/ThirdPersonExampleMap.ThirdPersonExampleMap:PersistentLevel.ThirdPersonExampleMap' with GeneratedClass '/Game/ThirdPersonBP/Maps/ThirdPersonExampleMap.ThirdPersonExampleMap_C' with ClassGeneratedBy '/Game/ThirdPersonBP/Maps/ThirdPersonExampleMap.ThirdPersonExampleMap:PersistentLevel.ThirdPersonExampleMap'
[2019.07.12-17.53.27:980][388]LogSlate: Updating window title bar state: overlay mode, drag disabled, window buttons hidden, title bar hidden
[2019.07.12-17.53.28:021][389]LogPlayLevel: Display: Destroying online subsystem :Context_4
[2019.07.12-17.54.33:728][315]LogSlate: FSceneViewport::OnFocusLost() reason 0
[2019.07.12-17.54.33:778][318]LogTemp: Repeating last play command: Selected Viewport
[2019.07.12-17.54.33:794][318]LogBlueprintUserMessages: Early PlayInEditor Detection: Level '/Game/ThirdPersonBP/Maps/ThirdPersonExampleMap.ThirdPersonExampleMap:PersistentLevel' has LevelScriptBlueprint '/Game/ThirdPersonBP/Maps/ThirdPersonExampleMap.ThirdPersonExampleMap:PersistentLevel.ThirdPersonExampleMap' with GeneratedClass '/Game/ThirdPersonBP/Maps/ThirdPersonExampleMap.ThirdPersonExampleMap_C' with ClassGeneratedBy '/Game/ThirdPersonBP/Maps/ThirdPersonExampleMap.ThirdPersonExampleMap:PersistentLevel.ThirdPersonExampleMap'
[2019.07.12-17.54.33:795][318]LogPlayLevel: PlayLevel: No blueprints needed recompiling
[2019.07.12-17.54.33:795][318]PIE: New page: PIE session: ThirdPersonExampleMap (Jul 12, 2019, 11:54:33 AM)
[2019.07.12-17.54.33:795][318]LogPlayLevel: Creating play world package: /Game/ThirdPersonBP/Maps/UEDPIE_0_ThirdPersonExampleMap
[2019.07.12-17.54.33:815][318]LogPlayLevel: PIE: StaticDuplicateObject took: (0.020504s)
[2019.07.12-17.54.33:817][318]LogAIModule: Creating AISystem for world ThirdPersonExampleMap
[2019.07.12-17.54.33:818][318]LogPlayLevel: PIE: World Init took: (0.001773s)
[2019.07.12-17.54.33:818][318]LogPlayLevel: PIE: Created PIE world by copying editor world from /Game/ThirdPersonBP/Maps/ThirdPersonExampleMap.ThirdPersonExampleMap to /Game/ThirdPersonBP/Maps/UEDPIE_0_ThirdPersonExampleMap.ThirdPersonExampleMap (0.022710s)
[2019.07.12-17.54.33:869][318]LogInit: XAudio2 using 'Alto-falantes (Realtek High Definition Audio)' : 2 channels at 48 kHz using 32 bits per sample (channel mask 0x3)
[2019.07.12-17.54.33:888][318]LogInit: FAudioDevice initialized.
[2019.07.12-17.54.33:923][318]LogLoad: Game class is 'ThirdPersonGameMode_C'
[2019.07.12-17.54.33:936][318]LogWorld: Bringing World /Game/ThirdPersonBP/Maps/UEDPIE_0_ThirdPersonExampleMap.ThirdPersonExampleMap up for play (max tick rate 60) at 2019.07.12-14.54.33
[2019.07.12-17.54.33:937][318]LogWorld: Bringing up level for play took: 0.011554
[2019.07.12-17.54.33:957][318]PIE: Play in editor start time for /Game/ThirdPersonBP/Maps/UEDPIE_0_ThirdPersonExampleMap 0.701
[2019.07.12-17.54.33:958][318]LogBlueprintUserMessages: Late PlayInEditor Detection: Level '/Game/ThirdPersonBP/Maps/ThirdPersonExampleMap.ThirdPersonExampleMap:PersistentLevel' has LevelScriptBlueprint '/Game/ThirdPersonBP/Maps/ThirdPersonExampleMap.ThirdPersonExampleMap:PersistentLevel.ThirdPersonExampleMap' with GeneratedClass '/Game/ThirdPersonBP/Maps/ThirdPersonExampleMap.ThirdPersonExampleMap_C' with ClassGeneratedBy '/Game/ThirdPersonBP/Maps/ThirdPersonExampleMap.ThirdPersonExampleMap:PersistentLevel.ThirdPersonExampleMap'
[2019.07.12-17.56.19:171][483]LogBlueprintUserMessages: Early EndPlayMap Detection: Level '/Game/ThirdPersonBP/Maps/ThirdPersonExampleMap.ThirdPersonExampleMap:PersistentLevel' has LevelScriptBlueprint '/Game/ThirdPersonBP/Maps/ThirdPersonExampleMap.ThirdPersonExampleMap:PersistentLevel.ThirdPersonExampleMap' with GeneratedClass '/Game/ThirdPersonBP/Maps/ThirdPersonExampleMap.ThirdPersonExampleMap_C' with ClassGeneratedBy '/Game/ThirdPersonBP/Maps/ThirdPersonExampleMap.ThirdPersonExampleMap:PersistentLevel.ThirdPersonExampleMap'
[2019.07.12-17.56.19:171][483]LogSlate: Updating window title bar state: overlay mode, drag disabled, window buttons hidden, title bar hidden
[2019.07.12-17.56.19:214][483]LogPlayLevel: Display: Shutting down PIE online subsystems
[2019.07.12-17.56.19:215][483]LogBlueprintUserMessages: Late EndPlayMap Detection: Level '/Game/ThirdPersonBP/Maps/ThirdPersonExampleMap.ThirdPersonExampleMap:PersistentLevel' has LevelScriptBlueprint '/Game/ThirdPersonBP/Maps/ThirdPersonExampleMap.ThirdPersonExampleMap:PersistentLevel.ThirdPersonExampleMap' with GeneratedClass '/Game/ThirdPersonBP/Maps/ThirdPersonExampleMap.ThirdPersonExampleMap_C' with ClassGeneratedBy '/Game/ThirdPersonBP/Maps/ThirdPersonExampleMap.ThirdPersonExampleMap:PersistentLevel.ThirdPersonExampleMap'
[2019.07.12-17.56.19:256][483]LogSlate: Updating window title bar state: overlay mode, drag disabled, window buttons hidden, title bar hidden
[2019.07.12-17.56.19:294][484]LogPlayLevel: Display: Destroying online subsystem :Context_5
[2019.07.12-17.56.21:650][614]LogSlate: FSceneViewport::OnFocusLost() reason 0
[2019.07.12-17.56.26:024][618]LogSlate: Window 'Save Content' being destroyed
[2019.07.12-17.56.26:050][618]LogSlate: FSceneViewport::OnFocusLost() reason 2
[2019.07.12-17.56.26:135][618]Cmd: OBJ SAVEPACKAGE PACKAGE="/Game/Building" FILE="../../../../../../Users/Luis/Documents/Unreal Projects/FinalProject/Content/Building.uasset" SILENT=true
[2019.07.12-17.56.26:155][618]LogSavePackage: Moving '../../../../../../Users/Luis/Documents/Unreal Projects/FinalProject/Saved/Building7FB5297A42D5F0177C41869083EC5613.tmp' to '../../../../../../Users/Luis/Documents/Unreal Projects/FinalProject/Content/Building.uasset'
[2019.07.12-17.56.26:198][618]Cmd: OBJ SAVEPACKAGE PACKAGE="/Game/lambert1" FILE="../../../../../../Users/Luis/Documents/Unreal Projects/FinalProject/Content/lambert1.uasset" SILENT=true
[2019.07.12-17.56.26:213][618]LogSavePackage: Moving '../../../../../../Users/Luis/Documents/Unreal Projects/FinalProject/Saved/lambert1C6F0650844D6021533AD2CA37177A273.tmp' to '../../../../../../Users/Luis/Documents/Unreal Projects/FinalProject/Content/lambert1.uasset'
[2019.07.12-17.56.26:262][618]Cmd: OBJ SAVEPACKAGE PACKAGE="/Game/lambert2" FILE="../../../../../../Users/Luis/Documents/Unreal Projects/FinalProject/Content/lambert2.uasset" SILENT=true
[2019.07.12-17.56.26:281][618]LogSavePackage: Moving '../../../../../../Users/Luis/Documents/Unreal Projects/FinalProject/Saved/lambert27B4D588941AB5578F48AD9A0DB37EC47.tmp' to '../../../../../../Users/Luis/Documents/Unreal Projects/FinalProject/Content/lambert2.uasset'
[2019.07.12-17.56.26:325][618]Cmd: OBJ SAVEPACKAGE PACKAGE="/Game/lambert3" FILE="../../../../../../Users/Luis/Documents/Unreal Projects/FinalProject/Content/lambert3.uasset" SILENT=true
[2019.07.12-17.56.26:342][618]LogSavePackage: Moving '../../../../../../Users/Luis/Documents/Unreal Projects/FinalProject/Saved/lambert3670FE2884A88F594C5E57C8589C6E21D.tmp' to '../../../../../../Users/Luis/Documents/Unreal Projects/FinalProject/Content/lambert3.uasset'
[2019.07.12-17.56.26:362][618]Cmd: OBJ SAVEPACKAGE PACKAGE="/Game/windowsNight" FILE="../../../../../../Users/Luis/Documents/Unreal Projects/FinalProject/Content/windowsNight.uasset" SILENT=true
[2019.07.12-17.56.26:430][618]LogSavePackage: Moving '../../../../../../Users/Luis/Documents/Unreal Projects/FinalProject/Saved/windowsNightADB444684BDEA668E1AC838ED82E4A64.tmp' to '../../../../../../Users/Luis/Documents/Unreal Projects/FinalProject/Content/windowsNight.uasset'
[2019.07.12-17.56.26:509][618]LogSlate: Window 'FinalProject - Unreal Editor' being destroyed
[2019.07.12-17.56.26:822][619]Cmd: QUIT_EDITOR
[2019.07.12-17.56.27:038][619]LogWindowsTextInputMethodSystem: Display: IME system now deactivated.
[2019.07.12-17.56.27:087][619]LogExit: Preparing to exit.
[2019.07.12-17.56.27:994][619]LogExit: Editor shut down
[2019.07.12-17.56.27:995][619]LogExit: Transaction tracking system shut down
[2019.07.12-17.56.28:593][619]LogExit: Object subsystem successfully closed.
[2019.07.12-17.56.28:617][619]LogShaderCompilers: Display: Shaders left to compile 0
[2019.07.12-17.56.28:630][619]LogD3D11RHI: Shutdown
[2019.07.12-17.56.28:630][619]LogD3D11RHI: CleanupD3DDevice
[2019.07.12-17.56.28:635][619]LogD3D11RHI: ~FD3D11DynamicRHI
[2019.07.12-17.56.28:671][619]LogModuleManager: Shutting down and abandoning module MovieSceneCapture (616)
[2019.07.12-17.56.28:671][619]LogModuleManager: Shutting down and abandoning module Voice (614)
[2019.07.12-17.56.28:671][619]LogModuleManager: Shutting down and abandoning module MeshBuilder (612)
[2019.07.12-17.56.28:671][619]LogModuleManager: Shutting down and abandoning module HierarchicalLODOutliner (610)
[2019.07.12-17.56.28:671][619]LogModuleManager: Shutting down and abandoning module SceneOutliner (608)
[2019.07.12-17.56.28:671][619]LogModuleManager: Shutting down and abandoning module AddContentDialog (606)
[2019.07.12-17.56.28:673][619]LogModuleManager: Shutting down and abandoning module WidgetCarousel (605)
[2019.07.12-17.56.28:674][619]LogModuleManager: Shutting down and abandoning module EditorWidgets (602)
[2019.07.12-17.56.28:674][619]LogModuleManager: Shutting down and abandoning module CollectionManager (600)
[2019.07.12-17.56.28:674][619]LogModuleManager: Shutting down and abandoning module StatsViewer (598)
[2019.07.12-17.56.28:674][619]LogModuleManager: Shutting down and abandoning module FoliageEdit (596)
[2019.07.12-17.56.28:674][619]LogModuleManager: Shutting down and abandoning module LandscapeEditor (594)
[2019.07.12-17.56.28:674][619]LogModuleManager: Shutting down and abandoning module MeshPaintMode (592)
[2019.07.12-17.56.28:674][619]LogModuleManager: Shutting down and abandoning module SceneDepthPickerMode (590)
[2019.07.12-17.56.28:674][619]LogModuleManager: Shutting down and abandoning module ActorPickerMode (588)
[2019.07.12-17.56.28:674][619]LogModuleManager: Shutting down and abandoning module GeometryMode (586)
[2019.07.12-17.56.28:674][619]LogModuleManager: Shutting down and abandoning module TextureAlignMode (584)
[2019.07.12-17.56.28:674][619]LogModuleManager: Shutting down and abandoning module BspMode (582)
[2019.07.12-17.56.28:674][619]LogModuleManager: Shutting down and abandoning module PIEPreviewDeviceProfileSelector (580)
[2019.07.12-17.56.28:674][619]LogModuleManager: Shutting down and abandoning module SequenceRecorderSections (578)
[2019.07.12-17.56.28:675][619]LogModuleManager: Shutting down and abandoning module AutomationWorker (576)
[2019.07.12-17.56.28:675][619]LogModuleManager: Shutting down and abandoning module AudioCaptureEditor (574)
[2019.07.12-17.56.28:675][619]LogModuleManager: Shutting down and abandoning module SequenceRecorder (573)
[2019.07.12-17.56.28:675][619]LogModuleManager: Shutting down and abandoning module MatineeToLevelSequence (570)
[2019.07.12-17.56.28:675][619]LogModuleManager: Shutting down and abandoning module LevelSequenceEditor (568)
[2019.07.12-17.56.28:675][619]LogModuleManager: Shutting down and abandoning module PlacementMode (567)
[2019.07.12-17.56.28:675][619]LogModuleManager: Shutting down and abandoning module MaterialEditor (566)
[2019.07.12-17.56.28:675][619]LogModuleManager: Shutting down and abandoning module WmfMediaFactory (562)
[2019.07.12-17.56.28:675][619]LogModuleManager: Shutting down and abandoning module WmfMediaEditor (560)
[2019.07.12-17.56.28:675][619]LogModuleManager: Shutting down and abandoning module MediaPlayerEditor (558)
[2019.07.12-17.56.28:675][619]LogModuleManager: Shutting down and abandoning module OpenExrWrapper (556)
[2019.07.12-17.56.28:675][619]LogModuleManager: Shutting down and abandoning module ImgMediaFactory (554)
[2019.07.12-17.56.28:675][619]LogModuleManager: Shutting down and abandoning module ImgMediaEditor (552)
[2019.07.12-17.56.28:675][619]LogModuleManager: Shutting down and abandoning module AvfMediaFactory (550)
[2019.07.12-17.56.28:675][619]LogModuleManager: Shutting down and abandoning module AvfMediaEditor (548)
[2019.07.12-17.56.28:675][619]LogModuleManager: Shutting down and abandoning module AndroidMediaFactory (546)
[2019.07.12-17.56.28:675][619]LogModuleManager: Shutting down and abandoning module AndroidMediaEditor (544)
[2019.07.12-17.56.28:675][619]LogModuleManager: Shutting down and abandoning module MagicLeapCameraPreviewFactory (542)
[2019.07.12-17.56.28:675][619]LogModuleManager: Shutting down and abandoning module MagicLeapMediaFactory (540)
[2019.07.12-17.56.28:676][619]LogModuleManager: Shutting down and abandoning module MagicLeapMediaEditor (538)
[2019.07.12-17.56.28:676][619]LogModuleManager: Shutting down and abandoning module CharacterAI (536)
[2019.07.12-17.56.28:676][619]LogModuleManager: Shutting down and abandoning module SmartSnapping (534)
[2019.07.12-17.56.28:676][619]LogModuleManager: Shutting down and abandoning module SessionServices (532)
[2019.07.12-17.56.28:676][619]LogModuleManager: Shutting down and abandoning module ViewportSnapping (530)
[2019.07.12-17.56.28:676][619]LogModuleManager: Shutting down and abandoning module ViewportInteraction (528)
[2019.07.12-17.56.28:676][619]LogModuleManager: Shutting down and abandoning module ClothPainter (526)
[2019.07.12-17.56.28:676][619]LogModuleManager: Shutting down and abandoning module SkeletalMeshEditor (525)
[2019.07.12-17.56.28:676][619]LogModuleManager: Shutting down and abandoning module LogVisualizer (522)
[2019.07.12-17.56.28:676][619]LogModuleManager: Shutting down and abandoning module IntroTutorials (520)
[2019.07.12-17.56.28:676][619]LogModuleManager: Shutting down and abandoning module GameProjectGeneration (519)
[2019.07.12-17.56.28:676][619]LogModuleManager: Shutting down and abandoning module LuminPlatformEditor (516)
[2019.07.12-17.56.28:676][619]LogModuleManager: Shutting down and abandoning module IOSPlatformEditor (514)
[2019.07.12-17.56.28:676][619]LogModuleManager: Shutting down and abandoning module HTML5PlatformEditor (512)
[2019.07.12-17.56.28:676][619]LogModuleManager: Shutting down and abandoning module AndroidPlatformEditor (510)
[2019.07.12-17.56.28:676][619]LogModuleManager: Shutting down and abandoning module AndroidDeviceDetection (509)
[2019.07.12-17.56.29:153][619]LogModuleManager: Shutting down and abandoning module WindowsPlatformEditor (506)
[2019.07.12-17.56.29:153][619]LogModuleManager: Shutting down and abandoning module LuminRuntimeSettings (504)
[2019.07.12-17.56.29:153][619]LogModuleManager: Shutting down and abandoning module IOSRuntimeSettings (502)
[2019.07.12-17.56.29:153][619]LogModuleManager: Shutting down and abandoning module AndroidRuntimeSettings (500)
[2019.07.12-17.56.29:154][619]LogModuleManager: Shutting down and abandoning module InputBindingEditor (498)
[2019.07.12-17.56.29:154][619]LogModuleManager: Shutting down and abandoning module MergeActors (496)
[2019.07.12-17.56.29:154][619]LogModuleManager: Shutting down and abandoning module LocalizationDashboard (494)
[2019.07.12-17.56.29:154][619]LogModuleManager: Shutting down and abandoning module LocalizationService (493)
[2019.07.12-17.56.29:154][619]LogModuleManager: Shutting down and abandoning module HardwareTargeting (490)
[2019.07.12-17.56.29:154][619]LogModuleManager: Shutting down and abandoning module DeviceProfileEditor (488)
[2019.07.12-17.56.29:154][619]LogModuleManager: Shutting down and abandoning module UndoHistory (486)
[2019.07.12-17.56.29:154][619]LogModuleManager: Shutting down and abandoning module XmlParser (484)
[2019.07.12-17.56.29:154][619]LogModuleManager: Shutting down and abandoning module Blutility (482)
[2019.07.12-17.56.29:154][619]LogModuleManager: Shutting down and abandoning module ProjectSettingsViewer (480)
[2019.07.12-17.56.29:154][619]LogModuleManager: Shutting down and abandoning module ProjectTargetPlatformEditor (479)
[2019.07.12-17.56.29:155][619]LogModuleManager: Shutting down and abandoning module EditorSettingsViewer (476)
[2019.07.12-17.56.29:155][619]LogModuleManager: Shutting down and abandoning module SettingsEditor (474)
[2019.07.12-17.56.29:155][619]LogModuleManager: Shutting down and abandoning module ProjectLauncher (472)
[2019.07.12-17.56.29:155][619]LogModuleManager: Shutting down and abandoning module SessionFrontend (470)
[2019.07.12-17.56.29:155][619]LogModuleManager: Shutting down and abandoning module ProfilerClient (468)
[2019.07.12-17.56.29:155][619]LogModuleManager: Shutting down and abandoning module DeviceManager (466)
[2019.07.12-17.56.29:155][619]LogModuleManager: Shutting down and abandoning module TargetDeviceServices (465)
[2019.07.12-17.56.29:222][619]LogModuleManager: Shutting down and abandoning module AutomationController (462)
[2019.07.12-17.56.29:222][619]LogModuleManager: Shutting down and abandoning module AutomationWindow (460)
[2019.07.12-17.56.29:223][619]LogModuleManager: Shutting down and abandoning module Layers (458)
[2019.07.12-17.56.29:223][619]LogModuleManager: Shutting down and abandoning module ComponentVisualizers (456)
[2019.07.12-17.56.29:223][619]LogModuleManager: Shutting down and abandoning module DetailCustomizations (454)
[2019.07.12-17.56.29:224][619]LogModuleManager: Shutting down and abandoning module PackagesDialog (452)
[2019.07.12-17.56.29:224][619]LogModuleManager: Shutting down and abandoning module Persona (450)
[2019.07.12-17.56.29:225][619]LogModuleManager: Shutting down and abandoning module AdvancedPreviewScene (449)
[2019.07.12-17.56.29:225][619]LogModuleManager: Shutting down and abandoning module AnimGraph (447)
[2019.07.12-17.56.29:225][619]LogModuleManager: Shutting down and abandoning module Kismet (444)
[2019.07.12-17.56.29:227][619]LogModuleManager: Shutting down and abandoning module GraphEditor (442)
[2019.07.12-17.56.29:227][619]LogModuleManager: Shutting down and abandoning module ClassViewer (440)
[2019.07.12-17.56.29:227][619]LogModuleManager: Shutting down and abandoning module Toolbox (438)
[2019.07.12-17.56.29:227][619]LogModuleManager: Shutting down and abandoning module ModuleUI (436)
[2019.07.12-17.56.29:227][619]LogModuleManager: Shutting down and abandoning module MovieSceneTools (434)
[2019.07.12-17.56.29:227][619]LogModuleManager: Shutting down and abandoning module OutputLog (432)
[2019.07.12-17.56.29:227][619]LogModuleManager: Shutting down and abandoning module GammaUI (430)
[2019.07.12-17.56.29:228][619]LogModuleManager: Shutting down and abandoning module Documentation (428)
[2019.07.12-17.56.29:228][619]LogModuleManager: Shutting down and abandoning module MovieSceneTracks (426)
[2019.07.12-17.56.29:228][619]LogModuleManager: Shutting down and abandoning module MovieScene (424)
[2019.07.12-17.56.29:228][619]LogModuleManager: Shutting down and abandoning module StreamingPauseRendering (422)
[2019.07.12-17.56.29:229][619]LogModuleManager: Shutting down and abandoning module LauncherPlatform (420)
[2019.07.12-17.56.29:229][619]LogModuleManager: Shutting down and abandoning module AnalyticsET (418)
[2019.07.12-17.56.29:229][619]LogModuleManager: Shutting down and abandoning module PortalServices (416)
[2019.07.12-17.56.29:229][619]LogModuleManager: Shutting down and abandoning module PortalRpc (414)
[2019.07.12-17.56.29:229][619]LogModuleManager: Shutting down and abandoning module MessagingRpc (412)
[2019.07.12-17.56.29:229][619]LogModuleManager: Shutting down and abandoning module AIModule (410)
[2019.07.12-17.56.29:229][619]LogModuleManager: Shutting down and abandoning module GameplayDebugger (409)
[2019.07.12-17.56.29:230][619]LogModuleManager: Shutting down and abandoning module AITestSuite (407)
[2019.07.12-17.56.29:230][619]LogModuleManager: Shutting down and abandoning module NavigationSystem (405)
[2019.07.12-17.56.29:230][619]LogModuleManager: Shutting down and abandoning module DesktopPlatform (402)
[2019.07.12-17.56.29:230][619]LogModuleManager: Shutting down and abandoning module ProfilerService (400)
[2019.07.12-17.56.29:287][619]LogModuleManager: Shutting down and abandoning module TaskGraph (398)
[2019.07.12-17.56.29:288][619]LogModuleManager: Shutting down and abandoning module SteamVRController (396)
[2019.07.12-17.56.29:288][619]LogModuleManager: Shutting down and abandoning module ProceduralMeshComponentEditor (394)
[2019.07.12-17.56.29:288][619]LogModuleManager: Shutting down and abandoning module ProceduralMeshComponent (392)
[2019.07.12-17.56.29:288][619]LogModuleManager: Shutting down and abandoning module OculusInput (390)
[2019.07.12-17.56.29:288][619]LogModuleManager: Shutting down and abandoning module MobilePatchingUtils (388)
[2019.07.12-17.56.29:288][619]LogModuleManager: Shutting down and abandoning module EditableMesh (386)
[2019.07.12-17.56.29:288][619]LogModuleManager: Shutting down and abandoning module CustomMeshComponent (384)
[2019.07.12-17.56.29:288][619]LogModuleManager: Shutting down and abandoning module CableComponent (382)
[2019.07.12-17.56.29:288][619]LogModuleManager: Shutting down and abandoning module AudioCapture (380)
[2019.07.12-17.56.29:288][619]LogModuleManager: Shutting down and abandoning module ArchVisCharacter (378)
[2019.07.12-17.56.29:288][619]LogModuleManager: Shutting down and abandoning module AndroidPermission (376)
[2019.07.12-17.56.29:288][619]LogModuleManager: Shutting down and abandoning module NUTUnrealEngine4 (374)
[2019.07.12-17.56.29:288][619]LogModuleManager: Shutting down and abandoning module NetcodeUnitTest (372)
[2019.07.12-17.56.29:288][619]LogModuleManager: Shutting down and abandoning module MediaCompositingEditor (370)
[2019.07.12-17.56.29:288][619]LogModuleManager: Shutting down and abandoning module MediaCompositing (368)
[2019.07.12-17.56.29:288][619]LogModuleManager: Shutting down and abandoning module LinearTimecode (366)
[2019.07.12-17.56.29:288][619]LogModuleManager: Shutting down and abandoning module ImgMedia (364)
[2019.07.12-17.56.29:299][619]LogModuleManager: Shutting down and abandoning module HTML5Networking (362)
[2019.07.12-17.56.29:299][619]LogModuleManager: Shutting down and abandoning module GeometryCacheTracks (360)
[2019.07.12-17.56.29:299][619]LogModuleManager: Shutting down and abandoning module GeometryCacheSequencer (358)
[2019.07.12-17.56.29:299][619]LogModuleManager: Shutting down and abandoning module BackChannel (356)
[2019.07.12-17.56.29:299][619]LogModuleManager: Shutting down and abandoning module AppleVision (354)
[2019.07.12-17.56.29:299][619]LogModuleManager: Shutting down and abandoning module AppleImageUtils (352)
[2019.07.12-17.56.29:299][619]LogModuleManager: Shutting down and abandoning module AlembicImporter (350)
[2019.07.12-17.56.29:299][619]LogModuleManager: Shutting down and abandoning module AlembicLibrary (349)
[2019.07.12-17.56.29:299][619]LogModuleManager: Shutting down and abandoning module GeometryCache (348)
[2019.07.12-17.56.29:299][619]LogModuleManager: Shutting down and abandoning module GeometryCacheEd (347)
[2019.07.12-17.56.29:299][619]LogModuleManager: Shutting down and abandoning module DatasmithContentEditor (342)
[2019.07.12-17.56.29:299][619]LogModuleManager: Shutting down and abandoning module DatasmithContent (340)
[2019.07.12-17.56.29:300][619]LogModuleManager: Shutting down and abandoning module SpeedTreeImporter (338)
[2019.07.12-17.56.29:300][619]LogModuleManager: Shutting down and abandoning module PluginBrowser (336)
[2019.07.12-17.56.29:300][619]LogModuleManager: Shutting down and abandoning module MobileLauncherProfileWizard (334)
[2019.07.12-17.56.29:300][619]LogModuleManager: Shutting down and abandoning module PolygonModeling (332)
[2019.07.12-17.56.29:301][619]LogModuleManager: Shutting down and abandoning module MeshEditor (330)
[2019.07.12-17.56.29:301][619]LogModuleManager: Shutting down and abandoning module CryptoKeysOpenSSL (328)
[2019.07.12-17.56.29:301][619]LogModuleManager: Shutting down and abandoning module CryptoKeys (326)
[2019.07.12-17.56.29:301][619]LogModuleManager: Shutting down and abandoning module VisualStudioSourceCodeAccess (324)
[2019.07.12-17.56.29:301][619]LogModuleManager: Shutting down and abandoning module VisualStudioCodeSourceCodeAccess (322)
[2019.07.12-17.56.29:301][619]LogModuleManager: Shutting down and abandoning module UObjectPlugin (320)
[2019.07.12-17.56.29:301][619]LogModuleManager: Shutting down and abandoning module SubversionSourceControl (318)
[2019.07.12-17.56.29:301][619]LogModuleManager: Shutting down and abandoning module PerforceSourceControl (316)
[2019.07.12-17.56.29:301][619]LogModuleManager: Shutting down and abandoning module GitSourceControl (314)
[2019.07.12-17.56.29:301][619]LogModuleManager: Shutting down and abandoning module SourceControl (313)
[2019.07.12-17.56.29:301][619]LogModuleManager: Shutting down and abandoning module CLionSourceCodeAccess (310)
[2019.07.12-17.56.29:301][619]LogModuleManager: Shutting down and abandoning module LightPropagationVolumeEditor (308)
[2019.07.12-17.56.29:301][619]LogModuleManager: Shutting down and abandoning module PaperTiledImporter (306)
[2019.07.12-17.56.29:301][619]LogModuleManager: Shutting down and abandoning module PaperSpriteSheetImporter (304)
[2019.07.12-17.56.29:301][619]LogModuleManager: Shutting down and abandoning module Paper2DEditor (302)
[2019.07.12-17.56.29:301][619]LogModuleManager: Shutting down and abandoning module MeshPaint (301)
[2019.07.12-17.56.29:301][619]LogModuleManager: Shutting down and abandoning module RuntimePhysXCooking (298)
[2019.07.12-17.56.29:302][619]LogModuleManager: Shutting down and abandoning module PhysXVehiclesEditor (296)
[2019.07.12-17.56.29:302][619]LogModuleManager: Shutting down and abandoning module PhysXVehicles (294)
[2019.07.12-17.56.29:302][619]LogModuleManager: Shutting down and abandoning module OculusEditor (292)
[2019.07.12-17.56.29:302][619]LogModuleManager: Shutting down and abandoning module LocationServicesBPLibrary (290)
[2019.07.12-17.56.29:302][619]LogModuleManager: Shutting down and abandoning module ImmediatePhysicsEditor (288)
[2019.07.12-17.56.29:302][619]LogModuleManager: Shutting down and abandoning module ImmediatePhysics (286)
[2019.07.12-17.56.29:302][619]LogModuleManager: Shutting down and abandoning module ActorSequence (284)
[2019.07.12-17.56.29:302][619]LogModuleManager: Shutting down and abandoning module UdpMessaging (282)
[2019.07.12-17.56.29:402][619]LogModuleManager: Shutting down and abandoning module TcpMessaging (280)
[2019.07.12-17.56.29:503][619]LogModuleManager: Shutting down and abandoning module MagicLeapAudio (278)
[2019.07.12-17.56.29:503][619]LogModuleManager: Shutting down and abandoning module GameplayTagsEditor (276)
[2019.07.12-17.56.29:503][619]LogModuleManager: Shutting down and abandoning module FacialAnimationEditor (274)
[2019.07.12-17.56.29:503][619]LogModuleManager: Shutting down and abandoning module FacialAnimation (272)
[2019.07.12-17.56.29:503][619]LogModuleManager: Shutting down and abandoning module DataValidation (270)
[2019.07.12-17.56.29:503][619]LogModuleManager: Shutting down and abandoning module AssetManagerEditor (268)
[2019.07.12-17.56.29:503][619]LogModuleManager: Shutting down and abandoning module LevelEditor (267)
[2019.07.12-17.56.29:504][619]LogModuleManager: Shutting down and abandoning module PixelInspectorModule (266)
[2019.07.12-17.56.29:504][619]LogModuleManager: Shutting down and abandoning module CommonMenuExtensions (264)
[2019.07.12-17.56.29:504][619]LogModuleManager: Shutting down and abandoning module MainFrame (262)
[2019.07.12-17.56.29:504][619]LogModuleManager: Shutting down and abandoning module HotReload (261)
[2019.07.12-17.56.29:505][619]LogModuleManager: Shutting down and abandoning module ContentBrowser (257)
[2019.07.12-17.56.29:506][619]LogModuleManager: Shutting down and abandoning module TreeMap (255)
[2019.07.12-17.56.29:506][619]LogModuleManager: Shutting down and abandoning module LightPropagationVolumeRuntime (252)
[2019.07.12-17.56.29:506][619]LogModuleManager: Shutting down and abandoning module AISupportModule (250)
[2019.07.12-17.56.29:506][619]LogModuleManager: Shutting down and abandoning module Paper2D (248)
[2019.07.12-17.56.29:506][619]LogModuleManager: Shutting down and abandoning module WindowsMoviePlayer (246)
[2019.07.12-17.56.29:506][619]LogModuleManager: Shutting down and abandoning module WmfMedia (244)
[2019.07.12-17.56.29:511][619]LogModuleManager: Shutting down and abandoning module Media (243)
[2019.07.12-17.56.29:517][619]LogModuleManager: Shutting down and abandoning module PacketHandler (240)
[2019.07.12-17.56.29:517][619]LogModuleManager: Shutting down and abandoning module ClothingSystemEditor (238)
[2019.07.12-17.56.29:518][619]LogModuleManager: Shutting down and abandoning module ClothingSystemRuntime (236)
[2019.07.12-17.56.29:518][619]LogModuleManager: Shutting down and abandoning module MediaAssets (234)
[2019.07.12-17.56.29:518][619]LogModuleManager: Shutting down and abandoning module Overlay (232)
[2019.07.12-17.56.29:518][619]LogModuleManager: Shutting down and abandoning module OverlayEditor (231)
[2019.07.12-17.56.29:518][619]LogModuleManager: Shutting down and abandoning module VREditor (228)
[2019.07.12-17.56.29:518][619]LogModuleManager: Shutting down and abandoning module StringTableEditor (226)
[2019.07.12-17.56.29:518][619]LogModuleManager: Shutting down and abandoning module GameplayTasksEditor (224)
[2019.07.12-17.56.29:518][619]LogModuleManager: Shutting down and abandoning module BehaviorTreeEditor (222)
[2019.07.12-17.56.29:518][619]LogModuleManager: Shutting down and abandoning module FunctionalTesting (220)
[2019.07.12-17.56.29:518][619]LogModuleManager: Shutting down and abandoning module CollisionAnalyzer (218)
[2019.07.12-17.56.29:518][619]LogModuleManager: Shutting down and abandoning module WorkspaceMenuStructure (217)
[2019.07.12-17.56.29:518][619]LogModuleManager: Shutting down and abandoning module UMG (214)
[2019.07.12-17.56.29:518][619]LogModuleManager: Shutting down and abandoning module UMGEditor (213)
[2019.07.12-17.56.29:518][619]LogModuleManager: Shutting down and abandoning module Sequencer (212)
[2019.07.12-17.56.29:518][619]LogModuleManager: Shutting down and abandoning module MessageLog (209)
[2019.07.12-17.56.29:518][619]LogModuleManager: Shutting down and abandoning module SlateReflector (204)
[2019.07.12-17.56.29:518][619]LogModuleManager: Shutting down and abandoning module Slate (202)
[2019.07.12-17.56.29:518][619]LogModuleManager: Shutting down and abandoning module EditorStyle (200)
[2019.07.12-17.56.29:520][619]LogModuleManager: Shutting down and abandoning module MRMesh (198)
[2019.07.12-17.56.29:520][619]LogModuleManager: Shutting down and abandoning module SourceCodeAccess (196)
[2019.07.12-17.56.29:520][619]LogModuleManager: Shutting down and abandoning module HeadMountedDisplay (194)
[2019.07.12-17.56.29:520][619]LogModuleManager: Shutting down and abandoning module XAudio2 (192)
[2019.07.12-17.56.29:520][619]LogModuleManager: Shutting down and abandoning module Networking (190)
[2019.07.12-17.56.29:520][619]LogModuleManager: Shutting down and abandoning module Core (188)
[2019.07.12-17.56.29:520][619]LogModuleManager: Shutting down and abandoning module LevelSequence (186)
[2019.07.12-17.56.29:520][619]LogModuleManager: Shutting down and abandoning module KismetCompiler (184)
[2019.07.12-17.56.29:520][619]LogModuleManager: Shutting down and abandoning module MeshUtilities (182)
[2019.07.12-17.56.29:520][619]LogModuleManager: Shutting down and abandoning module MeshMergeUtilities (181)
[2019.07.12-17.56.29:520][619]LogModuleManager: Shutting down and abandoning module MeshReductionInterface (180)
[2019.07.12-17.56.29:521][619]LogModuleManager: Shutting down and abandoning module SimplygonSwarm (179)
[2019.07.12-17.56.29:521][619]LogModuleManager: Shutting down and abandoning module ProxyLODMeshReduction (177)
[2019.07.12-17.56.29:521][619]LogModuleManager: Shutting down and abandoning module SimplygonMeshReduction (175)
[2019.07.12-17.56.29:521][619]LogModuleManager: Shutting down and abandoning module QuadricMeshReduction (173)
[2019.07.12-17.56.29:521][619]LogModuleManager: Shutting down and abandoning module MaterialBaking (169)
[2019.07.12-17.56.29:521][619]LogModuleManager: Shutting down and abandoning module DirectoryWatcher (165)
[2019.07.12-17.56.29:521][619]LogModuleManager: Shutting down and abandoning module DerivedDataCache (162)
[2019.07.12-17.56.29:563][619]LogDerivedDataCache: Shutdown
[2019.07.12-17.56.29:563][619]LogModuleManager: Shutting down and abandoning module XGEController (160)
[2019.07.12-17.56.29:563][619]LogModuleManager: Shutting down and abandoning module TargetPlatform (158)
[2019.07.12-17.56.29:563][619]LogModuleManager: Shutting down and abandoning module VulkanShaderFormat (157)
[2019.07.12-17.56.29:563][619]LogModuleManager: Shutting down and abandoning module ShaderFormatVectorVM (155)
[2019.07.12-17.56.29:563][619]LogModuleManager: Shutting down and abandoning module ShaderFormatOpenGL (153)
[2019.07.12-17.56.29:564][619]LogModuleManager: Shutting down and abandoning module ShaderFormatD3D (151)
[2019.07.12-17.56.29:564][619]LogModuleManager: Shutting down and abandoning module MetalShaderFormat (149)
[2019.07.12-17.56.29:564][619]LogModuleManager: Shutting down and abandoning module TextureFormatUncompressed (147)
[2019.07.12-17.56.29:564][619]LogModuleManager: Shutting down and abandoning module TextureFormatPVR (145)
[2019.07.12-17.56.29:564][619]LogModuleManager: Shutting down and abandoning module TextureFormatDXT (143)
[2019.07.12-17.56.29:564][619]LogModuleManager: Shutting down and abandoning module TextureFormatIntelISPCTexComp (141)
[2019.07.12-17.56.29:564][619]LogModuleManager: Shutting down and abandoning module TextureFormatASTC (139)
[2019.07.12-17.56.29:564][619]LogModuleManager: Shutting down and abandoning module ImageWrapper (138)
[2019.07.12-17.56.29:564][619]LogModuleManager: Shutting down and abandoning module TextureFormatAndroid (135)
[2019.07.12-17.56.29:564][619]LogModuleManager: Shutting down and abandoning module AudioFormatOpus (133)
[2019.07.12-17.56.29:564][619]LogModuleManager: Shutting down and abandoning module AudioFormatOgg (131)
[2019.07.12-17.56.29:564][619]LogModuleManager: Shutting down and abandoning module AudioFormatADPCM (129)
[2019.07.12-17.56.29:564][619]LogModuleManager: Shutting down and abandoning module LuminTargetPlatform (127)
[2019.07.12-17.56.29:564][619]LogModuleManager: Shutting down and abandoning module LinuxTargetPlatform (125)
[2019.07.12-17.56.29:564][619]LogModuleManager: Shutting down and abandoning module LinuxServerTargetPlatform (123)
[2019.07.12-17.56.29:564][619]LogModuleManager: Shutting down and abandoning module LinuxNoEditorTargetPlatform (121)
[2019.07.12-17.56.29:564][619]LogModuleManager: Shutting down and abandoning module LinuxClientTargetPlatform (119)
[2019.07.12-17.56.29:564][619]LogModuleManager: Shutting down and abandoning module TVOSTargetPlatform (117)
[2019.07.12-17.56.29:565][619]LogModuleManager: Shutting down and abandoning module Messaging (115)
[2019.07.12-17.56.29:565][619]LogModuleManager: Shutting down and abandoning module IOSTargetPlatform (113)
[2019.07.12-17.56.29:566][619]LogModuleManager: Shutting down and abandoning module HTML5TargetPlatform (111)
[2019.07.12-17.56.29:566][619]LogModuleManager: Shutting down and abandoning module AndroidTargetPlatform (109)
[2019.07.12-17.56.29:574][619]LogModuleManager: Shutting down and abandoning module WindowsTargetPlatform (107)
[2019.07.12-17.56.29:574][619]LogModuleManager: Shutting down and abandoning module WindowsServerTargetPlatform (105)
[2019.07.12-17.56.29:574][619]LogModuleManager: Shutting down and abandoning module WindowsNoEditorTargetPlatform (103)
[2019.07.12-17.56.29:574][619]LogModuleManager: Shutting down and abandoning module WindowsClientTargetPlatform (101)
[2019.07.12-17.56.29:574][619]LogModuleManager: Shutting down and abandoning module MacTargetPlatform (99)
[2019.07.12-17.56.29:574][619]LogModuleManager: Shutting down and abandoning module MacServerTargetPlatform (97)
[2019.07.12-17.56.29:574][619]LogModuleManager: Shutting down and abandoning module MacNoEditorTargetPlatform (95)
[2019.07.12-17.56.29:574][619]LogModuleManager: Shutting down and abandoning module MacClientTargetPlatform (93)
[2019.07.12-17.56.29:574][619]LogModuleManager: Shutting down and abandoning module AllDesktopTargetPlatform (91)
[2019.07.12-17.56.29:575][619]LogModuleManager: Shutting down and abandoning module InputCore (88)
[2019.07.12-17.56.29:575][619]LogModuleManager: Shutting down and abandoning module Settings (86)
[2019.07.12-17.56.29:575][619]LogModuleManager: Shutting down and abandoning module PhysXCooking (84)
[2019.07.12-17.56.29:575][619]LogModuleManager: Shutting down and abandoning module SteamVR (82)
[2019.07.12-17.56.29:575][619]LogModuleManager: Shutting down and abandoning module OculusHMD (80)
[2019.07.12-17.56.29:575][619]LogModuleManager: Shutting down and abandoning module ExampleDeviceProfileSelector (78)
[2019.07.12-17.56.29:575][619]LogModuleManager: Shutting down and abandoning module LauncherChunkInstaller (76)
[2019.07.12-17.56.29:575][619]LogModuleManager: Shutting down and abandoning module OnlineBlueprintSupport (74)
[2019.07.12-17.56.29:575][619]LogModuleManager: Shutting down and abandoning module OnlineSubsystem (70)
[2019.07.12-17.56.29:576][619]LogModuleManager: Shutting down and abandoning module XMPP (65)
[2019.07.12-17.56.29:576][619]LogModuleManager: Shutting down and abandoning module WebSockets (64)
[2019.07.12-17.56.29:599][619]LogModuleManager: Shutting down and abandoning module HTTP (61)
[2019.07.12-17.56.29:599][619]LogHttp: Display: Http module shutting down, but needs to wait on 1 outstanding Http requests:
[2019.07.12-17.56.29:599][619]LogHttp: Display: 	verb=[POST] url=[https://datarouter.ol.epicgames.com/datarouter/api/v1/public/data?SessionID=%7B05D23C08-47D4-4DFB-3B1E-84A5AE1127E9%7D&AppID=UEEditor.Rocket.Release&AppVersion=4.20.3-4369336%2B%2B%2BUE4%2BRelease-4.20&UserID=70a4279c4354bd612a268f938303e8e9%7Cdc82b4bc798e4133957537d2d672a234%7C4b56d537-91a9-4d6d-8f27-d678207d6f8d&AppEnvironment=datacollector-binary&UploadType=eteventstream] status=Processing
[2019.07.12-17.56.29:625][619]LogModuleManager: Shutting down and abandoning module SSL (60)
[2019.07.12-17.56.29:626][619]LogModuleManager: Shutting down and abandoning module MagicLeapEmulator (56)
[2019.07.12-17.56.29:626][619]LogModuleManager: Shutting down and abandoning module MagicLeapPrivileges (54)
[2019.07.12-17.56.29:626][619]LogModuleManager: Shutting down and abandoning module MagicLeapIdentity (52)
[2019.07.12-17.56.29:626][619]LogModuleManager: Shutting down and abandoning module MagicLeapHelperVulkan (50)
[2019.07.12-17.56.29:626][619]LogModuleManager: Shutting down and abandoning module MagicLeapHelperOpenGL (48)
[2019.07.12-17.56.29:627][619]LogModuleManager: Shutting down and abandoning module MagicLeapSecureStorage (46)
[2019.07.12-17.56.29:627][619]LogModuleManager: Shutting down and abandoning module MagicLeapGestures (44)
[2019.07.12-17.56.29:627][619]LogModuleManager: Shutting down and abandoning module MagicLeapEyeTracker (42)
[2019.07.12-17.56.29:627][619]LogModuleManager: Shutting down and abandoning module MagicLeapController (40)
[2019.07.12-17.56.29:627][619]LogSlate: Slate User Destroyed.  User Index 0, Is Virtual User: 0
[2019.07.12-17.56.29:627][619]LogModuleManager: Shutting down and abandoning module MagicLeap (38)
[2019.07.12-17.56.29:627][619]LogModuleManager: Shutting down and abandoning module AnimationModifiers (36)
[2019.07.12-17.56.29:627][619]LogModuleManager: Shutting down and abandoning module PropertyEditor (35)
[2019.07.12-17.56.29:628][619]LogModuleManager: Shutting down and abandoning module AudioEditor (32)
[2019.07.12-17.56.29:628][619]LogModuleManager: Shutting down and abandoning module TextureCompressor (30)
[2019.07.12-17.56.29:628][619]LogModuleManager: Shutting down and abandoning module ShaderCore (28)
[2019.07.12-17.56.29:628][619]LogModuleManager: Shutting down and abandoning module Landscape (26)
[2019.07.12-17.56.29:628][619]LogModuleManager: Shutting down and abandoning module SlateRHIRenderer (24)
[2019.07.12-17.56.29:629][619]LogModuleManager: Shutting down and abandoning module OpenGLDrv (22)
[2019.07.12-17.56.29:629][619]LogModuleManager: Shutting down and abandoning module D3D11RHI (20)
[2019.07.12-17.56.29:629][619]LogModuleManager: Shutting down and abandoning module AnimGraphRuntime (18)
[2019.07.12-17.56.29:629][619]LogModuleManager: Shutting down and abandoning module Renderer (16)
[2019.07.12-17.56.29:629][619]LogModuleManager: Shutting down and abandoning module Engine (14)
[2019.07.12-17.56.29:629][619]LogModuleManager: Shutting down and abandoning module CoreUObject (12)
[2019.07.12-17.56.29:629][619]LogModuleManager: Shutting down and abandoning module NetworkFile (10)
[2019.07.12-17.56.29:629][619]LogModuleManager: Shutting down and abandoning module CookedIterativeFile (8)
[2019.07.12-17.56.29:629][619]LogModuleManager: Shutting down and abandoning module StreamingFile (6)
[2019.07.12-17.56.29:629][619]LogModuleManager: Shutting down and abandoning module SandboxFile (4)
[2019.07.12-17.56.29:629][619]LogModuleManager: Shutting down and abandoning module PakFile (2)
[2019.07.12-17.56.29:635][619]LogExit: Exiting.
[2019.07.12-17.56.29:650][619]Log file closed, 07/12/19 14:56:29
