Log file open, 11/23/19 18:07:11
LogWindows: Failed to load 'aqProf.dll' (GetLastError=126)
LogWindows: File 'aqProf.dll' does not exist
LogWindows: Failed to load 'VtuneApi.dll' (GetLastError=126)
LogWindows: File 'VtuneApi.dll' does not exist
LogWindows: Failed to load 'VtuneApi32e.dll' (GetLastError=126)
LogWindows: File 'VtuneApi32e.dll' does not exist
LogConsoleResponse: Display: Failed to find resolution value strings in scalability ini. Falling back to default.
LogInit: Display: Running engine for game: FinalProject
LogPakFile: Registered encryption key '00000000000000000000000000000000': 0 pak files mounted, 0 remain pending
LogPlatformFile: Not using cached read wrapper
LogTaskGraph: Started task graph with 5 named threads and 20 total threads with 3 sets of task threads.
LogStats: Stats thread started at 0.236812
LogD3D11RHI: Loaded GFSDK_Aftermath_Lib.x64.dll
LogICUInternationalization: ICU TimeZone Detection - Raw Offset: -3:00, Platform Override: ''
LogPluginManager: Mounting plugin Paper2D
LogPluginManager: Mounting plugin AISupport
LogPluginManager: Mounting plugin LightPropagationVolume
LogPluginManager: Mounting plugin ActorLayerUtilities
LogPluginManager: Mounting plugin AnimationSharing
LogPluginManager: Mounting plugin CLionSourceCodeAccess
LogPluginManager: Mounting plugin CodeLiteSourceCodeAccess
LogPluginManager: Mounting plugin GitSourceControl
LogPluginManager: Mounting plugin KDevelopSourceCodeAccess
LogPluginManager: Mounting plugin NullSourceCodeAccess
LogPluginManager: Mounting plugin PerforceSourceControl
LogPluginManager: Mounting plugin SubversionSourceControl
LogPluginManager: Mounting plugin UObjectPlugin
LogPluginManager: Mounting plugin VisualStudioCodeSourceCodeAccess
LogPluginManager: Mounting plugin VisualStudioSourceCodeAccess
LogPluginManager: Mounting plugin XCodeSourceCodeAccess
LogPluginManager: Mounting plugin AssetManagerEditor
LogPluginManager: Mounting plugin CryptoKeys
LogPluginManager: Mounting plugin DataValidation
LogPluginManager: Mounting plugin FacialAnimation
LogPluginManager: Mounting plugin GameplayTagsEditor
LogPluginManager: Mounting plugin MacGraphicsSwitching
LogPluginManager: Mounting plugin MaterialAnalyzer
LogPluginManager: Mounting plugin MobileLauncherProfileWizard
LogPluginManager: Mounting plugin PluginBrowser
LogPluginManager: Mounting plugin SpeedTreeImporter
LogPluginManager: Mounting plugin DatasmithContent
LogPluginManager: Mounting plugin VariantManagerContent
LogPluginManager: Mounting plugin AlembicImporter
LogPluginManager: Mounting plugin AppleImageUtils
LogPluginManager: Mounting plugin AppleVision
LogPluginManager: Mounting plugin BackChannel
LogPluginManager: Mounting plugin CharacterAI
LogPluginManager: Mounting plugin GeometryCache
LogPluginManager: Mounting plugin HTML5Networking
LogPluginManager: Mounting plugin ProxyLODPlugin
LogPluginManager: Mounting plugin SkeletalReduction
LogPluginManager: Mounting plugin MagicLeap
LogPluginManager: Mounting plugin MagicLeapMedia
LogPluginManager: Mounting plugin AndroidMedia
LogPluginManager: Mounting plugin AvfMedia
LogPluginManager: Mounting plugin ImgMedia
LogPluginManager: Mounting plugin LinearTimecode
LogPluginManager: Mounting plugin MediaCompositing
LogPluginManager: Mounting plugin MediaPlayerEditor
LogPluginManager: Mounting plugin WebMMedia
LogPluginManager: Mounting plugin WmfMedia
LogPluginManager: Mounting plugin TcpMessaging
LogPluginManager: Mounting plugin UdpMessaging
LogPluginManager: Mounting plugin ActorSequence
LogPluginManager: Mounting plugin LevelSequenceEditor
LogPluginManager: Mounting plugin MatineeToLevelSequence
LogPluginManager: Mounting plugin NetcodeUnitTest
LogPluginManager: Mounting plugin NUTUnrealEngine4
LogPluginManager: Mounting plugin OnlineSubsystemGooglePlay
LogPluginManager: Mounting plugin OnlineSubsystemIOS
LogPluginManager: Mounting plugin OnlineSubsystem
LogPluginManager: Mounting plugin OnlineSubsystemNull
LogPluginManager: Mounting plugin OnlineSubsystemUtils
LogPluginManager: Mounting plugin LauncherChunkInstaller
LogPluginManager: Mounting plugin AndroidDeviceProfileSelector
LogPluginManager: Mounting plugin AndroidMoviePlayer
LogPluginManager: Mounting plugin AndroidPermission
LogPluginManager: Mounting plugin AppleMoviePlayer
LogPluginManager: Mounting plugin ArchVisCharacter
LogPluginManager: Mounting plugin AudioCapture
LogPluginManager: Mounting plugin CableComponent
LogPluginManager: Mounting plugin CustomMeshComponent
LogPluginManager: Mounting plugin EditableMesh
LogPluginManager: Mounting plugin ExampleDeviceProfileSelector
LogPluginManager: Mounting plugin Firebase
LogPluginManager: Mounting plugin GoogleCloudMessaging
LogPluginManager: Mounting plugin IOSDeviceProfileSelector
LogPluginManager: Mounting plugin LinuxDeviceProfileSelector
LogPluginManager: Mounting plugin LocationServicesBPLibrary
LogPluginManager: Mounting plugin MobilePatchingUtils
LogPluginManager: Mounting plugin OculusVR
LogPluginManager: Mounting plugin PhysXVehicles
LogPluginManager: Mounting plugin ProceduralMeshComponent
LogPluginManager: Mounting plugin RuntimePhysXCooking
LogPluginManager: Mounting plugin SignificanceManager
LogPluginManager: Mounting plugin SteamVR
LogPluginManager: Mounting plugin WebMMoviePlayer
LogPluginManager: Mounting plugin WindowsMoviePlayer
LogInit: Using libcurl 7.55.1-DEV
LogInit:  - built for x86_64-pc-win32
LogInit:  - supports SSL with OpenSSL/1.1.1
LogInit:  - supports HTTP deflate (compression) using libz 1.2.8
LogInit:  - other features:
LogInit:      CURL_VERSION_SSL
LogInit:      CURL_VERSION_LIBZ
LogInit:      CURL_VERSION_IPV6
LogInit:      CURL_VERSION_ASYNCHDNS
LogInit:      CURL_VERSION_LARGEFILE
LogInit:      CURL_VERSION_IDN
LogInit:  CurlRequestOptions (configurable via config and command line):
LogInit:  - bVerifyPeer = true  - Libcurl will verify peer certificate
LogInit:  - bUseHttpProxy = false  - Libcurl will NOT use HTTP proxy
LogInit:  - bDontReuseConnections = false  - Libcurl will reuse connections
LogInit:  - MaxHostConnections = 16  - Libcurl will limit the number of connections to a host
LogInit:  - LocalHostAddr = Default
LogInit:  - BufferSize = 65536
LogInit: WinSock: version 1.1 (2.2), MaxSocks=32767, MaxUdp=65467
LogInit: Build: ++UE4+Release-4.22-CL-7053642
LogInit: Engine Version: 4.22.3-7053642+++UE4+Release-4.22
LogInit: Compatible Engine Version: 4.22.0-5660361+++UE4+Release-4.22
LogInit: Net CL: 5660361
LogInit: OS: Windows 10 (Release 1903) (), CPU: Intel(R) Core(TM) i5-9400F CPU @ 2.90GHz, GPU: NVIDIA GeForce GTX 1050 Ti
LogInit: Compiled (64-bit): Jun 18 2019 03:09:11
LogInit: Compiled with Visual C++: 19.16.27025.01
LogInit: Build Configuration: Development
LogInit: Branch Name: ++UE4+Release-4.22
LogInit: Command Line:  /Game/ThirdPersonBP/Maps/labscenein -game -PIEVIACONSOLE -ResX=1280 -ResY=720 -Multiprocess -messaging -SessionName="Play in Standalone Game" -nosound -windowed
LogInit: Base Directory: C:/Program Files/Epic Games/UE_4.22/Engine/Binaries/Win64/
LogInit: Installed Engine Build: 1
LogDevObjectVersion: Number of dev versions registered: 23
LogDevObjectVersion:   Dev-Blueprints (B0D832E4-1F89-4F0D-ACCF-7EB736FD4AA2): 10
LogDevObjectVersion:   Dev-Build (E1C64328-A22C-4D53-A36C-8E866417BD8C): 0
LogDevObjectVersion:   Dev-Core (375EC13C-06E4-48FB-B500-84F0262A717E): 3
LogDevObjectVersion:   Dev-Editor (E4B068ED-F494-42E9-A231-DA0B2E46BB41): 30
LogDevObjectVersion:   Dev-Framework (CFFC743F-43B0-4480-9391-14DF171D2073): 35
LogDevObjectVersion:   Dev-Mobile (B02B49B5-BB20-44E9-A304-32B752E40360): 2
LogDevObjectVersion:   Dev-Networking (A4E4105C-59A1-49B5-A7C5-40C4547EDFEE): 0
LogDevObjectVersion:   Dev-Online (39C831C9-5AE6-47DC-9A44-9C173E1C8E7C): 0
LogDevObjectVersion:   Dev-Physics (78F01B33-EBEA-4F98-B9B4-84EACCB95AA2): 0
LogDevObjectVersion:   Dev-Platform (6631380F-2D4D-43E0-8009-CF276956A95A): 0
LogDevObjectVersion:   Dev-Rendering (12F88B9F-8875-4AFC-A67C-D90C383ABD29): 28
LogDevObjectVersion:   Dev-Sequencer (7B5AE74C-D270-4C10-A958-57980B212A5A): 11
LogDevObjectVersion:   Dev-VR (D7296918-1DD6-4BDD-9DE2-64A83CC13884): 2
LogDevObjectVersion:   Dev-LoadTimes (C2A15278-BFE7-4AFE-6C17-90FF531DF755): 1
LogDevObjectVersion:   Private-Geometry (6EACA3D4-40EC-4CC1-B786-8BED09428FC5): 3
LogDevObjectVersion:   Dev-AnimPhys (29E575DD-E0A3-4627-9D10-D276232CDCEA): 17
LogDevObjectVersion:   Dev-Anim (AF43A65D-7FD3-4947-9873-3E8ED9C1BB05): 2
LogDevObjectVersion:   Dev-ReflectionCapture (6B266CEC-1EC7-4B8F-A30B-E4D90942FC07): 1
LogDevObjectVersion:   Dev-Automation (0DF73D61-A23F-47EA-B727-89E90C41499A): 1
LogDevObjectVersion:   FortniteMain (601D1886-AC64-4F84-AA16-D3DE0DEAC7D6): 25
LogDevObjectVersion:   Dev-Enterprise (9DFFBCD6-494F-0158-E221-12823C92A888): 6
LogDevObjectVersion:   Dev-Niagara (F2AED0AC-9AFE-416F-8664-AA7FFA26D6FC): 1
LogDevObjectVersion:   Dev-Destruction (174F1F0B-B4C6-45A5-B13F-2EE8D0FB917D): 2
LogInit: Presizing for max 16777216 objects, including 0 objects not considered by GC, pre-allocating 0 bytes for permanent pool.
LogInit: Object subsystem initialized
LogConfig: Setting CVar [[con.DebugEarlyDefault:1]]
LogConfig: Setting CVar [[r.setres:1280x720]]
[2019.11.23-21.07.11:879][  0]LogConfig: Setting CVar [[con.DebugEarlyDefault:1]]
[2019.11.23-21.07.11:879][  0]LogConfig: Setting CVar [[r.setres:1280x720]]
[2019.11.23-21.07.11:879][  0]LogConfig: Applying CVar settings from Section [/Script/Engine.RendererSettings] File [C:/Users/LabE00/Documents/GitHub/7003E-Saga/FinalProject/Saved/Config/Windows/Engine.ini]
[2019.11.23-21.07.11:879][  0]LogConfig: Setting CVar [[r.GPUCrashDebugging:0]]
[2019.11.23-21.07.11:879][  0]LogConfig: Setting CVar [[r.DefaultFeature.MotionBlur:0]]
[2019.11.23-21.07.11:879][  0]LogConfig: Applying CVar settings from Section [/Script/Engine.RendererOverrideSettings] File [C:/Users/LabE00/Documents/GitHub/7003E-Saga/FinalProject/Saved/Config/Windows/Engine.ini]
[2019.11.23-21.07.11:879][  0]LogConfig: Applying CVar settings from Section [/Script/Engine.StreamingSettings] File [C:/Users/LabE00/Documents/GitHub/7003E-Saga/FinalProject/Saved/Config/Windows/Engine.ini]
[2019.11.23-21.07.11:879][  0]LogConfig: Setting CVar [[s.MinBulkDataSizeForAsyncLoading:131072]]
[2019.11.23-21.07.11:879][  0]LogConfig: Setting CVar [[s.AsyncLoadingThreadEnabled:0]]
[2019.11.23-21.07.11:879][  0]LogConfig: Setting CVar [[s.EventDrivenLoaderEnabled:1]]
[2019.11.23-21.07.11:879][  0]LogConfig: Setting CVar [[s.WarnIfTimeLimitExceeded:0]]
[2019.11.23-21.07.11:879][  0]LogConfig: Setting CVar [[s.TimeLimitExceededMultiplier:1.5]]
[2019.11.23-21.07.11:879][  0]LogConfig: Setting CVar [[s.TimeLimitExceededMinTime:0.005]]
[2019.11.23-21.07.11:879][  0]LogConfig: Setting CVar [[s.UseBackgroundLevelStreaming:1]]
[2019.11.23-21.07.11:879][  0]LogConfig: Setting CVar [[s.PriorityAsyncLoadingExtraTime:15.0]]
[2019.11.23-21.07.11:879][  0]LogConfig: Setting CVar [[s.LevelStreamingActorsUpdateTimeLimit:5.0]]
[2019.11.23-21.07.11:879][  0]LogConfig: Setting CVar [[s.PriorityLevelStreamingActorsUpdateExtraTime:5.0]]
[2019.11.23-21.07.11:880][  0]LogConfig: Setting CVar [[s.LevelStreamingComponentsRegistrationGranularity:10]]
[2019.11.23-21.07.11:880][  0]LogConfig: Setting CVar [[s.UnregisterComponentsTimeLimit:1.0]]
[2019.11.23-21.07.11:880][  0]LogConfig: Setting CVar [[s.LevelStreamingComponentsUnregistrationGranularity:5]]
[2019.11.23-21.07.11:880][  0]LogConfig: Applying CVar settings from Section [/Script/Engine.GarbageCollectionSettings] File [C:/Users/LabE00/Documents/GitHub/7003E-Saga/FinalProject/Saved/Config/Windows/Engine.ini]
[2019.11.23-21.07.11:880][  0]LogConfig: Setting CVar [[gc.MaxObjectsNotConsideredByGC:1]]
[2019.11.23-21.07.11:880][  0]LogConfig: Setting CVar [[gc.SizeOfPermanentObjectPool:0]]
[2019.11.23-21.07.11:880][  0]LogConfig: Setting CVar [[gc.FlushStreamingOnGC:0]]
[2019.11.23-21.07.11:880][  0]LogConfig: Setting CVar [[gc.NumRetriesBeforeForcingGC:10]]
[2019.11.23-21.07.11:880][  0]LogConfig: Setting CVar [[gc.AllowParallelGC:1]]
[2019.11.23-21.07.11:880][  0]LogConfig: Setting CVar [[gc.TimeBetweenPurgingPendingKillObjects:61.1]]
[2019.11.23-21.07.11:880][  0]LogConfig: Setting CVar [[gc.MaxObjectsInEditor:16777216]]
[2019.11.23-21.07.11:880][  0]LogConfig: Setting CVar [[gc.IncrementalBeginDestroyEnabled:1]]
[2019.11.23-21.07.11:880][  0]LogConfig: Setting CVar [[gc.CreateGCClusters:1]]
[2019.11.23-21.07.11:880][  0]LogConfig: Setting CVar [[gc.MinGCClusterSize:5]]
[2019.11.23-21.07.11:880][  0]LogConfig: Setting CVar [[gc.ActorClusteringEnabled:0]]
[2019.11.23-21.07.11:880][  0]LogConfig: Setting CVar [[gc.BlueprintClusteringEnabled:0]]
[2019.11.23-21.07.11:880][  0]LogConfig: Setting CVar [[gc.UseDisregardForGCOnDedicatedServers:0]]
[2019.11.23-21.07.11:880][  0]LogConfig: Applying CVar settings from Section [/Script/Engine.NetworkSettings] File [C:/Users/LabE00/Documents/GitHub/7003E-Saga/FinalProject/Saved/Config/Windows/Engine.ini]
[2019.11.23-21.07.11:880][  0]LogConfig: Applying CVar settings from Section [/Script/UnrealEd.CookerSettings] File [C:/Users/LabE00/Documents/GitHub/7003E-Saga/FinalProject/Saved/Config/Windows/Engine.ini]
[2019.11.23-21.07.11:882][  0]LogConfig: Applying CVar settings from Section [ViewDistanceQuality@3] File [C:/Users/LabE00/Documents/GitHub/7003E-Saga/FinalProject/Saved/Config/Windows/Scalability.ini]
[2019.11.23-21.07.11:882][  0]LogConfig: Setting CVar [[r.SkeletalMeshLODBias:0]]
[2019.11.23-21.07.11:882][  0]LogConfig: Setting CVar [[r.ViewDistanceScale:1.0]]
[2019.11.23-21.07.11:882][  0]LogConfig: Applying CVar settings from Section [AntiAliasingQuality@3] File [C:/Users/LabE00/Documents/GitHub/7003E-Saga/FinalProject/Saved/Config/Windows/Scalability.ini]
[2019.11.23-21.07.11:882][  0]LogConfig: Setting CVar [[r.PostProcessAAQuality:4]]
[2019.11.23-21.07.11:882][  0]LogConfig: Applying CVar settings from Section [ShadowQuality@3] File [C:/Users/LabE00/Documents/GitHub/7003E-Saga/FinalProject/Saved/Config/Windows/Scalability.ini]
[2019.11.23-21.07.11:882][  0]LogConfig: Setting CVar [[r.LightFunctionQuality:1]]
[2019.11.23-21.07.11:882][  0]LogConfig: Setting CVar [[r.ShadowQuality:5]]
[2019.11.23-21.07.11:882][  0]LogConfig: Setting CVar [[r.Shadow.CSM.MaxCascades:10]]
[2019.11.23-21.07.11:882][  0]LogConfig: Setting CVar [[r.Shadow.MaxResolution:2048]]
[2019.11.23-21.07.11:882][  0]LogConfig: Setting CVar [[r.Shadow.MaxCSMResolution:2048]]
[2019.11.23-21.07.11:882][  0]LogConfig: Setting CVar [[r.Shadow.RadiusThreshold:0.01]]
[2019.11.23-21.07.11:882][  0]LogConfig: Setting CVar [[r.Shadow.DistanceScale:1.0]]
[2019.11.23-21.07.11:882][  0]LogConfig: Setting CVar [[r.Shadow.CSM.TransitionScale:1.0]]
[2019.11.23-21.07.11:882][  0]LogConfig: Setting CVar [[r.Shadow.PreShadowResolutionFactor:1.0]]
[2019.11.23-21.07.11:882][  0]LogConfig: Setting CVar [[r.DistanceFieldShadowing:1]]
[2019.11.23-21.07.11:882][  0]LogConfig: Setting CVar [[r.DistanceFieldAO:1]]
[2019.11.23-21.07.11:882][  0]LogConfig: Setting CVar [[r.AOQuality:2]]
[2019.11.23-21.07.11:882][  0]LogConfig: Setting CVar [[r.VolumetricFog:1]]
[2019.11.23-21.07.11:882][  0]LogConfig: Setting CVar [[r.VolumetricFog.GridPixelSize:8]]
[2019.11.23-21.07.11:882][  0]LogConfig: Setting CVar [[r.VolumetricFog.GridSizeZ:128]]
[2019.11.23-21.07.11:882][  0]LogConfig: Setting CVar [[r.VolumetricFog.HistoryMissSupersampleCount:4]]
[2019.11.23-21.07.11:882][  0]LogConfig: Setting CVar [[r.LightMaxDrawDistanceScale:1]]
[2019.11.23-21.07.11:882][  0]LogConfig: Setting CVar [[r.CapsuleShadows:1]]
[2019.11.23-21.07.11:882][  0]LogConfig: Applying CVar settings from Section [PostProcessQuality@3] File [C:/Users/LabE00/Documents/GitHub/7003E-Saga/FinalProject/Saved/Config/Windows/Scalability.ini]
[2019.11.23-21.07.11:882][  0]LogConfig: Setting CVar [[r.MotionBlurQuality:4]]
[2019.11.23-21.07.11:882][  0]LogConfig: Setting CVar [[r.AmbientOcclusionMipLevelFactor:0.4]]
[2019.11.23-21.07.11:882][  0]LogConfig: Setting CVar [[r.AmbientOcclusionMaxQuality:100]]
[2019.11.23-21.07.11:882][  0]LogConfig: Setting CVar [[r.AmbientOcclusionLevels:-1]]
[2019.11.23-21.07.11:882][  0]LogConfig: Setting CVar [[r.AmbientOcclusionRadiusScale:1.0]]
[2019.11.23-21.07.11:882][  0]LogConfig: Setting CVar [[r.DepthOfFieldQuality:2]]
[2019.11.23-21.07.11:882][  0]LogConfig: Setting CVar [[r.RenderTargetPoolMin:400]]
[2019.11.23-21.07.11:882][  0]LogConfig: Setting CVar [[r.LensFlareQuality:2]]
[2019.11.23-21.07.11:882][  0]LogConfig: Setting CVar [[r.SceneColorFringeQuality:1]]
[2019.11.23-21.07.11:882][  0]LogConfig: Setting CVar [[r.EyeAdaptationQuality:2]]
[2019.11.23-21.07.11:882][  0]LogConfig: Setting CVar [[r.BloomQuality:5]]
[2019.11.23-21.07.11:882][  0]LogConfig: Setting CVar [[r.FastBlurThreshold:100]]
[2019.11.23-21.07.11:882][  0]LogConfig: Setting CVar [[r.Upscale.Quality:3]]
[2019.11.23-21.07.11:882][  0]LogConfig: Setting CVar [[r.Tonemapper.GrainQuantization:1]]
[2019.11.23-21.07.11:882][  0]LogConfig: Setting CVar [[r.LightShaftQuality:1]]
[2019.11.23-21.07.11:882][  0]LogConfig: Setting CVar [[r.Filter.SizeScale:1]]
[2019.11.23-21.07.11:882][  0]LogConfig: Setting CVar [[r.Tonemapper.Quality:5]]
[2019.11.23-21.07.11:882][  0]LogConfig: Setting CVar [[r.DOF.Gather.AccumulatorQuality:1        ; higher gathering accumulator quality]]
[2019.11.23-21.07.11:882][  0]LogConfig: Setting CVar [[r.DOF.Gather.PostfilterMethod:1          ; Median3x3 postfilering method]]
[2019.11.23-21.07.11:882][  0]LogConfig: Setting CVar [[r.DOF.Gather.EnableBokehSettings:0       ; no bokeh simulation when gathering]]
[2019.11.23-21.07.11:882][  0]LogConfig: Setting CVar [[r.DOF.Gather.RingCount:4                 ; medium number of samples when gathering]]
[2019.11.23-21.07.11:882][  0]LogConfig: Setting CVar [[r.DOF.Scatter.ForegroundCompositing:1    ; additive foreground scattering]]
[2019.11.23-21.07.11:882][  0]LogConfig: Setting CVar [[r.DOF.Scatter.BackgroundCompositing:2    ; additive background scattering]]
[2019.11.23-21.07.11:882][  0]LogConfig: Setting CVar [[r.DOF.Scatter.EnableBokehSettings:1      ; bokeh simulation when scattering]]
[2019.11.23-21.07.11:882][  0]LogConfig: Setting CVar [[r.DOF.Scatter.MaxSpriteRatio:0.1         ; only a maximum of 10% of scattered bokeh]]
[2019.11.23-21.07.11:882][  0]LogConfig: Setting CVar [[r.DOF.Recombine.Quality:1                ; cheap slight out of focus]]
[2019.11.23-21.07.11:882][  0]LogConfig: Setting CVar [[r.DOF.Recombine.EnableBokehSettings:0    ; no bokeh simulation on slight out of focus]]
[2019.11.23-21.07.11:882][  0]LogConfig: Setting CVar [[r.DOF.TemporalAAQuality:1                ; more stable temporal accumulation]]
[2019.11.23-21.07.11:883][  0]LogConfig: Setting CVar [[r.DOF.Kernel.MaxForegroundRadius:0.025]]
[2019.11.23-21.07.11:883][  0]LogConfig: Setting CVar [[r.DOF.Kernel.MaxBackgroundRadius:0.025]]
[2019.11.23-21.07.11:883][  0]LogConfig: Applying CVar settings from Section [TextureQuality@3] File [C:/Users/LabE00/Documents/GitHub/7003E-Saga/FinalProject/Saved/Config/Windows/Scalability.ini]
[2019.11.23-21.07.11:883][  0]LogConfig: Setting CVar [[r.Streaming.MipBias:0]]
[2019.11.23-21.07.11:883][  0]LogConfig: Setting CVar [[r.Streaming.AmortizeCPUToGPUCopy:0]]
[2019.11.23-21.07.11:883][  0]LogConfig: Setting CVar [[r.Streaming.MaxNumTexturesToStreamPerFrame:0]]
[2019.11.23-21.07.11:883][  0]LogConfig: Setting CVar [[r.Streaming.Boost:1]]
[2019.11.23-21.07.11:883][  0]LogConfig: Setting CVar [[r.MaxAnisotropy:8]]
[2019.11.23-21.07.11:883][  0]LogConfig: Setting CVar [[r.Streaming.LimitPoolSizeToVRAM:0]]
[2019.11.23-21.07.11:883][  0]LogConfig: Setting CVar [[r.Streaming.PoolSize:1000]]
[2019.11.23-21.07.11:883][  0]LogConfig: Setting CVar [[r.Streaming.MaxEffectiveScreenSize:0]]
[2019.11.23-21.07.11:883][  0]LogConfig: Applying CVar settings from Section [EffectsQuality@3] File [C:/Users/LabE00/Documents/GitHub/7003E-Saga/FinalProject/Saved/Config/Windows/Scalability.ini]
[2019.11.23-21.07.11:883][  0]LogConfig: Setting CVar [[r.TranslucencyLightingVolumeDim:64]]
[2019.11.23-21.07.11:883][  0]LogConfig: Setting CVar [[r.RefractionQuality:2]]
[2019.11.23-21.07.11:883][  0]LogConfig: Setting CVar [[r.SSR.Quality:3]]
[2019.11.23-21.07.11:883][  0]LogConfig: Setting CVar [[r.SceneColorFormat:4]]
[2019.11.23-21.07.11:883][  0]LogConfig: Setting CVar [[r.DetailMode:2]]
[2019.11.23-21.07.11:883][  0]LogConfig: Setting CVar [[r.TranslucencyVolumeBlur:1]]
[2019.11.23-21.07.11:883][  0]LogConfig: Setting CVar [[r.MaterialQualityLevel:1 ; High quality]]
[2019.11.23-21.07.11:883][  0]LogConfig: Setting CVar [[r.SSS.Scale:1]]
[2019.11.23-21.07.11:883][  0]LogConfig: Setting CVar [[r.SSS.SampleSet:2]]
[2019.11.23-21.07.11:883][  0]LogConfig: Setting CVar [[r.SSS.Quality:1]]
[2019.11.23-21.07.11:883][  0]LogConfig: Setting CVar [[r.SSS.HalfRes:1]]
[2019.11.23-21.07.11:883][  0]LogConfig: Setting CVar [[r.EmitterSpawnRateScale:1.0]]
[2019.11.23-21.07.11:883][  0]LogConfig: Setting CVar [[r.ParticleLightQuality:2]]
[2019.11.23-21.07.11:883][  0]LogConfig: Applying CVar settings from Section [FoliageQuality@3] File [C:/Users/LabE00/Documents/GitHub/7003E-Saga/FinalProject/Saved/Config/Windows/Scalability.ini]
[2019.11.23-21.07.11:883][  0]LogConfig: Setting CVar [[foliage.DensityScale:1.0]]
[2019.11.23-21.07.11:883][  0]LogConfig: Setting CVar [[grass.DensityScale:1.0]]
[2019.11.23-21.07.11:883][  0]LogInit: Selected Device Profile: [Windows]
[2019.11.23-21.07.11:883][  0]LogInit: Applying CVar settings loaded from the selected device profile: [Windows]
[2019.11.23-21.07.11:886][  0]LogHAL: Display: Platform has ~ 16 GB [17125621760 / 17179869184 / 16], which maps to Larger [LargestMinGB=32, LargerMinGB=12, DefaultMinGB=8, SmallerMinGB=6, SmallestMinGB=0)
[2019.11.23-21.07.11:886][  0]LogConfig: Setting CVar [[r.Vulkan.UseRealUBs:0		; Required until we fix HLR fall-out]]
[2019.11.23-21.07.11:886][  0]LogInit: Going up to parent DeviceProfile []
[2019.11.23-21.07.11:886][  0]LogConfig: Applying CVar settings from Section [ViewDistanceQuality@3] File [C:/Users/LabE00/Documents/GitHub/7003E-Saga/FinalProject/Saved/Config/Windows/Scalability.ini]
[2019.11.23-21.07.11:886][  0]LogConfig: Setting CVar [[r.SkeletalMeshLODBias:0]]
[2019.11.23-21.07.11:886][  0]LogConfig: Setting CVar [[r.ViewDistanceScale:1.0]]
[2019.11.23-21.07.11:886][  0]LogConfig: Applying CVar settings from Section [AntiAliasingQuality@3] File [C:/Users/LabE00/Documents/GitHub/7003E-Saga/FinalProject/Saved/Config/Windows/Scalability.ini]
[2019.11.23-21.07.11:886][  0]LogConfig: Setting CVar [[r.PostProcessAAQuality:4]]
[2019.11.23-21.07.11:886][  0]LogConfig: Applying CVar settings from Section [ShadowQuality@3] File [C:/Users/LabE00/Documents/GitHub/7003E-Saga/FinalProject/Saved/Config/Windows/Scalability.ini]
[2019.11.23-21.07.11:886][  0]LogConfig: Setting CVar [[r.LightFunctionQuality:1]]
[2019.11.23-21.07.11:886][  0]LogConfig: Setting CVar [[r.ShadowQuality:5]]
[2019.11.23-21.07.11:886][  0]LogConfig: Setting CVar [[r.Shadow.CSM.MaxCascades:10]]
[2019.11.23-21.07.11:886][  0]LogConfig: Setting CVar [[r.Shadow.MaxResolution:2048]]
[2019.11.23-21.07.11:886][  0]LogConfig: Setting CVar [[r.Shadow.MaxCSMResolution:2048]]
[2019.11.23-21.07.11:886][  0]LogConfig: Setting CVar [[r.Shadow.RadiusThreshold:0.01]]
[2019.11.23-21.07.11:886][  0]LogConfig: Setting CVar [[r.Shadow.DistanceScale:1.0]]
[2019.11.23-21.07.11:886][  0]LogConfig: Setting CVar [[r.Shadow.CSM.TransitionScale:1.0]]
[2019.11.23-21.07.11:886][  0]LogConfig: Setting CVar [[r.Shadow.PreShadowResolutionFactor:1.0]]
[2019.11.23-21.07.11:886][  0]LogConfig: Setting CVar [[r.DistanceFieldShadowing:1]]
[2019.11.23-21.07.11:886][  0]LogConfig: Setting CVar [[r.DistanceFieldAO:1]]
[2019.11.23-21.07.11:886][  0]LogConfig: Setting CVar [[r.AOQuality:2]]
[2019.11.23-21.07.11:886][  0]LogConfig: Setting CVar [[r.VolumetricFog:1]]
[2019.11.23-21.07.11:886][  0]LogConfig: Setting CVar [[r.VolumetricFog.GridPixelSize:8]]
[2019.11.23-21.07.11:886][  0]LogConfig: Setting CVar [[r.VolumetricFog.GridSizeZ:128]]
[2019.11.23-21.07.11:886][  0]LogConfig: Setting CVar [[r.VolumetricFog.HistoryMissSupersampleCount:4]]
[2019.11.23-21.07.11:886][  0]LogConfig: Setting CVar [[r.LightMaxDrawDistanceScale:1]]
[2019.11.23-21.07.11:886][  0]LogConfig: Setting CVar [[r.CapsuleShadows:1]]
[2019.11.23-21.07.11:886][  0]LogConfig: Applying CVar settings from Section [PostProcessQuality@3] File [C:/Users/LabE00/Documents/GitHub/7003E-Saga/FinalProject/Saved/Config/Windows/Scalability.ini]
[2019.11.23-21.07.11:886][  0]LogConfig: Setting CVar [[r.MotionBlurQuality:4]]
[2019.11.23-21.07.11:886][  0]LogConfig: Setting CVar [[r.AmbientOcclusionMipLevelFactor:0.4]]
[2019.11.23-21.07.11:886][  0]LogConfig: Setting CVar [[r.AmbientOcclusionMaxQuality:100]]
[2019.11.23-21.07.11:887][  0]LogConfig: Setting CVar [[r.AmbientOcclusionLevels:-1]]
[2019.11.23-21.07.11:887][  0]LogConfig: Setting CVar [[r.AmbientOcclusionRadiusScale:1.0]]
[2019.11.23-21.07.11:887][  0]LogConfig: Setting CVar [[r.DepthOfFieldQuality:2]]
[2019.11.23-21.07.11:887][  0]LogConfig: Setting CVar [[r.RenderTargetPoolMin:400]]
[2019.11.23-21.07.11:887][  0]LogConfig: Setting CVar [[r.LensFlareQuality:2]]
[2019.11.23-21.07.11:887][  0]LogConfig: Setting CVar [[r.SceneColorFringeQuality:1]]
[2019.11.23-21.07.11:887][  0]LogConfig: Setting CVar [[r.EyeAdaptationQuality:2]]
[2019.11.23-21.07.11:887][  0]LogConfig: Setting CVar [[r.BloomQuality:5]]
[2019.11.23-21.07.11:887][  0]LogConfig: Setting CVar [[r.FastBlurThreshold:100]]
[2019.11.23-21.07.11:887][  0]LogConfig: Setting CVar [[r.Upscale.Quality:3]]
[2019.11.23-21.07.11:887][  0]LogConfig: Setting CVar [[r.Tonemapper.GrainQuantization:1]]
[2019.11.23-21.07.11:887][  0]LogConfig: Setting CVar [[r.LightShaftQuality:1]]
[2019.11.23-21.07.11:887][  0]LogConfig: Setting CVar [[r.Filter.SizeScale:1]]
[2019.11.23-21.07.11:887][  0]LogConfig: Setting CVar [[r.Tonemapper.Quality:5]]
[2019.11.23-21.07.11:887][  0]LogConfig: Setting CVar [[r.DOF.Gather.AccumulatorQuality:1        ; higher gathering accumulator quality]]
[2019.11.23-21.07.11:887][  0]LogConfig: Setting CVar [[r.DOF.Gather.PostfilterMethod:1          ; Median3x3 postfilering method]]
[2019.11.23-21.07.11:887][  0]LogConfig: Setting CVar [[r.DOF.Gather.EnableBokehSettings:0       ; no bokeh simulation when gathering]]
[2019.11.23-21.07.11:887][  0]LogConfig: Setting CVar [[r.DOF.Gather.RingCount:4                 ; medium number of samples when gathering]]
[2019.11.23-21.07.11:887][  0]LogConfig: Setting CVar [[r.DOF.Scatter.ForegroundCompositing:1    ; additive foreground scattering]]
[2019.11.23-21.07.11:887][  0]LogConfig: Setting CVar [[r.DOF.Scatter.BackgroundCompositing:2    ; additive background scattering]]
[2019.11.23-21.07.11:887][  0]LogConfig: Setting CVar [[r.DOF.Scatter.EnableBokehSettings:1      ; bokeh simulation when scattering]]
[2019.11.23-21.07.11:887][  0]LogConfig: Setting CVar [[r.DOF.Scatter.MaxSpriteRatio:0.1         ; only a maximum of 10% of scattered bokeh]]
[2019.11.23-21.07.11:887][  0]LogConfig: Setting CVar [[r.DOF.Recombine.Quality:1                ; cheap slight out of focus]]
[2019.11.23-21.07.11:887][  0]LogConfig: Setting CVar [[r.DOF.Recombine.EnableBokehSettings:0    ; no bokeh simulation on slight out of focus]]
[2019.11.23-21.07.11:887][  0]LogConfig: Setting CVar [[r.DOF.TemporalAAQuality:1                ; more stable temporal accumulation]]
[2019.11.23-21.07.11:887][  0]LogConfig: Setting CVar [[r.DOF.Kernel.MaxForegroundRadius:0.025]]
[2019.11.23-21.07.11:887][  0]LogConfig: Setting CVar [[r.DOF.Kernel.MaxBackgroundRadius:0.025]]
[2019.11.23-21.07.11:887][  0]LogConfig: Applying CVar settings from Section [TextureQuality@3] File [C:/Users/LabE00/Documents/GitHub/7003E-Saga/FinalProject/Saved/Config/Windows/Scalability.ini]
[2019.11.23-21.07.11:887][  0]LogConfig: Setting CVar [[r.Streaming.MipBias:0]]
[2019.11.23-21.07.11:887][  0]LogConfig: Setting CVar [[r.Streaming.AmortizeCPUToGPUCopy:0]]
[2019.11.23-21.07.11:887][  0]LogConfig: Setting CVar [[r.Streaming.MaxNumTexturesToStreamPerFrame:0]]
[2019.11.23-21.07.11:887][  0]LogConfig: Setting CVar [[r.Streaming.Boost:1]]
[2019.11.23-21.07.11:887][  0]LogConfig: Setting CVar [[r.MaxAnisotropy:8]]
[2019.11.23-21.07.11:887][  0]LogConfig: Setting CVar [[r.Streaming.LimitPoolSizeToVRAM:0]]
[2019.11.23-21.07.11:887][  0]LogConfig: Setting CVar [[r.Streaming.PoolSize:1000]]
[2019.11.23-21.07.11:887][  0]LogConfig: Setting CVar [[r.Streaming.MaxEffectiveScreenSize:0]]
[2019.11.23-21.07.11:887][  0]LogConfig: Applying CVar settings from Section [EffectsQuality@3] File [C:/Users/LabE00/Documents/GitHub/7003E-Saga/FinalProject/Saved/Config/Windows/Scalability.ini]
[2019.11.23-21.07.11:887][  0]LogConfig: Setting CVar [[r.TranslucencyLightingVolumeDim:64]]
[2019.11.23-21.07.11:887][  0]LogConfig: Setting CVar [[r.RefractionQuality:2]]
[2019.11.23-21.07.11:887][  0]LogConfig: Setting CVar [[r.SSR.Quality:3]]
[2019.11.23-21.07.11:887][  0]LogConfig: Setting CVar [[r.SceneColorFormat:4]]
[2019.11.23-21.07.11:887][  0]LogConfig: Setting CVar [[r.DetailMode:2]]
[2019.11.23-21.07.11:887][  0]LogConfig: Setting CVar [[r.TranslucencyVolumeBlur:1]]
[2019.11.23-21.07.11:887][  0]LogConfig: Setting CVar [[r.MaterialQualityLevel:1 ; High quality]]
[2019.11.23-21.07.11:887][  0]LogConfig: Setting CVar [[r.SSS.Scale:1]]
[2019.11.23-21.07.11:887][  0]LogConfig: Setting CVar [[r.SSS.SampleSet:2]]
[2019.11.23-21.07.11:887][  0]LogConfig: Setting CVar [[r.SSS.Quality:1]]
[2019.11.23-21.07.11:887][  0]LogConfig: Setting CVar [[r.SSS.HalfRes:1]]
[2019.11.23-21.07.11:887][  0]LogConfig: Setting CVar [[r.EmitterSpawnRateScale:1.0]]
[2019.11.23-21.07.11:887][  0]LogConfig: Setting CVar [[r.ParticleLightQuality:2]]
[2019.11.23-21.07.11:887][  0]LogConfig: Applying CVar settings from Section [FoliageQuality@3] File [C:/Users/LabE00/Documents/GitHub/7003E-Saga/FinalProject/Saved/Config/Windows/Scalability.ini]
[2019.11.23-21.07.11:887][  0]LogConfig: Setting CVar [[foliage.DensityScale:1.0]]
[2019.11.23-21.07.11:887][  0]LogConfig: Setting CVar [[grass.DensityScale:1.0]]
[2019.11.23-21.07.11:887][  0]LogConfig: Applying CVar settings from Section [Startup] File [../../../Engine/Config/ConsoleVariables.ini]
[2019.11.23-21.07.11:887][  0]LogConfig: Setting CVar [[net.UseAdaptiveNetUpdateFrequency:0]]
[2019.11.23-21.07.11:887][  0]LogConfig: Setting CVar [[p.chaos.AllowCreatePhysxBodies:1]]
[2019.11.23-21.07.11:887][  0]LogConfig: Applying CVar settings from Section [ConsoleVariables] File [C:/Users/LabE00/Documents/GitHub/7003E-Saga/FinalProject/Saved/Config/Windows/Engine.ini]
[2019.11.23-21.07.11:887][  0]LogInit: Computer: LABE12
[2019.11.23-21.07.11:887][  0]LogInit: User: LabE00
[2019.11.23-21.07.11:887][  0]LogInit: CPU Page size=4096, Cores=6
[2019.11.23-21.07.11:887][  0]LogInit: High frequency timer resolution =10.000000 MHz
[2019.11.23-21.07.11:888][  0]LogMemory: Memory total: Physical=15.9GB (16GB approx)
[2019.11.23-21.07.11:888][  0]LogMemory: Platform Memory Stats for Windows
[2019.11.23-21.07.11:888][  0]LogMemory: Process Physical Memory: 101.55 MB used, 101.56 MB peak
[2019.11.23-21.07.11:888][  0]LogMemory: Process Virtual Memory: 94.70 MB used, 94.70 MB peak
[2019.11.23-21.07.11:888][  0]LogMemory: Physical Memory: 8704.13 MB used,  7628.14 MB free, 16332.27 MB total
[2019.11.23-21.07.11:888][  0]LogMemory: Virtual Memory: 4644.52 MB used,  134213080.00 MB free, 134217728.00 MB total
[2019.11.23-21.07.11:900][  0]LogInit: Using OS detected language (pt-BR).
[2019.11.23-21.07.11:900][  0]LogInit: Using OS detected locale (pt-BR).
[2019.11.23-21.07.12:022][  0]LogTextLocalizationResource: LocRes '../../../Engine/Content/Localization/Editor/pt/Editor.locres' could not be opened for reading!
[2019.11.23-21.07.12:022][  0]LogTextLocalizationResource: LocRes '../../../Engine/Content/Localization/EditorTutorials/pt/EditorTutorials.locres' could not be opened for reading!
[2019.11.23-21.07.12:022][  0]LogTextLocalizationResource: LocRes '../../../Engine/Content/Localization/Keywords/pt/Keywords.locres' could not be opened for reading!
[2019.11.23-21.07.12:022][  0]LogTextLocalizationResource: LocRes '../../../Engine/Content/Localization/Category/pt/Category.locres' could not be opened for reading!
[2019.11.23-21.07.12:023][  0]LogTextLocalizationResource: LocRes '../../../Engine/Content/Localization/ToolTips/pt/ToolTips.locres' could not be opened for reading!
[2019.11.23-21.07.12:023][  0]LogTextLocalizationResource: LocRes '../../../Engine/Content/Localization/PropertyNames/pt/PropertyNames.locres' could not be opened for reading!
[2019.11.23-21.07.12:023][  0]LogTextLocalizationResource: LocRes '../../../Engine/Content/Localization/Engine/pt/Engine.locres' could not be opened for reading!
[2019.11.23-21.07.12:023][  0]LogTextLocalizationResource: LocRes '../../../Engine/Plugins/Online/Android/OnlineSubsystemGooglePlay/Content/Localization/OnlineSubsystemGooglePlay/pt/OnlineSubsystemGooglePlay.locres' could not be opened for reading!
[2019.11.23-21.07.12:023][  0]LogTextLocalizationResource: LocRes '../../../Engine/Plugins/Online/IOS/OnlineSubsystemIOS/Content/Localization/OnlineSubsystemIOS/pt/OnlineSubsystemIOS.locres' could not be opened for reading!
[2019.11.23-21.07.12:023][  0]LogTextLocalizationResource: LocRes '../../../Engine/Plugins/Online/OnlineSubsystem/Content/Localization/OnlineSubsystem/pt/OnlineSubsystem.locres' could not be opened for reading!
[2019.11.23-21.07.12:023][  0]LogTextLocalizationResource: LocRes '../../../Engine/Plugins/Online/OnlineSubsystemUtils/Content/Localization/OnlineSubsystemUtils/pt/OnlineSubsystemUtils.locres' could not be opened for reading!
[2019.11.23-21.07.12:057][  0]LogSlate: New Slate User Created.  User Index 0, Is Virtual User: 0
[2019.11.23-21.07.12:057][  0]LogSlate: Slate User Registered.  User Index 0, Is Virtual User: 0
[2019.11.23-21.07.12:071][  0]LogHMD: Failed to initialize OpenVR with code 110
[2019.11.23-21.07.12:071][  0]LogD3D11RHI: D3D11 adapters:
[2019.11.23-21.07.12:110][  0]LogD3D11RHI:    0. 'NVIDIA GeForce GTX 1050 Ti' (Feature Level 11_0)
[2019.11.23-21.07.12:110][  0]LogD3D11RHI:       4029/0/8166 MB DedicatedVideo/DedicatedSystem/SharedSystem, Outputs:1, VendorId:0x10de
[2019.11.23-21.07.12:112][  0]LogD3D11RHI:    1. 'Microsoft Basic Render Driver' (Feature Level 11_0)
[2019.11.23-21.07.12:112][  0]LogD3D11RHI:       0/0/8166 MB DedicatedVideo/DedicatedSystem/SharedSystem, Outputs:0, VendorId:0x1414
[2019.11.23-21.07.12:112][  0]LogD3D11RHI: Chosen D3D11 Adapter: 0
[2019.11.23-21.07.12:119][  0]LogD3D11RHI: Creating new Direct3DDevice
[2019.11.23-21.07.12:119][  0]LogD3D11RHI:     GPU DeviceId: 0x1c82 (for the marketing name, search the web for "GPU Device Id")
[2019.11.23-21.07.12:119][  0]LogWindows: EnumDisplayDevices:
[2019.11.23-21.07.12:119][  0]LogWindows:    0. 'NVIDIA GeForce GTX 1050 Ti' (P:1 D:1)
[2019.11.23-21.07.12:119][  0]LogWindows:    1. 'NVIDIA GeForce GTX 1050 Ti' (P:0 D:0)
[2019.11.23-21.07.12:119][  0]LogWindows:    2. 'NVIDIA GeForce GTX 1050 Ti' (P:0 D:0)
[2019.11.23-21.07.12:120][  0]LogWindows:    3. 'NVIDIA GeForce GTX 1050 Ti' (P:0 D:0)
[2019.11.23-21.07.12:120][  0]LogWindows: DebugString: FoundDriverCount:4 
[2019.11.23-21.07.12:120][  0]LogD3D11RHI:     Adapter Name: NVIDIA GeForce GTX 1050 Ti
[2019.11.23-21.07.12:120][  0]LogD3D11RHI:   Driver Version: 388.13 (internal:23.21.13.8813, unified:388.13)
[2019.11.23-21.07.12:120][  0]LogD3D11RHI:      Driver Date: 10-27-2017
[2019.11.23-21.07.12:120][  0]LogRHI: Texture pool is 2820 MB (70% of 4029 MB)
[2019.11.23-21.07.12:147][  0]LogD3D11RHI: Async texture creation enabled
[2019.11.23-21.07.12:150][  0]LogRendererCore: FGlobalReadBuffer::InitRHI
[2019.11.23-21.07.12:151][  0]LogRendererCore: FGlobalReadBuffer::InitRHI
[2019.11.23-21.07.12:151][  0]LogRendererCore: FGlobalReadBuffer::InitRHI
[2019.11.23-21.07.12:158][  0]LogD3D11RHI: GPU Timing Frequency: 1000.000000 (Debug: 2 1)
[2019.11.23-21.07.12:409][  0]LogTemp: Display: Module 'WindowsClientTargetPlatform' loaded TargetPlatform 'WindowsClient'
[2019.11.23-21.07.12:420][  0]LogTemp: Display: Module 'WindowsNoEditorTargetPlatform' loaded TargetPlatform 'WindowsNoEditor'
[2019.11.23-21.07.12:432][  0]LogTemp: Display: Module 'WindowsServerTargetPlatform' loaded TargetPlatform 'WindowsServer'
[2019.11.23-21.07.12:438][  0]LogTemp: Display: Module 'WindowsTargetPlatform' loaded TargetPlatform 'Windows'
[2019.11.23-21.07.12:438][  0]LogTargetPlatformManager: Display: Building Assets For Windows
[2019.11.23-21.07.12:445][  0]LogAudioDebug: Display: Lib vorbis DLL was dynamically loaded.
[2019.11.23-21.07.12:483][  0]LogShaderCompilers: Guid format shader working directory is -24 characters bigger than the processId version (../../../../../../Users/LabE00/Documents/GitHub/7003E-Saga/FinalProject/Intermediate/Shaders/WorkingDirectory/6920/).
[2019.11.23-21.07.12:483][  0]LogShaderCompilers: Cleaned the shader compiler working directory 'C:/Users/LabE00/AppData/Local/Temp/UnrealShaderWorkingDir/2D5AC28F469898FF792090AB3B6667D0/'.
[2019.11.23-21.07.12:485][  0]LogXGEController: Cannot use XGE Controller as Incredibuild is not installed on this machine.
[2019.11.23-21.07.12:485][  0]LogShaderCompilers: Cannot use XGE Shader Compiler as Incredibuild is not installed on this machine.
[2019.11.23-21.07.12:485][  0]LogShaderCompilers: Display: Using Local Shader Compiler.
[2019.11.23-21.07.12:952][  0]LogDerivedDataCache: Display: Max Cache Size: 512 MB
[2019.11.23-21.07.13:008][  0]LogDerivedDataCache: Loaded boot cache 0.06s 73MB C:/Users/LabE00/AppData/Local/UnrealEngine/4.22/DerivedDataCache/Boot.ddc.
[2019.11.23-21.07.13:008][  0]LogDerivedDataCache: Display: Loaded Boot cache: C:/Users/LabE00/AppData/Local/UnrealEngine/4.22/DerivedDataCache/Boot.ddc
[2019.11.23-21.07.13:008][  0]LogDerivedDataCache: FDerivedDataBackendGraph:  Pak pak cache file ../../../../../../Users/LabE00/Documents/GitHub/7003E-Saga/FinalProject/DerivedDataCache/DDC.ddp not found, will not use a pak cache.
[2019.11.23-21.07.13:008][  0]LogDerivedDataCache: Unable to find inner node Pak for hierarchical cache Hierarchy.
[2019.11.23-21.07.13:008][  0]LogDerivedDataCache: FDerivedDataBackendGraph:  CompressedPak pak cache file ../../../../../../Users/LabE00/Documents/GitHub/7003E-Saga/FinalProject/DerivedDataCache/Compressed.ddp not found, will not use a pak cache.
[2019.11.23-21.07.13:008][  0]LogDerivedDataCache: Unable to find inner node CompressedPak for hierarchical cache Hierarchy.
[2019.11.23-21.07.13:019][  0]LogDerivedDataCache: Display: Pak cache opened for reading ../../../Engine/DerivedDataCache/Compressed.ddp.
[2019.11.23-21.07.13:019][  0]LogDerivedDataCache: FDerivedDataBackendGraph:  EnterprisePak pak cache file ../../../Enterprise/DerivedDataCache/Compressed.ddp not found, will not use a pak cache.
[2019.11.23-21.07.13:019][  0]LogDerivedDataCache: Unable to find inner node EnterprisePak for hierarchical cache Hierarchy.
[2019.11.23-21.07.13:030][  0]LogDerivedDataCache: Using Local data cache path C:/Users/LabE00/AppData/Local/UnrealEngine/Common/DerivedDataCache: Writable
[2019.11.23-21.07.13:030][  0]LogDerivedDataCache: Shared data cache path not found in *engine.ini, will not use an Shared cache.
[2019.11.23-21.07.13:030][  0]LogDerivedDataCache: Unable to find inner node Shared for hierarchical cache Hierarchy.
[2019.11.23-21.07.13:049][  0]LogMaterial: Verifying Global Shaders for PCD3D_SM5
[2019.11.23-21.07.13:052][  0]LogSlate: Using FreeType 2.6.0
[2019.11.23-21.07.13:052][  0]LogSlate: SlateFontServices - WITH_FREETYPE: 1, WITH_HARFBUZZ: 1
[2019.11.23-21.07.13:157][  0]LogInit: Using OS detected language (pt-BR).
[2019.11.23-21.07.13:157][  0]LogInit: Using OS detected locale (pt-BR).
[2019.11.23-21.07.13:157][  0]LogTextLocalizationManager: No localization for 'pt-BR' exists, so 'en' will be used for the language.
[2019.11.23-21.07.13:157][  0]LogTextLocalizationManager: No localization for 'pt-BR' exists, so 'en' will be used for the locale.
[2019.11.23-21.07.13:157][  0]LogSlate: FontCache flush requested. Reason: Culture for localization was changed
[2019.11.23-21.07.13:157][  0]LogSlate: FontCache flush requested. Reason: Culture for localization was changed
[2019.11.23-21.07.13:158][  0]LogTextLocalizationManager: Compacting localization data took   0.00ms
[2019.11.23-21.07.13:163][  0]LogAssetRegistry: FAssetRegistry took 0.0034 seconds to start up
[2019.11.23-21.07.13:318][  0]LogPackageLocalizationCache: Processed 10 localized package path(s) for 1 prioritized culture(s) in 0.000389 seconds
[2019.11.23-21.07.13:421][  0]LogInit: Selected Device Profile: [Windows]
[2019.11.23-21.07.13:461][  0]LogMeshReduction: Using QuadricMeshReduction for automatic static mesh reduction
[2019.11.23-21.07.13:461][  0]LogMeshReduction: Using SimplygonMeshReduction for automatic skeletal mesh reduction
[2019.11.23-21.07.13:461][  0]LogMeshReduction: Using ProxyLODMeshReduction for automatic mesh merging
[2019.11.23-21.07.13:461][  0]LogMeshReduction: No distributed automatic mesh merging module available
[2019.11.23-21.07.13:461][  0]LogMeshMerging: No distributed automatic mesh merging module available
[2019.11.23-21.07.13:548][  0]LogNetVersion: FinalProject 1.0.0, NetCL: 5660361, EngineNetVer: 10, GameNetVer: 0 (Checksum: 1780545774)
[2019.11.23-21.07.13:983][  0]LogMoviePlayer: Initializing movie player
[2019.11.23-21.07.14:189][  0]LogTcpMessaging: Initializing TcpMessaging bridge
[2019.11.23-21.07.14:202][  0]LogUdpMessaging: Initializing bridge on interface 0.0.0.0:0 to multicast group 230.0.0.1:6666.
[2019.11.23-21.07.14:304][  0]SourceControl: Controle de origem desativado
[2019.11.23-21.07.14:304][  0]SourceControl: Controle de origem desativado
[2019.11.23-21.07.14:305][  0]SourceControl: Controle de origem desativado
[2019.11.23-21.07.14:313][  0]LogVSAccessor: Display: Unable to create Visual Studio setup instance: 80040154
[2019.11.23-21.07.14:313][  0]LogVSAccessor: Display: Unable to create Visual Studio setup instance: 80040154
[2019.11.23-21.07.14:337][  0]LogAndroidPermission: UAndroidPermissionCallbackProxy::GetInstance
[2019.11.23-21.07.14:377][  0]LogOcInput: OculusInput pre-init called
[2019.11.23-21.07.14:386][  0]LogUObjectArray: 46459 objects as part of root set at end of initial load.
[2019.11.23-21.07.14:386][  0]LogUObjectAllocator: 8159704 out of 0 bytes used by permanent object pool.
[2019.11.23-21.07.14:386][  0]LogUObjectArray: CloseDisregardForGC: 0/0 objects in disregard for GC pool
[2019.11.23-21.07.14:510][  0]LogEngine: Initializing Engine...
[2019.11.23-21.07.14:510][  0]LogHMD: Failed to initialize OpenVR with code 110
[2019.11.23-21.07.14:522][  0]LogStats: UGameplayTagsManager::InitializeManager -  0.000 s
[2019.11.23-21.07.14:672][  0]LogInit: Initializing FReadOnlyCVARCache
[2019.11.23-21.07.14:672][  0]LogNetVersion: Set ProjectVersion to 1.0.0.0. Version Checksum will be recalculated on next use.
[2019.11.23-21.07.14:673][  0]LogInit: Texture streaming: Enabled
[2019.11.23-21.07.14:807][  0]LogSlate: Updating window title bar state: overlay mode, drag disabled, window buttons hidden, title bar hidden
[2019.11.23-21.07.14:809][  0]LogInit: Display: Game Engine Initialized.
[2019.11.23-21.07.14:853][  0]LogInit: Display: Starting Game.
[2019.11.23-21.07.14:854][  0]LogNet: Browse: /Game/ThirdPersonBP/Maps/labscenein?Name=Player
[2019.11.23-21.07.14:855][  0]LogLoad: LoadMap: /Game/ThirdPersonBP/Maps/labscenein?Name=Player
[2019.11.23-21.07.14:894][  0]LogUObjectHash: Compacting FUObjectHashTables data took   1.29ms
[2019.11.23-21.07.15:252][  0]LogLinker: Warning: Não é possível encontrar o arquivo “/Game/InfinityBladeEffects/Effects/FX_Materials/Noise/M_Shockwave_01_INST”
[2019.11.23-21.07.15:252][  0]LoadErrors: Falha ao carregar /Game/InfinityBladeEffects/Effects/FX_Materials/Noise/M_Shockwave_01_INST.M_Shockwave_01_INST Referenciado por ParticleModuleMeshMaterial_43
[2019.11.23-21.07.15:252][  0]LogUObjectGlobals: Warning: Falha ao carregar “/Game/InfinityBladeEffects/Effects/FX_Materials/Noise/M_Shockwave_01_INST”: Não é possível encontrar o arquivo “/Game/InfinityBladeEffects/Effects/FX_Materials/Noise/M_Shockwave_01_INST”
[2019.11.23-21.07.15:252][  0]LogLinker: Warning: Não é possível encontrar o arquivo do ativo “NULL” ao carregar /Game/InfinityBladeEffects/Effects/FX_Materials/Noise/M_Shockwave_01_INST.
[2019.11.23-21.07.15:252][  0]LogUObjectGlobals: Warning: Falha ao carregar “/Game/InfinityBladeEffects/Effects/FX_Materials/Noise/M_Shockwave_01_INST”: Não é possível encontrar o arquivo do ativo “NULL” ao carregar /Game/InfinityBladeEffects/Effects/FX_Materials/Noise/M_Shockwave_01_INST.
[2019.11.23-21.07.15:254][  0]LogLinker: Warning: Não é possível encontrar o arquivo “/Game/InfinityBladeEffects/Effects/FX_Meshes/Skills/SM_Shockwave_01”
[2019.11.23-21.07.15:254][  0]LoadErrors: Falha ao carregar /Game/InfinityBladeEffects/Effects/FX_Meshes/Skills/SM_Shockwave_01.SM_Shockwave_01 Referenciado por ParticleModuleTypeDataMesh_0
[2019.11.23-21.07.15:254][  0]LogUObjectGlobals: Warning: Falha ao carregar “/Game/InfinityBladeEffects/Effects/FX_Meshes/Skills/SM_Shockwave_01”: Não é possível encontrar o arquivo “/Game/InfinityBladeEffects/Effects/FX_Meshes/Skills/SM_Shockwave_01”
[2019.11.23-21.07.15:254][  0]LogLinker: Warning: Não é possível encontrar o arquivo do ativo “NULL” ao carregar /Game/InfinityBladeEffects/Effects/FX_Meshes/Skills/SM_Shockwave_01.
[2019.11.23-21.07.15:254][  0]LogUObjectGlobals: Warning: Falha ao carregar “/Game/InfinityBladeEffects/Effects/FX_Meshes/Skills/SM_Shockwave_01”: Não é possível encontrar o arquivo do ativo “NULL” ao carregar /Game/InfinityBladeEffects/Effects/FX_Meshes/Skills/SM_Shockwave_01.
[2019.11.23-21.07.15:483][  0]LogStaticMesh: Criando malha estática TemplateFloor...
[2019.11.23-21.07.15:486][  0]LogStaticMesh: Built static mesh [0.00s] /Game/Geometry/Meshes/TemplateFloor.TemplateFloor
[2019.11.23-21.07.15:552][  0]LogBlueprint: Warning: Node '/Game/MilitaryWeapSilver/Sound/Rifle/Cues/RifleA_Fire_Cue.RifleA_Fire_Cue:SoundCueGraph_11.EdGraphNode_Comment_1' missing NodeGuid because of upgrade from old package version, this can cause deterministic cooking issues please resave package.
[2019.11.23-21.07.15:552][  0]LogBlueprint: Warning: Node '/Game/MilitaryWeapSilver/Sound/Rifle/Cues/RifleA_Fire_Cue.RifleA_Fire_Cue:SoundCueGraph_11.EdGraphNode_Comment_3' missing NodeGuid because of upgrade from old package version, this can cause deterministic cooking issues please resave package.
[2019.11.23-21.07.15:552][  0]LogBlueprint: Warning: Node '/Game/MilitaryWeapSilver/Sound/Rifle/Cues/RifleA_Fire_Cue.RifleA_Fire_Cue:SoundCueGraph_11.SoundCueGraphNode_3' missing NodeGuid because of upgrade from old package version, this can cause deterministic cooking issues please resave package.
[2019.11.23-21.07.15:552][  0]LogBlueprint: Warning: Node '/Game/MilitaryWeapSilver/Sound/Rifle/Cues/RifleA_Fire_Cue.RifleA_Fire_Cue:SoundCueGraph_11.SoundCueGraphNode_80' missing NodeGuid because of upgrade from old package version, this can cause deterministic cooking issues please resave package.
[2019.11.23-21.07.15:552][  0]LogBlueprint: Warning: Node '/Game/MilitaryWeapSilver/Sound/Rifle/Cues/RifleA_Fire_Cue.RifleA_Fire_Cue:SoundCueGraph_11.SoundCueGraphNode_81' missing NodeGuid because of upgrade from old package version, this can cause deterministic cooking issues please resave package.
[2019.11.23-21.07.15:553][  0]LogBlueprint: Warning: Node '/Game/MilitaryWeapSilver/Sound/Rifle/Cues/RifleA_Fire_Cue.RifleA_Fire_Cue:SoundCueGraph_11.SoundCueGraphNode_82' missing NodeGuid because of upgrade from old package version, this can cause deterministic cooking issues please resave package.
[2019.11.23-21.07.15:553][  0]LogBlueprint: Warning: Node '/Game/MilitaryWeapSilver/Sound/Rifle/Cues/RifleA_Fire_Cue.RifleA_Fire_Cue:SoundCueGraph_11.SoundCueGraphNode_83' missing NodeGuid because of upgrade from old package version, this can cause deterministic cooking issues please resave package.
[2019.11.23-21.07.15:553][  0]LogBlueprint: Warning: Node '/Game/MilitaryWeapSilver/Sound/Rifle/Cues/RifleA_Fire_Cue.RifleA_Fire_Cue:SoundCueGraph_11.SoundCueGraphNode_84' missing NodeGuid because of upgrade from old package version, this can cause deterministic cooking issues please resave package.
[2019.11.23-21.07.15:553][  0]LogBlueprint: Warning: Node '/Game/MilitaryWeapSilver/Sound/Rifle/Cues/RifleA_Fire_Cue.RifleA_Fire_Cue:SoundCueGraph_11.SoundCueGraphNode_85' missing NodeGuid because of upgrade from old package version, this can cause deterministic cooking issues please resave package.
[2019.11.23-21.07.15:553][  0]LogBlueprint: Warning: Node '/Game/MilitaryWeapSilver/Sound/Rifle/Cues/RifleA_Fire_Cue.RifleA_Fire_Cue:SoundCueGraph_11.SoundCueGraphNode_86' missing NodeGuid because of upgrade from old package version, this can cause deterministic cooking issues please resave package.
[2019.11.23-21.07.15:553][  0]LogBlueprint: Warning: Node '/Game/MilitaryWeapSilver/Sound/Rifle/Cues/RifleA_Fire_Cue.RifleA_Fire_Cue:SoundCueGraph_11.SoundCueGraphNode_87' missing NodeGuid because of upgrade from old package version, this can cause deterministic cooking issues please resave package.
[2019.11.23-21.07.15:553][  0]LogBlueprint: Warning: Node '/Game/MilitaryWeapSilver/Sound/Rifle/Cues/RifleA_Fire_Cue.RifleA_Fire_Cue:SoundCueGraph_11.SoundCueGraphNode_88' missing NodeGuid because of upgrade from old package version, this can cause deterministic cooking issues please resave package.
[2019.11.23-21.07.15:553][  0]LogBlueprint: Warning: Node '/Game/MilitaryWeapSilver/Sound/Rifle/Cues/RifleA_Fire_Cue.RifleA_Fire_Cue:SoundCueGraph_11.SoundCueGraphNode_89' missing NodeGuid because of upgrade from old package version, this can cause deterministic cooking issues please resave package.
[2019.11.23-21.07.15:553][  0]LogBlueprint: Warning: Node '/Game/MilitaryWeapSilver/Sound/Rifle/Cues/RifleA_Fire_Cue.RifleA_Fire_Cue:SoundCueGraph_11.SoundCueGraphNode_90' missing NodeGuid because of upgrade from old package version, this can cause deterministic cooking issues please resave package.
[2019.11.23-21.07.15:553][  0]LogBlueprint: Warning: Node '/Game/MilitaryWeapSilver/Sound/Rifle/Cues/RifleA_Fire_Cue.RifleA_Fire_Cue:SoundCueGraph_11.SoundCueGraphNode_91' missing NodeGuid because of upgrade from old package version, this can cause deterministic cooking issues please resave package.
[2019.11.23-21.07.15:553][  0]LogBlueprint: Warning: Node '/Game/MilitaryWeapSilver/Sound/Rifle/Cues/RifleA_Fire_Cue.RifleA_Fire_Cue:SoundCueGraph_11.SoundCueGraphNode_92' missing NodeGuid because of upgrade from old package version, this can cause deterministic cooking issues please resave package.
[2019.11.23-21.07.15:553][  0]LogBlueprint: Warning: Node '/Game/MilitaryWeapSilver/Sound/Rifle/Cues/RifleA_Fire_Cue.RifleA_Fire_Cue:SoundCueGraph_11.SoundCueGraphNode_93' missing NodeGuid because of upgrade from old package version, this can cause deterministic cooking issues please resave package.
[2019.11.23-21.07.15:553][  0]LogBlueprint: Warning: Node '/Game/MilitaryWeapSilver/Sound/Rifle/Cues/RifleA_Fire_Cue.RifleA_Fire_Cue:SoundCueGraph_11.SoundCueGraphNode_94' missing NodeGuid because of upgrade from old package version, this can cause deterministic cooking issues please resave package.
[2019.11.23-21.07.15:553][  0]LogBlueprint: Warning: Node '/Game/MilitaryWeapSilver/Sound/Rifle/Cues/RifleA_Fire_Cue.RifleA_Fire_Cue:SoundCueGraph_11.SoundCueGraphNode_Root_11' missing NodeGuid because of upgrade from old package version, this can cause deterministic cooking issues please resave package.
[2019.11.23-21.07.15:626][  0]LogAIModule: Creating AISystem for world labscenein
[2019.11.23-21.07.15:627][  0]LogLoad: Game class is 'ThirdPersonMenuMode_C'
[2019.11.23-21.07.15:636][  0]LogWorld: Bringing World /Game/ThirdPersonBP/Maps/labscenein.labscenein up for play (max tick rate 0) at 2019.11.23-18.07.15
[2019.11.23-21.07.15:639][  0]LogWorld: Bringing up level for play took: 0.010715
[2019.11.23-21.07.15:643][  0]LogGameMode: FindPlayerStart: PATHS NOT DEFINED or NO PLAYERSTART with positive rating
[2019.11.23-21.07.15:673][  0]LogLoad: Took 0.818170 seconds to LoadMap(/Game/ThirdPersonBP/Maps/labscenein)
[2019.11.23-21.07.15:720][  0]LogSlate: Window 'FinalProject (64-bit Development PCD3D_SM5) ' being destroyed
[2019.11.23-21.07.15:727][  0]LogWindowsTextInputMethodSystem: Display: IME system now deactivated.
[2019.11.23-21.07.15:744][  0]LogWindowsTextInputMethodSystem: Display: IME system now deactivated.
[2019.11.23-21.07.15:807][  0]LogLoad: (Engine Initialization) Total time: 5.07 seconds
[2019.11.23-21.07.15:807][  0]LogLoad: (Engine Initialization) Total Blueprint compile time: 0.00 seconds
[2019.11.23-21.07.15:826][  0]LogSlate: Updating window title bar state: overlay mode, drag disabled, window buttons hidden, title bar hidden
[2019.11.23-21.07.15:826][  0]LogEngine: All Windows Closed
[2019.11.23-21.07.15:826][  0]LogWindows: FPlatformMisc::RequestExit(0)
[2019.11.23-21.07.16:522][  1]LogExit: Preparing to exit.
[2019.11.23-21.07.16:522][  1]LogMoviePlayer: Shutting down movie player
[2019.11.23-21.07.17:230][  1]LogSlate: Updating window title bar state: overlay mode, drag disabled, window buttons hidden, title bar hidden
[2019.11.23-21.07.17:253][  1]LogExit: Game engine shut down
[2019.11.23-21.07.17:371][  1]LogExit: Object subsystem successfully closed.
[2019.11.23-21.07.17:399][  1]LogShaderCompilers: Display: Shaders left to compile 0
[2019.11.23-21.07.17:402][  1]LogD3D11RHI: Shutdown
[2019.11.23-21.07.17:402][  1]LogD3D11RHI: CleanupD3DDevice
[2019.11.23-21.07.17:404][  1]LogRendererCore: FGlobalReadBuffer::ReleaseRHI
[2019.11.23-21.07.17:404][  1]LogRendererCore: FGlobalDynamicReadBuffer::Cleanup()
[2019.11.23-21.07.17:404][  1]LogRendererCore: FGlobalReadBuffer::ReleaseRHI
[2019.11.23-21.07.17:404][  1]LogRendererCore: FGlobalDynamicReadBuffer::Cleanup()
[2019.11.23-21.07.17:404][  1]LogRendererCore: FGlobalReadBuffer::ReleaseRHI
[2019.11.23-21.07.17:404][  1]LogRendererCore: FGlobalDynamicReadBuffer::Cleanup()
[2019.11.23-21.07.17:405][  1]LogD3D11RHI: ~FD3D11DynamicRHI
[2019.11.23-21.07.17:480][  1]LogModuleManager: Shutting down and abandoning module SequenceRecorderSections (400)
[2019.11.23-21.07.17:481][  1]LogModuleManager: Shutting down and abandoning module SequenceRecorder (398)
[2019.11.23-21.07.17:481][  1]LogModuleManager: Shutting down and abandoning module AutomationController (396)
[2019.11.23-21.07.17:482][  1]LogModuleManager: Shutting down and abandoning module AutomationWorker (394)
[2019.11.23-21.07.17:483][  1]LogModuleManager: Shutting down and abandoning module Voice (392)
[2019.11.23-21.07.17:483][  1]LogModuleManager: Shutting down and abandoning module AIModule (390)
[2019.11.23-21.07.17:483][  1]LogModuleManager: Shutting down and abandoning module GameplayDebugger (389)
[2019.11.23-21.07.17:484][  1]LogModuleManager: Shutting down and abandoning module AITestSuite (387)
[2019.11.23-21.07.17:484][  1]LogModuleManager: Shutting down and abandoning module NavigationSystem (385)
[2019.11.23-21.07.17:484][  1]LogModuleManager: Shutting down and abandoning module MeshBuilder (382)
[2019.11.23-21.07.17:484][  1]LogModuleManager: Shutting down and abandoning module OculusMR (380)
[2019.11.23-21.07.17:484][  1]LogModuleManager: Shutting down and abandoning module WmfMediaFactory (378)
[2019.11.23-21.07.17:484][  1]LogModuleManager: Shutting down and abandoning module WebMMediaFactory (376)
[2019.11.23-21.07.17:484][  1]LogModuleManager: Shutting down and abandoning module WebMMedia (374)
[2019.11.23-21.07.17:485][  1]LogModuleManager: Shutting down and abandoning module OpenExrWrapper (372)
[2019.11.23-21.07.17:485][  1]LogModuleManager: Shutting down and abandoning module ImgMediaFactory (370)
[2019.11.23-21.07.17:485][  1]LogModuleManager: Shutting down and abandoning module AvfMediaFactory (368)
[2019.11.23-21.07.17:485][  1]LogModuleManager: Shutting down and abandoning module MagicLeapCameraPreviewFactory (366)
[2019.11.23-21.07.17:485][  1]LogModuleManager: Shutting down and abandoning module MagicLeapMediaCodecFactory (364)
[2019.11.23-21.07.17:485][  1]LogModuleManager: Shutting down and abandoning module MagicLeapMediaFactory (362)
[2019.11.23-21.07.17:485][  1]LogModuleManager: Shutting down and abandoning module CharacterAI (360)
[2019.11.23-21.07.17:485][  1]LogModuleManager: Shutting down and abandoning module SessionServices (358)
[2019.11.23-21.07.17:485][  1]LogModuleManager: Shutting down and abandoning module MovieSceneCapture (356)
[2019.11.23-21.07.17:485][  1]LogModuleManager: Shutting down and abandoning module LiveCoding (354)
[2019.11.23-21.07.17:486][  1]LogModuleManager: Shutting down and abandoning module LevelSequence (352)
[2019.11.23-21.07.17:486][  1]LogModuleManager: Shutting down and abandoning module MovieSceneTracks (350)
[2019.11.23-21.07.17:486][  1]LogModuleManager: Shutting down and abandoning module MovieScene (348)
[2019.11.23-21.07.17:487][  1]LogModuleManager: Shutting down and abandoning module StreamingPauseRendering (346)
[2019.11.23-21.07.17:487][  1]LogModuleManager: Shutting down and abandoning module PortalServices (344)
[2019.11.23-21.07.17:487][  1]LogModuleManager: Shutting down and abandoning module PortalRpc (342)
[2019.11.23-21.07.17:487][  1]LogModuleManager: Shutting down and abandoning module MessagingRpc (340)
[2019.11.23-21.07.17:487][  1]LogModuleManager: Shutting down and abandoning module ImageWriteQueue (338)
[2019.11.23-21.07.17:489][  1]LogModuleManager: Shutting down and abandoning module ProfilerService (336)
[2019.11.23-21.07.17:650][  1]LogModuleManager: Shutting down and abandoning module TaskGraph (334)
[2019.11.23-21.07.17:651][  1]LogModuleManager: Shutting down and abandoning module SteamVRController (332)
[2019.11.23-21.07.17:651][  1]LogModuleManager: Shutting down and abandoning module ProceduralMeshComponent (330)
[2019.11.23-21.07.17:652][  1]LogModuleManager: Shutting down and abandoning module OculusInput (328)
[2019.11.23-21.07.17:652][  1]LogModuleManager: Shutting down and abandoning module MobilePatchingUtils (326)
[2019.11.23-21.07.17:652][  1]LogModuleManager: Shutting down and abandoning module EditableMesh (324)
[2019.11.23-21.07.17:652][  1]LogModuleManager: Shutting down and abandoning module CustomMeshComponent (322)
[2019.11.23-21.07.17:652][  1]LogModuleManager: Shutting down and abandoning module CableComponent (320)
[2019.11.23-21.07.17:653][  1]LogModuleManager: Shutting down and abandoning module AudioCapture (318)
[2019.11.23-21.07.17:653][  1]LogModuleManager: Shutting down and abandoning module ArchVisCharacter (316)
[2019.11.23-21.07.17:653][  1]LogModuleManager: Shutting down and abandoning module AndroidPermission (314)
[2019.11.23-21.07.17:653][  1]LogModuleManager: Shutting down and abandoning module NUTUnrealEngine4 (312)
[2019.11.23-21.07.17:653][  1]LogModuleManager: Shutting down and abandoning module NetcodeUnitTest (310)
[2019.11.23-21.07.17:654][  1]LogModuleManager: Shutting down and abandoning module MediaCompositing (308)
[2019.11.23-21.07.17:654][  1]LogModuleManager: Shutting down and abandoning module LinearTimecode (306)
[2019.11.23-21.07.17:654][  1]LogModuleManager: Shutting down and abandoning module ImgMedia (304)
[2019.11.23-21.07.17:654][  1]LogModuleManager: Shutting down and abandoning module MagicLeapHelperVulkan (302)
[2019.11.23-21.07.17:654][  1]LogModuleManager: Shutting down and abandoning module MagicLeapHelperOpenGL (300)
[2019.11.23-21.07.17:655][  1]LogModuleManager: Shutting down and abandoning module MagicLeapAudio (298)
[2019.11.23-21.07.17:655][  1]LogModuleManager: Shutting down and abandoning module HTML5Networking (296)
[2019.11.23-21.07.17:655][  1]LogModuleManager: Shutting down and abandoning module GeometryCacheTracks (294)
[2019.11.23-21.07.17:655][  1]LogModuleManager: Shutting down and abandoning module GeometryCacheSequencer (293)
[2019.11.23-21.07.17:655][  1]LogModuleManager: Shutting down and abandoning module GeometryCache (290)
[2019.11.23-21.07.17:655][  1]LogModuleManager: Shutting down and abandoning module GeometryCacheEd (289)
[2019.11.23-21.07.17:655][  1]LogModuleManager: Shutting down and abandoning module BackChannel (286)
[2019.11.23-21.07.17:655][  1]LogModuleManager: Shutting down and abandoning module AppleVision (284)
[2019.11.23-21.07.17:655][  1]LogModuleManager: Shutting down and abandoning module AppleImageUtilsBlueprintSupport (282)
[2019.11.23-21.07.17:655][  1]LogModuleManager: Shutting down and abandoning module AppleImageUtils (280)
[2019.11.23-21.07.17:655][  1]LogModuleManager: Shutting down and abandoning module VariantManagerContent (278)
[2019.11.23-21.07.17:656][  1]LogModuleManager: Shutting down and abandoning module CryptoKeysOpenSSL (276)
[2019.11.23-21.07.17:656][  1]LogModuleManager: Shutting down and abandoning module CryptoKeys (274)
[2019.11.23-21.07.17:656][  1]LogModuleManager: Shutting down and abandoning module VisualStudioSourceCodeAccess (272)
[2019.11.23-21.07.17:656][  1]LogModuleManager: Shutting down and abandoning module HotReload (271)
[2019.11.23-21.07.17:656][  1]LogModuleManager: Shutting down and abandoning module DirectoryWatcher (270)
[2019.11.23-21.07.17:656][  1]LogModuleManager: Shutting down and abandoning module VisualStudioCodeSourceCodeAccess (266)
[2019.11.23-21.07.17:656][  1]LogModuleManager: Shutting down and abandoning module UObjectPlugin (264)
[2019.11.23-21.07.17:656][  1]LogModuleManager: Shutting down and abandoning module SubversionSourceControl (262)
[2019.11.23-21.07.17:658][  1]LogModuleManager: Shutting down and abandoning module PerforceSourceControl (260)
[2019.11.23-21.07.17:659][  1]LogModuleManager: Shutting down and abandoning module SourceControl (259)
[2019.11.23-21.07.17:660][  1]LogModuleManager: Shutting down and abandoning module CLionSourceCodeAccess (256)
[2019.11.23-21.07.17:660][  1]LogModuleManager: Shutting down and abandoning module ActorLayerUtilities (254)
[2019.11.23-21.07.17:660][  1]LogModuleManager: Shutting down and abandoning module SignificanceManager (252)
[2019.11.23-21.07.17:660][  1]LogModuleManager: Shutting down and abandoning module RuntimePhysXCooking (250)
[2019.11.23-21.07.17:660][  1]LogModuleManager: Shutting down and abandoning module PhysXVehiclesEditor (248)
[2019.11.23-21.07.17:660][  1]LogModuleManager: Shutting down and abandoning module PhysXVehicles (246)
[2019.11.23-21.07.17:660][  1]LogModuleManager: Shutting down and abandoning module LocationServicesBPLibrary (244)
[2019.11.23-21.07.17:660][  1]LogModuleManager: Shutting down and abandoning module ActorSequence (242)
[2019.11.23-21.07.17:660][  1]LogModuleManager: Shutting down and abandoning module UdpMessaging (240)
[2019.11.23-21.07.17:761][  1]LogModuleManager: Shutting down and abandoning module TcpMessaging (238)
[2019.11.23-21.07.18:193][  1]LogModuleManager: Shutting down and abandoning module MagicLeapIdentity (236)
[2019.11.23-21.07.18:193][  1]LogModuleManager: Shutting down and abandoning module MagicLeapSecureStorage (234)
[2019.11.23-21.07.18:193][  1]LogModuleManager: Shutting down and abandoning module MagicLeapHandTracking (232)
[2019.11.23-21.07.18:194][  1]LogModuleManager: Shutting down and abandoning module MagicLeapEyeTracker (230)
[2019.11.23-21.07.18:194][  1]LogModuleManager: Shutting down and abandoning module MagicLeapController (228)
[2019.11.23-21.07.18:195][  1]LogSlate: Slate User Destroyed.  User Index 0, Is Virtual User: 0
[2019.11.23-21.07.18:195][  1]LogModuleManager: Shutting down and abandoning module MagicLeapAR (226)
[2019.11.23-21.07.18:195][  1]LogModuleManager: Shutting down and abandoning module AugmentedReality (225)
[2019.11.23-21.07.18:195][  1]LogModuleManager: Shutting down and abandoning module GameplayTagsEditor (222)
[2019.11.23-21.07.18:195][  1]LogModuleManager: Shutting down and abandoning module FacialAnimation (220)
[2019.11.23-21.07.18:195][  1]LogModuleManager: Shutting down and abandoning module DataValidation (218)
[2019.11.23-21.07.18:195][  1]LogModuleManager: Shutting down and abandoning module AssetManagerEditor (216)
[2019.11.23-21.07.18:197][  1]LogModuleManager: Shutting down and abandoning module TreeMap (215)
[2019.11.23-21.07.18:197][  1]LogModuleManager: Shutting down and abandoning module AnimationSharing (212)
[2019.11.23-21.07.18:197][  1]LogModuleManager: Shutting down and abandoning module LightPropagationVolumeRuntime (210)
[2019.11.23-21.07.18:197][  1]LogModuleManager: Shutting down and abandoning module AISupportModule (208)
[2019.11.23-21.07.18:197][  1]LogModuleManager: Shutting down and abandoning module Paper2D (206)
[2019.11.23-21.07.18:198][  1]LogModuleManager: Shutting down and abandoning module WindowsMoviePlayer (204)
[2019.11.23-21.07.18:198][  1]LogModuleManager: Shutting down and abandoning module WebMMoviePlayer (202)
[2019.11.23-21.07.18:199][  1]LogModuleManager: Shutting down and abandoning module PacketHandler (200)
[2019.11.23-21.07.18:199][  1]LogModuleManager: Shutting down and abandoning module ClothingSystemEditor (198)
[2019.11.23-21.07.18:199][  1]LogModuleManager: Shutting down and abandoning module ClothingSystemRuntime (196)
[2019.11.23-21.07.18:199][  1]LogModuleManager: Shutting down and abandoning module MediaAssets (194)
[2019.11.23-21.07.18:199][  1]LogModuleManager: Shutting down and abandoning module Overlay (192)
[2019.11.23-21.07.18:199][  1]LogModuleManager: Shutting down and abandoning module OverlayEditor (191)
[2019.11.23-21.07.18:199][  1]LogModuleManager: Shutting down and abandoning module VREditor (188)
[2019.11.23-21.07.18:200][  1]LogModuleManager: Shutting down and abandoning module StringTableEditor (186)
[2019.11.23-21.07.18:201][  1]LogModuleManager: Shutting down and abandoning module GameplayTasksEditor (184)
[2019.11.23-21.07.18:201][  1]LogModuleManager: Shutting down and abandoning module BehaviorTreeEditor (182)
[2019.11.23-21.07.18:203][  1]LogModuleManager: Shutting down and abandoning module FunctionalTesting (180)
[2019.11.23-21.07.18:203][  1]LogModuleManager: Shutting down and abandoning module CollisionAnalyzer (178)
[2019.11.23-21.07.18:205][  1]LogModuleManager: Shutting down and abandoning module WorkspaceMenuStructure (177)
[2019.11.23-21.07.18:205][  1]LogModuleManager: Shutting down and abandoning module UMG (174)
[2019.11.23-21.07.18:205][  1]LogModuleManager: Shutting down and abandoning module UMGEditor (173)
[2019.11.23-21.07.18:206][  1]LogModuleManager: Shutting down and abandoning module Sequencer (172)
[2019.11.23-21.07.18:208][  1]LogModuleManager: Shutting down and abandoning module MessageLog (169)
[2019.11.23-21.07.18:208][  1]LogModuleManager: Shutting down and abandoning module SlateReflector (164)
[2019.11.23-21.07.18:210][  1]LogModuleManager: Shutting down and abandoning module Slate (162)
[2019.11.23-21.07.18:210][  1]LogModuleManager: Shutting down and abandoning module EditorStyle (160)
[2019.11.23-21.07.18:211][  1]LogModuleManager: Shutting down and abandoning module UnrealEd (158)
[2019.11.23-21.07.18:212][  1]LogModuleManager: Shutting down and abandoning module MRMesh (156)
[2019.11.23-21.07.18:212][  1]LogModuleManager: Shutting down and abandoning module Messaging (154)
[2019.11.23-21.07.18:212][  1]LogModuleManager: Shutting down and abandoning module SourceCodeAccess (152)
[2019.11.23-21.07.18:212][  1]LogModuleManager: Shutting down and abandoning module HeadMountedDisplay (150)
[2019.11.23-21.07.18:212][  1]LogModuleManager: Shutting down and abandoning module XAudio2 (148)
[2019.11.23-21.07.18:212][  1]LogModuleManager: Shutting down and abandoning module Networking (146)
[2019.11.23-21.07.18:212][  1]LogModuleManager: Shutting down and abandoning module Core (144)
[2019.11.23-21.07.18:212][  1]LogModuleManager: Shutting down and abandoning module KismetCompiler (142)
[2019.11.23-21.07.18:212][  1]LogModuleManager: Shutting down and abandoning module MeshUtilities (140)
[2019.11.23-21.07.18:212][  1]LogModuleManager: Shutting down and abandoning module MeshMergeUtilities (139)
[2019.11.23-21.07.18:212][  1]LogModuleManager: Shutting down and abandoning module MeshReductionInterface (138)
[2019.11.23-21.07.18:212][  1]LogModuleManager: Shutting down and abandoning module SkeletalMeshReduction (137)
[2019.11.23-21.07.18:213][  1]LogModuleManager: Shutting down and abandoning module ProxyLODMeshReduction (135)
[2019.11.23-21.07.18:214][  1]LogModuleManager: Shutting down and abandoning module QuadricMeshReduction (133)
[2019.11.23-21.07.18:214][  1]LogModuleManager: Shutting down and abandoning module MaterialBaking (129)
[2019.11.23-21.07.18:214][  1]LogModuleManager: Shutting down and abandoning module PIEPreviewDeviceProfileSelector (124)
[2019.11.23-21.07.18:215][  1]LogModuleManager: Shutting down and abandoning module DerivedDataCache (122)
[2019.11.23-21.07.18:527][  1]LogDerivedDataCache: Shutdown
[2019.11.23-21.07.18:528][  1]LogModuleManager: Shutting down and abandoning module XGEController (120)
[2019.11.23-21.07.18:528][  1]LogModuleManager: Shutting down and abandoning module TargetPlatform (118)
[2019.11.23-21.07.18:528][  1]LogModuleManager: Shutting down and abandoning module VulkanShaderFormat (117)
[2019.11.23-21.07.18:529][  1]LogModuleManager: Shutting down and abandoning module ShaderFormatVectorVM (115)
[2019.11.23-21.07.18:529][  1]LogModuleManager: Shutting down and abandoning module ShaderFormatOpenGL (113)
[2019.11.23-21.07.18:530][  1]LogModuleManager: Shutting down and abandoning module ShaderFormatD3D (111)
[2019.11.23-21.07.18:530][  1]LogModuleManager: Shutting down and abandoning module MetalShaderFormat (109)
[2019.11.23-21.07.18:531][  1]LogModuleManager: Shutting down and abandoning module TextureFormatUncompressed (107)
[2019.11.23-21.07.18:531][  1]LogModuleManager: Shutting down and abandoning module TextureFormatPVR (105)
[2019.11.23-21.07.18:531][  1]LogModuleManager: Shutting down and abandoning module TextureFormatDXT (103)
[2019.11.23-21.07.18:531][  1]LogModuleManager: Shutting down and abandoning module TextureFormatIntelISPCTexComp (101)
[2019.11.23-21.07.18:531][  1]LogModuleManager: Shutting down and abandoning module TextureFormatASTC (99)
[2019.11.23-21.07.18:531][  1]LogModuleManager: Shutting down and abandoning module ImageWrapper (98)
[2019.11.23-21.07.18:531][  1]LogModuleManager: Shutting down and abandoning module TextureFormatAndroid (95)
[2019.11.23-21.07.18:531][  1]LogModuleManager: Shutting down and abandoning module AudioFormatOpus (93)
[2019.11.23-21.07.18:532][  1]LogModuleManager: Shutting down and abandoning module AudioFormatOgg (91)
[2019.11.23-21.07.18:532][  1]LogModuleManager: Shutting down and abandoning module AudioFormatADPCM (89)
[2019.11.23-21.07.18:532][  1]LogModuleManager: Shutting down and abandoning module WindowsTargetPlatform (87)
[2019.11.23-21.07.18:532][  1]LogModuleManager: Shutting down and abandoning module WindowsServerTargetPlatform (85)
[2019.11.23-21.07.18:532][  1]LogModuleManager: Shutting down and abandoning module WindowsNoEditorTargetPlatform (83)
[2019.11.23-21.07.18:532][  1]LogModuleManager: Shutting down and abandoning module WindowsClientTargetPlatform (81)
[2019.11.23-21.07.18:532][  1]LogModuleManager: Shutting down and abandoning module InputCore (78)
[2019.11.23-21.07.18:532][  1]LogModuleManager: Shutting down and abandoning module Settings (76)
[2019.11.23-21.07.18:532][  1]LogModuleManager: Shutting down and abandoning module PhysXCooking (74)
[2019.11.23-21.07.18:532][  1]LogModuleManager: Shutting down and abandoning module SteamVR (72)
[2019.11.23-21.07.18:532][  1]LogHMD: Freeing OpenVRDLLHandle.
[2019.11.23-21.07.18:532][  1]LogModuleManager: Shutting down and abandoning module OculusHMD (70)
[2019.11.23-21.07.18:533][  1]LogModuleManager: Shutting down and abandoning module ExampleDeviceProfileSelector (68)
[2019.11.23-21.07.18:533][  1]LogModuleManager: Shutting down and abandoning module LauncherChunkInstaller (66)
[2019.11.23-21.07.18:533][  1]LogModuleManager: Shutting down and abandoning module OnlineBlueprintSupport (64)
[2019.11.23-21.07.18:533][  1]LogModuleManager: Shutting down and abandoning module OnlineSubsystem (60)
[2019.11.23-21.07.18:535][  1]LogModuleManager: Shutting down and abandoning module XMPP (55)
[2019.11.23-21.07.18:536][  1]LogModuleManager: Shutting down and abandoning module WebSockets (54)
[2019.11.23-21.07.18:565][  1]LogModuleManager: Shutting down and abandoning module HTTP (51)
[2019.11.23-21.07.18:572][  1]LogModuleManager: Shutting down and abandoning module SSL (50)
[2019.11.23-21.07.18:574][  1]LogModuleManager: Shutting down and abandoning module WmfMedia (46)
[2019.11.23-21.07.18:577][  1]LogModuleManager: Shutting down and abandoning module Media (45)
[2019.11.23-21.07.18:583][  1]LogModuleManager: Shutting down and abandoning module MagicLeap (42)
[2019.11.23-21.07.18:584][  1]LogModuleManager: Shutting down and abandoning module DatasmithContent (40)
[2019.11.23-21.07.18:584][  1]LogModuleManager: Shutting down and abandoning module AnimationModifiers (38)
[2019.11.23-21.07.18:585][  1]LogModuleManager: Shutting down and abandoning module PropertyEditor (37)
[2019.11.23-21.07.18:586][  1]LogModuleManager: Shutting down and abandoning module AudioEditor (34)
[2019.11.23-21.07.18:587][  1]LogModuleManager: Shutting down and abandoning module TextureCompressor (32)
[2019.11.23-21.07.18:588][  1]LogModuleManager: Shutting down and abandoning module RenderCore (30)
[2019.11.23-21.07.18:588][  1]LogModuleManager: Shutting down and abandoning module Landscape (28)
[2019.11.23-21.07.18:588][  1]LogModuleManager: Shutting down and abandoning module SlateRHIRenderer (26)
[2019.11.23-21.07.18:589][  1]LogModuleManager: Shutting down and abandoning module OpenGLDrv (24)
[2019.11.23-21.07.18:589][  1]LogModuleManager: Shutting down and abandoning module D3D11RHI (22)
[2019.11.23-21.07.18:589][  1]LogModuleManager: Shutting down and abandoning module AnimGraphRuntime (20)
[2019.11.23-21.07.18:590][  1]LogModuleManager: Shutting down and abandoning module Renderer (18)
[2019.11.23-21.07.18:590][  1]LogModuleManager: Shutting down and abandoning module Engine (16)
[2019.11.23-21.07.18:590][  1]LogModuleManager: Shutting down and abandoning module CoreUObject (14)
[2019.11.23-21.07.18:590][  1]LogModuleManager: Shutting down and abandoning module NetworkFile (12)
[2019.11.23-21.07.18:590][  1]LogModuleManager: Shutting down and abandoning module CookedIterativeFile (10)
[2019.11.23-21.07.18:590][  1]LogModuleManager: Shutting down and abandoning module StreamingFile (8)
[2019.11.23-21.07.18:590][  1]LogModuleManager: Shutting down and abandoning module SandboxFile (6)
[2019.11.23-21.07.18:590][  1]LogModuleManager: Shutting down and abandoning module PakFile (4)
[2019.11.23-21.07.18:591][  1]LogModuleManager: Shutting down and abandoning module RSA (3)
[2019.11.23-21.07.18:595][  1]LogExit: Exiting.
[2019.11.23-21.07.18:607][  1]Log file closed, 11/23/19 18:07:18
